{"/Users/wen/Desktop/work/vue/edit/node_modules/x-spreadsheet-master/src/core/alphabet.js":{"path":"/Users/wen/Desktop/work/vue/edit/node_modules/x-spreadsheet-master/src/core/alphabet.js","statementMap":{"0":{"start":{"line":1,"column":18},"end":{"line":1,"column":148}},"1":{"start":{"line":4,"column":12},"end":{"line":4,"column":14}},"2":{"start":{"line":5,"column":15},"end":{"line":5,"column":20}},"3":{"start":{"line":6,"column":2},"end":{"line":10,"column":3}},"4":{"start":{"line":7,"column":4},"end":{"line":7,"column":31}},"5":{"start":{"line":8,"column":4},"end":{"line":8,"column":16}},"6":{"start":{"line":9,"column":4},"end":{"line":9,"column":62}},"7":{"start":{"line":11,"column":15},"end":{"line":11,"column":39}},"8":{"start":{"line":12,"column":2},"end":{"line":12,"column":25}},"9":{"start":{"line":13,"column":2},"end":{"line":13,"column":13}},"10":{"start":{"line":17,"column":12},"end":{"line":17,"column":13}},"11":{"start":{"line":18,"column":2},"end":{"line":22,"column":3}},"12":{"start":{"line":18,"column":15},"end":{"line":18,"column":16}},"13":{"start":{"line":19,"column":19},"end":{"line":19,"column":41}},"14":{"start":{"line":20,"column":20},"end":{"line":20,"column":38}},"15":{"start":{"line":21,"column":4},"end":{"line":21,"column":71}},"16":{"start":{"line":23,"column":2},"end":{"line":23,"column":45}},"17":{"start":{"line":24,"column":2},"end":{"line":24,"column":13}},"18":{"start":{"line":29,"column":10},"end":{"line":29,"column":12}},"19":{"start":{"line":30,"column":10},"end":{"line":30,"column":12}},"20":{"start":{"line":31,"column":2},"end":{"line":37,"column":3}},"21":{"start":{"line":31,"column":15},"end":{"line":31,"column":16}},"22":{"start":{"line":32,"column":4},"end":{"line":36,"column":5}},"23":{"start":{"line":33,"column":6},"end":{"line":33,"column":25}},"24":{"start":{"line":35,"column":6},"end":{"line":35,"column":25}},"25":{"start":{"line":38,"column":2},"end":{"line":38,"column":43}},"26":{"start":{"line":42,"column":17},"end":{"line":42,"column":29}},"27":{"start":{"line":43,"column":2},"end":{"line":43,"column":37}},"28":{"start":{"line":48,"column":2},"end":{"line":48,"column":34}}},"fnMap":{"0":{"name":"stringAt","decl":{"start":{"line":3,"column":16},"end":{"line":3,"column":24}},"loc":{"start":{"line":3,"column":32},"end":{"line":14,"column":1}},"line":3},"1":{"name":"indexAt","decl":{"start":{"line":16,"column":17},"end":{"line":16,"column":24}},"loc":{"start":{"line":16,"column":30},"end":{"line":25,"column":1}},"line":16},"2":{"name":"expr2xy","decl":{"start":{"line":28,"column":16},"end":{"line":28,"column":23}},"loc":{"start":{"line":28,"column":29},"end":{"line":39,"column":1}},"line":28},"3":{"name":"expr2expr","decl":{"start":{"line":41,"column":16},"end":{"line":41,"column":25}},"loc":{"start":{"line":41,"column":39},"end":{"line":44,"column":1}},"line":41},"4":{"name":"xy2expr","decl":{"start":{"line":47,"column":16},"end":{"line":47,"column":23}},"loc":{"start":{"line":47,"column":30},"end":{"line":49,"column":1}},"line":47}},"branchMap":{"0":{"loc":{"start":{"line":32,"column":4},"end":{"line":36,"column":5}},"type":"if","locations":[{"start":{"line":32,"column":4},"end":{"line":36,"column":5}},{"start":{"line":32,"column":4},"end":{"line":36,"column":5}}],"line":32},"1":{"loc":{"start":{"line":32,"column":8},"end":{"line":32,"column":52}},"type":"binary-expr","locations":[{"start":{"line":32,"column":8},"end":{"line":32,"column":28}},{"start":{"line":32,"column":32},"end":{"line":32,"column":52}}],"line":32}},"s":{"0":0,"1":0,"2":0,"3":0,"4":0,"5":0,"6":0,"7":0,"8":0,"9":0,"10":0,"11":0,"12":0,"13":0,"14":0,"15":0,"16":0,"17":0,"18":0,"19":0,"20":0,"21":0,"22":0,"23":0,"24":0,"25":0,"26":0,"27":0,"28":0},"f":{"0":0,"1":0,"2":0,"3":0,"4":0},"b":{"0":[0,0],"1":[0,0]}},"/Users/wen/Desktop/work/vue/edit/node_modules/x-spreadsheet-master/src/core/auto_filter.js":{"path":"/Users/wen/Desktop/work/vue/edit/node_modules/x-spreadsheet-master/src/core/auto_filter.js","statementMap":{"0":{"start":{"line":8,"column":8},"end":{"line":8,"column":21}},"1":{"start":{"line":9,"column":8},"end":{"line":9,"column":33}},"2":{"start":{"line":10,"column":8},"end":{"line":10,"column":27}},"3":{"start":{"line":14,"column":8},"end":{"line":14,"column":33}},"4":{"start":{"line":15,"column":8},"end":{"line":15,"column":27}},"5":{"start":{"line":19,"column":34},"end":{"line":19,"column":38}},"6":{"start":{"line":20,"column":8},"end":{"line":22,"column":9}},"7":{"start":{"line":21,"column":12},"end":{"line":21,"column":24}},"8":{"start":{"line":23,"column":8},"end":{"line":25,"column":9}},"9":{"start":{"line":24,"column":12},"end":{"line":24,"column":37}},"10":{"start":{"line":26,"column":8},"end":{"line":26,"column":21}},"11":{"start":{"line":30,"column":34},"end":{"line":30,"column":38}},"12":{"start":{"line":31,"column":8},"end":{"line":33,"column":9}},"13":{"start":{"line":32,"column":12},"end":{"line":32,"column":32}},"14":{"start":{"line":34,"column":8},"end":{"line":34,"column":17}},"15":{"start":{"line":39,"column":38},"end":{"line":39,"column":42}},"16":{"start":{"line":40,"column":8},"end":{"line":40,"column":37}},"17":{"start":{"line":46,"column":8},"end":{"line":46,"column":21}},"18":{"start":{"line":47,"column":8},"end":{"line":47,"column":27}},"19":{"start":{"line":51,"column":8},"end":{"line":51,"column":36}},"20":{"start":{"line":55,"column":8},"end":{"line":55,"column":37}},"21":{"start":{"line":61,"column":8},"end":{"line":61,"column":24}},"22":{"start":{"line":62,"column":8},"end":{"line":62,"column":26}},"23":{"start":{"line":63,"column":8},"end":{"line":63,"column":25}},"24":{"start":{"line":65,"column":8},"end":{"line":65,"column":23}},"25":{"start":{"line":69,"column":8},"end":{"line":75,"column":9}},"26":{"start":{"line":70,"column":12},"end":{"line":70,"column":27}},"27":{"start":{"line":71,"column":12},"end":{"line":71,"column":87}},"28":{"start":{"line":71,"column":45},"end":{"line":71,"column":85}},"29":{"start":{"line":72,"column":12},"end":{"line":74,"column":13}},"30":{"start":{"line":73,"column":16},"end":{"line":73,"column":58}},"31":{"start":{"line":79,"column":8},"end":{"line":82,"column":9}},"32":{"start":{"line":80,"column":41},"end":{"line":80,"column":45}},"33":{"start":{"line":81,"column":12},"end":{"line":81,"column":73}},"34":{"start":{"line":81,"column":52},"end":{"line":81,"column":64}},"35":{"start":{"line":83,"column":8},"end":{"line":83,"column":18}},"36":{"start":{"line":87,"column":23},"end":{"line":87,"column":41}},"37":{"start":{"line":88,"column":8},"end":{"line":92,"column":9}},"38":{"start":{"line":89,"column":12},"end":{"line":89,"column":63}},"39":{"start":{"line":91,"column":12},"end":{"line":91,"column":40}},"40":{"start":{"line":96,"column":8},"end":{"line":96,"column":25}},"41":{"start":{"line":100,"column":8},"end":{"line":100,"column":55}},"42":{"start":{"line":104,"column":8},"end":{"line":106,"column":9}},"43":{"start":{"line":105,"column":12},"end":{"line":105,"column":50}},"44":{"start":{"line":107,"column":8},"end":{"line":107,"column":21}},"45":{"start":{"line":111,"column":8},"end":{"line":123,"column":9}},"46":{"start":{"line":111,"column":22},"end":{"line":111,"column":23}},"47":{"start":{"line":112,"column":45},"end":{"line":112,"column":58}},"48":{"start":{"line":113,"column":12},"end":{"line":122,"column":13}},"49":{"start":{"line":113,"column":25},"end":{"line":113,"column":27}},"50":{"start":{"line":114,"column":16},"end":{"line":114,"column":57}},"51":{"start":{"line":115,"column":16},"end":{"line":121,"column":17}},"52":{"start":{"line":116,"column":20},"end":{"line":116,"column":44}},"53":{"start":{"line":117,"column":20},"end":{"line":117,"column":47}},"54":{"start":{"line":118,"column":23},"end":{"line":121,"column":17}},"55":{"start":{"line":119,"column":20},"end":{"line":119,"column":47}},"56":{"start":{"line":120,"column":20},"end":{"line":120,"column":48}},"57":{"start":{"line":125,"column":8},"end":{"line":125,"column":28}},"58":{"start":{"line":129,"column":16},"end":{"line":129,"column":21}},"59":{"start":{"line":131,"column":8},"end":{"line":136,"column":9}},"60":{"start":{"line":131,"column":21},"end":{"line":131,"column":22}},"61":{"start":{"line":132,"column":27},"end":{"line":132,"column":39}},"62":{"start":{"line":133,"column":12},"end":{"line":135,"column":13}},"63":{"start":{"line":134,"column":16},"end":{"line":134,"column":25}},"64":{"start":{"line":138,"column":8},"end":{"line":138,"column":17}},"65":{"start":{"line":142,"column":23},"end":{"line":142,"column":27}},"66":{"start":{"line":143,"column":8},"end":{"line":145,"column":9}},"67":{"start":{"line":144,"column":12},"end":{"line":144,"column":24}},"68":{"start":{"line":146,"column":8},"end":{"line":146,"column":20}},"69":{"start":{"line":150,"column":26},"end":{"line":150,"column":30}},"70":{"start":{"line":151,"column":8},"end":{"line":155,"column":9}},"71":{"start":{"line":151,"column":21},"end":{"line":151,"column":22}},"72":{"start":{"line":152,"column":12},"end":{"line":154,"column":13}},"73":{"start":{"line":153,"column":16},"end":{"line":153,"column":34}},"74":{"start":{"line":156,"column":8},"end":{"line":156,"column":20}},"75":{"start":{"line":162,"column":21},"end":{"line":162,"column":30}},"76":{"start":{"line":163,"column":21},"end":{"line":163,"column":30}},"77":{"start":{"line":164,"column":8},"end":{"line":180,"column":9}},"78":{"start":{"line":165,"column":31},"end":{"line":165,"column":43}},"79":{"start":{"line":166,"column":30},"end":{"line":166,"column":34}},"80":{"start":{"line":167,"column":12},"end":{"line":179,"column":13}},"81":{"start":{"line":167,"column":26},"end":{"line":167,"column":33}},"82":{"start":{"line":168,"column":16},"end":{"line":178,"column":17}},"83":{"start":{"line":168,"column":29},"end":{"line":168,"column":30}},"84":{"start":{"line":169,"column":35},"end":{"line":169,"column":45}},"85":{"start":{"line":170,"column":33},"end":{"line":170,"column":55}},"86":{"start":{"line":171,"column":34},"end":{"line":171,"column":55}},"87":{"start":{"line":172,"column":20},"end":{"line":177,"column":21}},"88":{"start":{"line":173,"column":24},"end":{"line":173,"column":37}},"89":{"start":{"line":174,"column":24},"end":{"line":174,"column":30}},"90":{"start":{"line":176,"column":24},"end":{"line":176,"column":37}},"91":{"start":{"line":182,"column":8},"end":{"line":182,"column":28}},"92":{"start":{"line":186,"column":18},"end":{"line":186,"column":20}},"93":{"start":{"line":187,"column":8},"end":{"line":199,"column":9}},"94":{"start":{"line":188,"column":31},"end":{"line":188,"column":43}},"95":{"start":{"line":189,"column":12},"end":{"line":198,"column":13}},"96":{"start":{"line":189,"column":26},"end":{"line":189,"column":33}},"97":{"start":{"line":190,"column":29},"end":{"line":190,"column":44}},"98":{"start":{"line":191,"column":16},"end":{"line":197,"column":17}},"99":{"start":{"line":192,"column":32},"end":{"line":192,"column":41}},"100":{"start":{"line":193,"column":32},"end":{"line":193,"column":49}},"101":{"start":{"line":194,"column":20},"end":{"line":194,"column":33}},"102":{"start":{"line":196,"column":20},"end":{"line":196,"column":45}},"103":{"start":{"line":200,"column":8},"end":{"line":200,"column":17}},"104":{"start":{"line":204,"column":8},"end":{"line":204,"column":43}},"105":{"start":{"line":208,"column":18},"end":{"line":208,"column":30}},"106":{"start":{"line":209,"column":8},"end":{"line":209,"column":40}},"107":{"start":{"line":210,"column":8},"end":{"line":210,"column":22}},"108":{"start":{"line":211,"column":8},"end":{"line":211,"column":17}},"109":{"start":{"line":215,"column":8},"end":{"line":215,"column":24}},"110":{"start":{"line":216,"column":8},"end":{"line":216,"column":26}},"111":{"start":{"line":217,"column":8},"end":{"line":217,"column":25}},"112":{"start":{"line":221,"column":8},"end":{"line":221,"column":33}}},"fnMap":{"0":{"name":"(anonymous_0)","decl":{"start":{"line":7,"column":4},"end":{"line":7,"column":5}},"loc":{"start":{"line":7,"column":37},"end":{"line":11,"column":5}},"line":7},"1":{"name":"(anonymous_1)","decl":{"start":{"line":13,"column":4},"end":{"line":13,"column":5}},"loc":{"start":{"line":13,"column":25},"end":{"line":16,"column":5}},"line":13},"2":{"name":"(anonymous_2)","decl":{"start":{"line":18,"column":4},"end":{"line":18,"column":5}},"loc":{"start":{"line":18,"column":16},"end":{"line":27,"column":5}},"line":18},"3":{"name":"(anonymous_3)","decl":{"start":{"line":29,"column":4},"end":{"line":29,"column":5}},"loc":{"start":{"line":29,"column":14},"end":{"line":35,"column":5}},"line":29},"4":{"name":"(anonymous_4)","decl":{"start":{"line":37,"column":4},"end":{"line":37,"column":5}},"loc":{"start":{"line":37,"column":14},"end":{"line":41,"column":5}},"line":37},"5":{"name":"(anonymous_5)","decl":{"start":{"line":45,"column":4},"end":{"line":45,"column":5}},"loc":{"start":{"line":45,"column":27},"end":{"line":48,"column":5}},"line":45},"6":{"name":"(anonymous_6)","decl":{"start":{"line":50,"column":4},"end":{"line":50,"column":5}},"loc":{"start":{"line":50,"column":10},"end":{"line":52,"column":5}},"line":50},"7":{"name":"(anonymous_7)","decl":{"start":{"line":54,"column":4},"end":{"line":54,"column":5}},"loc":{"start":{"line":54,"column":11},"end":{"line":56,"column":5}},"line":54},"8":{"name":"(anonymous_8)","decl":{"start":{"line":60,"column":4},"end":{"line":60,"column":5}},"loc":{"start":{"line":60,"column":18},"end":{"line":66,"column":5}},"line":60},"9":{"name":"(anonymous_9)","decl":{"start":{"line":68,"column":4},"end":{"line":68,"column":5}},"loc":{"start":{"line":68,"column":34},"end":{"line":76,"column":5}},"line":68},"10":{"name":"(anonymous_10)","decl":{"start":{"line":71,"column":39},"end":{"line":71,"column":40}},"loc":{"start":{"line":71,"column":45},"end":{"line":71,"column":85}},"line":71},"11":{"name":"(anonymous_11)","decl":{"start":{"line":78,"column":4},"end":{"line":78,"column":5}},"loc":{"start":{"line":78,"column":14},"end":{"line":84,"column":5}},"line":78},"12":{"name":"(anonymous_12)","decl":{"start":{"line":81,"column":46},"end":{"line":81,"column":47}},"loc":{"start":{"line":81,"column":52},"end":{"line":81,"column":64}},"line":81},"13":{"name":"(anonymous_13)","decl":{"start":{"line":86,"column":4},"end":{"line":86,"column":5}},"loc":{"start":{"line":86,"column":35},"end":{"line":93,"column":5}},"line":86},"14":{"name":"(anonymous_14)","decl":{"start":{"line":95,"column":4},"end":{"line":95,"column":5}},"loc":{"start":{"line":95,"column":22},"end":{"line":97,"column":5}},"line":95},"15":{"name":"(anonymous_15)","decl":{"start":{"line":99,"column":4},"end":{"line":99,"column":5}},"loc":{"start":{"line":99,"column":23},"end":{"line":101,"column":5}},"line":99},"16":{"name":"(anonymous_16)","decl":{"start":{"line":103,"column":4},"end":{"line":103,"column":5}},"loc":{"start":{"line":103,"column":21},"end":{"line":108,"column":5}},"line":103},"17":{"name":"(anonymous_17)","decl":{"start":{"line":110,"column":4},"end":{"line":110,"column":5}},"loc":{"start":{"line":110,"column":30},"end":{"line":126,"column":5}},"line":110},"18":{"name":"(anonymous_18)","decl":{"start":{"line":128,"column":4},"end":{"line":128,"column":5}},"loc":{"start":{"line":128,"column":24},"end":{"line":139,"column":5}},"line":128},"19":{"name":"(anonymous_19)","decl":{"start":{"line":141,"column":4},"end":{"line":141,"column":5}},"loc":{"start":{"line":141,"column":16},"end":{"line":147,"column":5}},"line":141},"20":{"name":"(anonymous_20)","decl":{"start":{"line":149,"column":4},"end":{"line":149,"column":5}},"loc":{"start":{"line":149,"column":18},"end":{"line":157,"column":5}},"line":149},"21":{"name":"(anonymous_21)","decl":{"start":{"line":159,"column":4},"end":{"line":159,"column":5}},"loc":{"start":{"line":159,"column":26},"end":{"line":183,"column":5}},"line":159},"22":{"name":"(anonymous_22)","decl":{"start":{"line":185,"column":4},"end":{"line":185,"column":5}},"loc":{"start":{"line":185,"column":23},"end":{"line":201,"column":5}},"line":185},"23":{"name":"(anonymous_23)","decl":{"start":{"line":203,"column":4},"end":{"line":203,"column":5}},"loc":{"start":{"line":203,"column":12},"end":{"line":205,"column":5}},"line":203},"24":{"name":"(anonymous_24)","decl":{"start":{"line":207,"column":4},"end":{"line":207,"column":5}},"loc":{"start":{"line":207,"column":13},"end":{"line":212,"column":5}},"line":207},"25":{"name":"(anonymous_25)","decl":{"start":{"line":214,"column":4},"end":{"line":214,"column":5}},"loc":{"start":{"line":214,"column":12},"end":{"line":218,"column":5}},"line":214},"26":{"name":"(anonymous_26)","decl":{"start":{"line":220,"column":4},"end":{"line":220,"column":5}},"loc":{"start":{"line":220,"column":13},"end":{"line":222,"column":5}},"line":220}},"branchMap":{"0":{"loc":{"start":{"line":20,"column":8},"end":{"line":22,"column":9}},"type":"if","locations":[{"start":{"line":20,"column":8},"end":{"line":22,"column":9}},{"start":{"line":20,"column":8},"end":{"line":22,"column":9}}],"line":20},"1":{"loc":{"start":{"line":23,"column":8},"end":{"line":25,"column":9}},"type":"if","locations":[{"start":{"line":23,"column":8},"end":{"line":25,"column":9}},{"start":{"line":23,"column":8},"end":{"line":25,"column":9}}],"line":23},"2":{"loc":{"start":{"line":31,"column":8},"end":{"line":33,"column":9}},"type":"if","locations":[{"start":{"line":31,"column":8},"end":{"line":33,"column":9}},{"start":{"line":31,"column":8},"end":{"line":33,"column":9}}],"line":31},"3":{"loc":{"start":{"line":69,"column":8},"end":{"line":75,"column":9}},"type":"if","locations":[{"start":{"line":69,"column":8},"end":{"line":75,"column":9}},{"start":{"line":69,"column":8},"end":{"line":75,"column":9}}],"line":69},"4":{"loc":{"start":{"line":72,"column":12},"end":{"line":74,"column":13}},"type":"if","locations":[{"start":{"line":72,"column":12},"end":{"line":74,"column":13}},{"start":{"line":72,"column":12},"end":{"line":74,"column":13}}],"line":72},"5":{"loc":{"start":{"line":79,"column":8},"end":{"line":82,"column":9}},"type":"if","locations":[{"start":{"line":79,"column":8},"end":{"line":82,"column":9}},{"start":{"line":79,"column":8},"end":{"line":82,"column":9}}],"line":79},"6":{"loc":{"start":{"line":88,"column":8},"end":{"line":92,"column":9}},"type":"if","locations":[{"start":{"line":88,"column":8},"end":{"line":92,"column":9}},{"start":{"line":88,"column":8},"end":{"line":92,"column":9}}],"line":88},"7":{"loc":{"start":{"line":100,"column":20},"end":{"line":100,"column":54}},"type":"cond-expr","locations":[{"start":{"line":100,"column":28},"end":{"line":100,"column":47}},{"start":{"line":100,"column":50},"end":{"line":100,"column":54}}],"line":100},"8":{"loc":{"start":{"line":104,"column":8},"end":{"line":106,"column":9}},"type":"if","locations":[{"start":{"line":104,"column":8},"end":{"line":106,"column":9}},{"start":{"line":104,"column":8},"end":{"line":106,"column":9}}],"line":104},"9":{"loc":{"start":{"line":115,"column":16},"end":{"line":121,"column":17}},"type":"if","locations":[{"start":{"line":115,"column":16},"end":{"line":121,"column":17}},{"start":{"line":115,"column":16},"end":{"line":121,"column":17}}],"line":115},"10":{"loc":{"start":{"line":115,"column":20},"end":{"line":115,"column":48}},"type":"binary-expr","locations":[{"start":{"line":115,"column":20},"end":{"line":115,"column":35}},{"start":{"line":115,"column":39},"end":{"line":115,"column":48}}],"line":115},"11":{"loc":{"start":{"line":118,"column":23},"end":{"line":121,"column":17}},"type":"if","locations":[{"start":{"line":118,"column":23},"end":{"line":121,"column":17}},{"start":{"line":118,"column":23},"end":{"line":121,"column":17}}],"line":118},"12":{"loc":{"start":{"line":118,"column":27},"end":{"line":118,"column":54}},"type":"binary-expr","locations":[{"start":{"line":118,"column":27},"end":{"line":118,"column":41}},{"start":{"line":118,"column":45},"end":{"line":118,"column":54}}],"line":118},"13":{"loc":{"start":{"line":133,"column":12},"end":{"line":135,"column":13}},"type":"if","locations":[{"start":{"line":133,"column":12},"end":{"line":135,"column":13}},{"start":{"line":133,"column":12},"end":{"line":135,"column":13}}],"line":133},"14":{"loc":{"start":{"line":133,"column":16},"end":{"line":133,"column":38}},"type":"binary-expr","locations":[{"start":{"line":133,"column":16},"end":{"line":133,"column":25}},{"start":{"line":133,"column":29},"end":{"line":133,"column":38}}],"line":133},"15":{"loc":{"start":{"line":143,"column":8},"end":{"line":145,"column":9}},"type":"if","locations":[{"start":{"line":143,"column":8},"end":{"line":145,"column":9}},{"start":{"line":143,"column":8},"end":{"line":145,"column":9}}],"line":143},"16":{"loc":{"start":{"line":143,"column":12},"end":{"line":143,"column":34}},"type":"binary-expr","locations":[{"start":{"line":143,"column":12},"end":{"line":143,"column":16}},{"start":{"line":143,"column":20},"end":{"line":143,"column":34}}],"line":143},"17":{"loc":{"start":{"line":152,"column":12},"end":{"line":154,"column":13}},"type":"if","locations":[{"start":{"line":152,"column":12},"end":{"line":154,"column":13}},{"start":{"line":152,"column":12},"end":{"line":154,"column":13}}],"line":152},"18":{"loc":{"start":{"line":164,"column":8},"end":{"line":180,"column":9}},"type":"if","locations":[{"start":{"line":164,"column":8},"end":{"line":180,"column":9}},{"start":{"line":164,"column":8},"end":{"line":180,"column":9}}],"line":164},"19":{"loc":{"start":{"line":171,"column":34},"end":{"line":171,"column":55}},"type":"cond-expr","locations":[{"start":{"line":171,"column":41},"end":{"line":171,"column":50}},{"start":{"line":171,"column":53},"end":{"line":171,"column":55}}],"line":171},"20":{"loc":{"start":{"line":172,"column":20},"end":{"line":177,"column":21}},"type":"if","locations":[{"start":{"line":172,"column":20},"end":{"line":177,"column":21}},{"start":{"line":172,"column":20},"end":{"line":177,"column":21}}],"line":172},"21":{"loc":{"start":{"line":187,"column":8},"end":{"line":199,"column":9}},"type":"if","locations":[{"start":{"line":187,"column":8},"end":{"line":199,"column":9}},{"start":{"line":187,"column":8},"end":{"line":199,"column":9}}],"line":187},"22":{"loc":{"start":{"line":191,"column":16},"end":{"line":197,"column":17}},"type":"if","locations":[{"start":{"line":191,"column":16},"end":{"line":197,"column":17}},{"start":{"line":191,"column":16},"end":{"line":197,"column":17}}],"line":191},"23":{"loc":{"start":{"line":191,"column":20},"end":{"line":191,"column":61}},"type":"binary-expr","locations":[{"start":{"line":191,"column":20},"end":{"line":191,"column":33}},{"start":{"line":191,"column":37},"end":{"line":191,"column":61}}],"line":191},"24":{"loc":{"start":{"line":193,"column":33},"end":{"line":193,"column":44}},"type":"binary-expr","locations":[{"start":{"line":193,"column":33},"end":{"line":193,"column":39}},{"start":{"line":193,"column":43},"end":{"line":193,"column":44}}],"line":193},"25":{"loc":{"start":{"line":196,"column":29},"end":{"line":196,"column":39}},"type":"binary-expr","locations":[{"start":{"line":196,"column":29},"end":{"line":196,"column":34}},{"start":{"line":196,"column":38},"end":{"line":196,"column":39}}],"line":196}},"s":{"0":0,"1":0,"2":0,"3":0,"4":0,"5":0,"6":0,"7":0,"8":0,"9":0,"10":0,"11":0,"12":0,"13":0,"14":0,"15":0,"16":0,"17":0,"18":0,"19":0,"20":0,"21":0,"22":0,"23":0,"24":0,"25":0,"26":0,"27":0,"28":0,"29":0,"30":0,"31":0,"32":0,"33":0,"34":0,"35":0,"36":0,"37":0,"38":0,"39":0,"40":0,"41":0,"42":0,"43":0,"44":0,"45":0,"46":0,"47":0,"48":0,"49":0,"50":0,"51":0,"52":0,"53":0,"54":0,"55":0,"56":0,"57":0,"58":0,"59":0,"60":0,"61":0,"62":0,"63":0,"64":0,"65":0,"66":0,"67":0,"68":0,"69":0,"70":0,"71":0,"72":0,"73":0,"74":0,"75":0,"76":0,"77":0,"78":0,"79":0,"80":0,"81":0,"82":0,"83":0,"84":0,"85":0,"86":0,"87":0,"88":0,"89":0,"90":0,"91":0,"92":0,"93":0,"94":0,"95":0,"96":0,"97":0,"98":0,"99":0,"100":0,"101":0,"102":0,"103":0,"104":0,"105":0,"106":0,"107":0,"108":0,"109":0,"110":0,"111":0,"112":0},"f":{"0":0,"1":0,"2":0,"3":0,"4":0,"5":0,"6":0,"7":0,"8":0,"9":0,"10":0,"11":0,"12":0,"13":0,"14":0,"15":0,"16":0,"17":0,"18":0,"19":0,"20":0,"21":0,"22":0,"23":0,"24":0,"25":0,"26":0},"b":{"0":[0,0],"1":[0,0],"2":[0,0],"3":[0,0],"4":[0,0],"5":[0,0],"6":[0,0],"7":[0,0],"8":[0,0],"9":[0,0],"10":[0,0],"11":[0,0],"12":[0,0],"13":[0,0],"14":[0,0],"15":[0,0],"16":[0,0],"17":[0,0],"18":[0,0],"19":[0,0],"20":[0,0],"21":[0,0],"22":[0,0],"23":[0,0],"24":[0,0],"25":[0,0]}},"/Users/wen/Desktop/work/vue/edit/node_modules/x-spreadsheet-master/src/core/cell_range.js":{"path":"/Users/wen/Desktop/work/vue/edit/node_modules/x-spreadsheet-master/src/core/cell_range.js","statementMap":{"0":{"start":{"line":5,"column":4},"end":{"line":5,"column":19}},"1":{"start":{"line":6,"column":4},"end":{"line":6,"column":19}},"2":{"start":{"line":7,"column":4},"end":{"line":7,"column":19}},"3":{"start":{"line":8,"column":4},"end":{"line":8,"column":19}},"4":{"start":{"line":9,"column":4},"end":{"line":9,"column":15}},"5":{"start":{"line":10,"column":4},"end":{"line":10,"column":15}},"6":{"start":{"line":14,"column":4},"end":{"line":14,"column":19}},"7":{"start":{"line":15,"column":4},"end":{"line":15,"column":19}},"8":{"start":{"line":16,"column":4},"end":{"line":16,"column":19}},"9":{"start":{"line":17,"column":4},"end":{"line":17,"column":19}},"10":{"start":{"line":21,"column":4},"end":{"line":21,"column":62}},"11":{"start":{"line":27,"column":19},"end":{"line":27,"column":25}},"12":{"start":{"line":28,"column":4},"end":{"line":32,"column":5}},"13":{"start":{"line":29,"column":6},"end":{"line":29,"column":34}},"14":{"start":{"line":30,"column":11},"end":{"line":32,"column":5}},"15":{"start":{"line":31,"column":6},"end":{"line":31,"column":22}},"16":{"start":{"line":35,"column":8},"end":{"line":35,"column":12}},"17":{"start":{"line":36,"column":4},"end":{"line":36,"column":60}},"18":{"start":{"line":39,"column":29},"end":{"line":39,"column":33}},"19":{"start":{"line":42,"column":8},"end":{"line":42,"column":12}},"20":{"start":{"line":43,"column":4},"end":{"line":49,"column":5}},"21":{"start":{"line":43,"column":17},"end":{"line":43,"column":20}},"22":{"start":{"line":44,"column":6},"end":{"line":48,"column":7}},"23":{"start":{"line":45,"column":8},"end":{"line":47,"column":9}},"24":{"start":{"line":45,"column":21},"end":{"line":45,"column":24}},"25":{"start":{"line":46,"column":10},"end":{"line":46,"column":19}},"26":{"start":{"line":53,"column":4},"end":{"line":56,"column":31}},"27":{"start":{"line":61,"column":4},"end":{"line":64,"column":31}},"28":{"start":{"line":69,"column":4},"end":{"line":72,"column":30}},"29":{"start":{"line":77,"column":4},"end":{"line":80,"column":31}},"30":{"start":{"line":87,"column":8},"end":{"line":87,"column":12}},"31":{"start":{"line":88,"column":4},"end":{"line":93,"column":6}},"32":{"start":{"line":102,"column":16},"end":{"line":102,"column":18}},"33":{"start":{"line":103,"column":19},"end":{"line":105,"column":5}},"34":{"start":{"line":104,"column":6},"end":{"line":104,"column":50}},"35":{"start":{"line":108,"column":8},"end":{"line":108,"column":12}},"36":{"start":{"line":109,"column":16},"end":{"line":109,"column":31}},"37":{"start":{"line":110,"column":16},"end":{"line":110,"column":31}},"38":{"start":{"line":111,"column":16},"end":{"line":111,"column":31}},"39":{"start":{"line":112,"column":16},"end":{"line":112,"column":31}},"40":{"start":{"line":113,"column":4},"end":{"line":139,"column":5}},"41":{"start":{"line":114,"column":6},"end":{"line":114,"column":43}},"42":{"start":{"line":115,"column":6},"end":{"line":130,"column":7}},"43":{"start":{"line":116,"column":8},"end":{"line":116,"column":45}},"44":{"start":{"line":117,"column":8},"end":{"line":119,"column":9}},"45":{"start":{"line":118,"column":10},"end":{"line":118,"column":59}},"46":{"start":{"line":120,"column":8},"end":{"line":122,"column":9}},"47":{"start":{"line":121,"column":10},"end":{"line":121,"column":59}},"48":{"start":{"line":124,"column":8},"end":{"line":126,"column":9}},"49":{"start":{"line":125,"column":10},"end":{"line":125,"column":53}},"50":{"start":{"line":127,"column":8},"end":{"line":129,"column":9}},"51":{"start":{"line":128,"column":10},"end":{"line":128,"column":53}},"52":{"start":{"line":131,"column":11},"end":{"line":139,"column":5}},"53":{"start":{"line":132,"column":6},"end":{"line":132,"column":43}},"54":{"start":{"line":133,"column":6},"end":{"line":135,"column":7}},"55":{"start":{"line":134,"column":8},"end":{"line":134,"column":51}},"56":{"start":{"line":136,"column":6},"end":{"line":138,"column":7}},"57":{"start":{"line":137,"column":8},"end":{"line":137,"column":51}},"58":{"start":{"line":140,"column":4},"end":{"line":166,"column":5}},"59":{"start":{"line":141,"column":6},"end":{"line":141,"column":43}},"60":{"start":{"line":142,"column":6},"end":{"line":157,"column":7}},"61":{"start":{"line":143,"column":8},"end":{"line":143,"column":45}},"62":{"start":{"line":144,"column":8},"end":{"line":146,"column":9}},"63":{"start":{"line":145,"column":10},"end":{"line":145,"column":59}},"64":{"start":{"line":147,"column":8},"end":{"line":149,"column":9}},"65":{"start":{"line":148,"column":10},"end":{"line":148,"column":59}},"66":{"start":{"line":151,"column":8},"end":{"line":153,"column":9}},"67":{"start":{"line":152,"column":10},"end":{"line":152,"column":53}},"68":{"start":{"line":154,"column":8},"end":{"line":156,"column":9}},"69":{"start":{"line":155,"column":10},"end":{"line":155,"column":53}},"70":{"start":{"line":158,"column":11},"end":{"line":166,"column":5}},"71":{"start":{"line":159,"column":6},"end":{"line":159,"column":43}},"72":{"start":{"line":160,"column":6},"end":{"line":162,"column":7}},"73":{"start":{"line":161,"column":8},"end":{"line":161,"column":51}},"74":{"start":{"line":163,"column":6},"end":{"line":165,"column":7}},"75":{"start":{"line":164,"column":8},"end":{"line":164,"column":51}},"76":{"start":{"line":167,"column":4},"end":{"line":167,"column":15}},"77":{"start":{"line":171,"column":4},"end":{"line":174,"column":6}},"78":{"start":{"line":180,"column":8},"end":{"line":180,"column":12}},"79":{"start":{"line":181,"column":14},"end":{"line":181,"column":31}},"80":{"start":{"line":182,"column":4},"end":{"line":184,"column":5}},"81":{"start":{"line":183,"column":6},"end":{"line":183,"column":42}},"82":{"start":{"line":185,"column":4},"end":{"line":185,"column":15}},"83":{"start":{"line":191,"column":8},"end":{"line":191,"column":12}},"84":{"start":{"line":192,"column":4},"end":{"line":192,"column":51}},"85":{"start":{"line":202,"column":4},"end":{"line":205,"column":32}},"86":{"start":{"line":210,"column":17},"end":{"line":210,"column":31}},"87":{"start":{"line":211,"column":23},"end":{"line":211,"column":39}},"88":{"start":{"line":212,"column":21},"end":{"line":212,"column":31}},"89":{"start":{"line":213,"column":4},"end":{"line":215,"column":5}},"90":{"start":{"line":214,"column":6},"end":{"line":214,"column":36}},"91":{"start":{"line":216,"column":4},"end":{"line":216,"column":45}}},"fnMap":{"0":{"name":"(anonymous_0)","decl":{"start":{"line":4,"column":2},"end":{"line":4,"column":3}},"loc":{"start":{"line":4,"column":48},"end":{"line":11,"column":3}},"line":4},"1":{"name":"(anonymous_1)","decl":{"start":{"line":13,"column":2},"end":{"line":13,"column":3}},"loc":{"start":{"line":13,"column":26},"end":{"line":18,"column":3}},"line":13},"2":{"name":"(anonymous_2)","decl":{"start":{"line":20,"column":2},"end":{"line":20,"column":3}},"loc":{"start":{"line":20,"column":13},"end":{"line":22,"column":3}},"line":20},"3":{"name":"(anonymous_3)","decl":{"start":{"line":26,"column":2},"end":{"line":26,"column":3}},"loc":{"start":{"line":26,"column":20},"end":{"line":37,"column":3}},"line":26},"4":{"name":"(anonymous_4)","decl":{"start":{"line":39,"column":2},"end":{"line":39,"column":3}},"loc":{"start":{"line":39,"column":35},"end":{"line":50,"column":3}},"line":39},"5":{"name":"(anonymous_5)","decl":{"start":{"line":39,"column":23},"end":{"line":39,"column":24}},"loc":{"start":{"line":39,"column":29},"end":{"line":39,"column":33}},"line":39},"6":{"name":"(anonymous_6)","decl":{"start":{"line":52,"column":2},"end":{"line":52,"column":3}},"loc":{"start":{"line":52,"column":18},"end":{"line":57,"column":3}},"line":52},"7":{"name":"(anonymous_7)","decl":{"start":{"line":60,"column":2},"end":{"line":60,"column":3}},"loc":{"start":{"line":60,"column":16},"end":{"line":65,"column":3}},"line":60},"8":{"name":"(anonymous_8)","decl":{"start":{"line":68,"column":2},"end":{"line":68,"column":3}},"loc":{"start":{"line":68,"column":18},"end":{"line":73,"column":3}},"line":68},"9":{"name":"(anonymous_9)","decl":{"start":{"line":76,"column":2},"end":{"line":76,"column":3}},"loc":{"start":{"line":76,"column":20},"end":{"line":81,"column":3}},"line":76},"10":{"name":"(anonymous_10)","decl":{"start":{"line":84,"column":2},"end":{"line":84,"column":3}},"loc":{"start":{"line":84,"column":15},"end":{"line":94,"column":3}},"line":84},"11":{"name":"(anonymous_11)","decl":{"start":{"line":101,"column":2},"end":{"line":101,"column":3}},"loc":{"start":{"line":101,"column":20},"end":{"line":168,"column":3}},"line":101},"12":{"name":"(anonymous_12)","decl":{"start":{"line":103,"column":19},"end":{"line":103,"column":20}},"loc":{"start":{"line":103,"column":43},"end":{"line":105,"column":5}},"line":103},"13":{"name":"(anonymous_13)","decl":{"start":{"line":170,"column":2},"end":{"line":170,"column":3}},"loc":{"start":{"line":170,"column":9},"end":{"line":175,"column":3}},"line":170},"14":{"name":"(anonymous_14)","decl":{"start":{"line":177,"column":2},"end":{"line":177,"column":3}},"loc":{"start":{"line":177,"column":13},"end":{"line":186,"column":3}},"line":177},"15":{"name":"(anonymous_15)","decl":{"start":{"line":188,"column":2},"end":{"line":188,"column":3}},"loc":{"start":{"line":188,"column":10},"end":{"line":193,"column":3}},"line":188},"16":{"name":"(anonymous_16)","decl":{"start":{"line":201,"column":2},"end":{"line":201,"column":3}},"loc":{"start":{"line":201,"column":16},"end":{"line":206,"column":3}},"line":201},"17":{"name":"(anonymous_17)","decl":{"start":{"line":208,"column":2},"end":{"line":208,"column":3}},"loc":{"start":{"line":208,"column":22},"end":{"line":217,"column":3}},"line":208}},"branchMap":{"0":{"loc":{"start":{"line":4,"column":34},"end":{"line":4,"column":39}},"type":"default-arg","locations":[{"start":{"line":4,"column":38},"end":{"line":4,"column":39}}],"line":4},"1":{"loc":{"start":{"line":4,"column":41},"end":{"line":4,"column":46}},"type":"default-arg","locations":[{"start":{"line":4,"column":45},"end":{"line":4,"column":46}}],"line":4},"2":{"loc":{"start":{"line":21,"column":11},"end":{"line":21,"column":61}},"type":"binary-expr","locations":[{"start":{"line":21,"column":11},"end":{"line":21,"column":34}},{"start":{"line":21,"column":38},"end":{"line":21,"column":61}}],"line":21},"3":{"loc":{"start":{"line":28,"column":4},"end":{"line":32,"column":5}},"type":"if","locations":[{"start":{"line":28,"column":4},"end":{"line":32,"column":5}},{"start":{"line":28,"column":4},"end":{"line":32,"column":5}}],"line":28},"4":{"loc":{"start":{"line":30,"column":11},"end":{"line":32,"column":5}},"type":"if","locations":[{"start":{"line":30,"column":11},"end":{"line":32,"column":5}},{"start":{"line":30,"column":11},"end":{"line":32,"column":5}}],"line":30},"5":{"loc":{"start":{"line":36,"column":11},"end":{"line":36,"column":59}},"type":"binary-expr","locations":[{"start":{"line":36,"column":11},"end":{"line":36,"column":20}},{"start":{"line":36,"column":24},"end":{"line":36,"column":33}},{"start":{"line":36,"column":37},"end":{"line":36,"column":46}},{"start":{"line":36,"column":50},"end":{"line":36,"column":59}}],"line":36},"6":{"loc":{"start":{"line":39,"column":11},"end":{"line":39,"column":33}},"type":"default-arg","locations":[{"start":{"line":39,"column":23},"end":{"line":39,"column":33}}],"line":39},"7":{"loc":{"start":{"line":44,"column":6},"end":{"line":48,"column":7}},"type":"if","locations":[{"start":{"line":44,"column":6},"end":{"line":48,"column":7}},{"start":{"line":44,"column":6},"end":{"line":48,"column":7}}],"line":44},"8":{"loc":{"start":{"line":53,"column":11},"end":{"line":56,"column":30}},"type":"binary-expr","locations":[{"start":{"line":53,"column":11},"end":{"line":53,"column":32}},{"start":{"line":54,"column":9},"end":{"line":54,"column":30}},{"start":{"line":55,"column":9},"end":{"line":55,"column":30}},{"start":{"line":56,"column":9},"end":{"line":56,"column":30}}],"line":53},"9":{"loc":{"start":{"line":61,"column":11},"end":{"line":64,"column":30}},"type":"binary-expr","locations":[{"start":{"line":61,"column":11},"end":{"line":61,"column":32}},{"start":{"line":62,"column":9},"end":{"line":62,"column":30}},{"start":{"line":63,"column":9},"end":{"line":63,"column":30}},{"start":{"line":64,"column":9},"end":{"line":64,"column":30}}],"line":61},"10":{"loc":{"start":{"line":69,"column":11},"end":{"line":72,"column":29}},"type":"binary-expr","locations":[{"start":{"line":69,"column":11},"end":{"line":69,"column":31}},{"start":{"line":70,"column":9},"end":{"line":70,"column":29}},{"start":{"line":71,"column":9},"end":{"line":71,"column":29}},{"start":{"line":72,"column":9},"end":{"line":72,"column":29}}],"line":69},"11":{"loc":{"start":{"line":77,"column":11},"end":{"line":80,"column":30}},"type":"binary-expr","locations":[{"start":{"line":77,"column":11},"end":{"line":77,"column":32}},{"start":{"line":78,"column":9},"end":{"line":78,"column":30}},{"start":{"line":79,"column":9},"end":{"line":79,"column":30}},{"start":{"line":80,"column":9},"end":{"line":80,"column":30}}],"line":77},"12":{"loc":{"start":{"line":89,"column":6},"end":{"line":89,"column":39}},"type":"cond-expr","locations":[{"start":{"line":89,"column":24},"end":{"line":89,"column":33}},{"start":{"line":89,"column":36},"end":{"line":89,"column":39}}],"line":89},"13":{"loc":{"start":{"line":90,"column":6},"end":{"line":90,"column":39}},"type":"cond-expr","locations":[{"start":{"line":90,"column":24},"end":{"line":90,"column":33}},{"start":{"line":90,"column":36},"end":{"line":90,"column":39}}],"line":90},"14":{"loc":{"start":{"line":91,"column":6},"end":{"line":91,"column":39}},"type":"cond-expr","locations":[{"start":{"line":91,"column":24},"end":{"line":91,"column":33}},{"start":{"line":91,"column":36},"end":{"line":91,"column":39}}],"line":91},"15":{"loc":{"start":{"line":92,"column":6},"end":{"line":92,"column":39}},"type":"cond-expr","locations":[{"start":{"line":92,"column":24},"end":{"line":92,"column":33}},{"start":{"line":92,"column":36},"end":{"line":92,"column":39}}],"line":92},"16":{"loc":{"start":{"line":113,"column":4},"end":{"line":139,"column":5}},"type":"if","locations":[{"start":{"line":113,"column":4},"end":{"line":139,"column":5}},{"start":{"line":113,"column":4},"end":{"line":139,"column":5}}],"line":113},"17":{"loc":{"start":{"line":115,"column":6},"end":{"line":130,"column":7}},"type":"if","locations":[{"start":{"line":115,"column":6},"end":{"line":130,"column":7}},{"start":{"line":115,"column":6},"end":{"line":130,"column":7}}],"line":115},"18":{"loc":{"start":{"line":117,"column":8},"end":{"line":119,"column":9}},"type":"if","locations":[{"start":{"line":117,"column":8},"end":{"line":119,"column":9}},{"start":{"line":117,"column":8},"end":{"line":119,"column":9}}],"line":117},"19":{"loc":{"start":{"line":120,"column":8},"end":{"line":122,"column":9}},"type":"if","locations":[{"start":{"line":120,"column":8},"end":{"line":122,"column":9}},{"start":{"line":120,"column":8},"end":{"line":122,"column":9}}],"line":120},"20":{"loc":{"start":{"line":124,"column":8},"end":{"line":126,"column":9}},"type":"if","locations":[{"start":{"line":124,"column":8},"end":{"line":126,"column":9}},{"start":{"line":124,"column":8},"end":{"line":126,"column":9}}],"line":124},"21":{"loc":{"start":{"line":127,"column":8},"end":{"line":129,"column":9}},"type":"if","locations":[{"start":{"line":127,"column":8},"end":{"line":129,"column":9}},{"start":{"line":127,"column":8},"end":{"line":129,"column":9}}],"line":127},"22":{"loc":{"start":{"line":131,"column":11},"end":{"line":139,"column":5}},"type":"if","locations":[{"start":{"line":131,"column":11},"end":{"line":139,"column":5}},{"start":{"line":131,"column":11},"end":{"line":139,"column":5}}],"line":131},"23":{"loc":{"start":{"line":133,"column":6},"end":{"line":135,"column":7}},"type":"if","locations":[{"start":{"line":133,"column":6},"end":{"line":135,"column":7}},{"start":{"line":133,"column":6},"end":{"line":135,"column":7}}],"line":133},"24":{"loc":{"start":{"line":136,"column":6},"end":{"line":138,"column":7}},"type":"if","locations":[{"start":{"line":136,"column":6},"end":{"line":138,"column":7}},{"start":{"line":136,"column":6},"end":{"line":138,"column":7}}],"line":136},"25":{"loc":{"start":{"line":140,"column":4},"end":{"line":166,"column":5}},"type":"if","locations":[{"start":{"line":140,"column":4},"end":{"line":166,"column":5}},{"start":{"line":140,"column":4},"end":{"line":166,"column":5}}],"line":140},"26":{"loc":{"start":{"line":142,"column":6},"end":{"line":157,"column":7}},"type":"if","locations":[{"start":{"line":142,"column":6},"end":{"line":157,"column":7}},{"start":{"line":142,"column":6},"end":{"line":157,"column":7}}],"line":142},"27":{"loc":{"start":{"line":144,"column":8},"end":{"line":146,"column":9}},"type":"if","locations":[{"start":{"line":144,"column":8},"end":{"line":146,"column":9}},{"start":{"line":144,"column":8},"end":{"line":146,"column":9}}],"line":144},"28":{"loc":{"start":{"line":147,"column":8},"end":{"line":149,"column":9}},"type":"if","locations":[{"start":{"line":147,"column":8},"end":{"line":149,"column":9}},{"start":{"line":147,"column":8},"end":{"line":149,"column":9}}],"line":147},"29":{"loc":{"start":{"line":151,"column":8},"end":{"line":153,"column":9}},"type":"if","locations":[{"start":{"line":151,"column":8},"end":{"line":153,"column":9}},{"start":{"line":151,"column":8},"end":{"line":153,"column":9}}],"line":151},"30":{"loc":{"start":{"line":154,"column":8},"end":{"line":156,"column":9}},"type":"if","locations":[{"start":{"line":154,"column":8},"end":{"line":156,"column":9}},{"start":{"line":154,"column":8},"end":{"line":156,"column":9}}],"line":154},"31":{"loc":{"start":{"line":158,"column":11},"end":{"line":166,"column":5}},"type":"if","locations":[{"start":{"line":158,"column":11},"end":{"line":166,"column":5}},{"start":{"line":158,"column":11},"end":{"line":166,"column":5}}],"line":158},"32":{"loc":{"start":{"line":160,"column":6},"end":{"line":162,"column":7}},"type":"if","locations":[{"start":{"line":160,"column":6},"end":{"line":162,"column":7}},{"start":{"line":160,"column":6},"end":{"line":162,"column":7}}],"line":160},"33":{"loc":{"start":{"line":163,"column":6},"end":{"line":165,"column":7}},"type":"if","locations":[{"start":{"line":163,"column":6},"end":{"line":165,"column":7}},{"start":{"line":163,"column":6},"end":{"line":165,"column":7}}],"line":163},"34":{"loc":{"start":{"line":182,"column":4},"end":{"line":184,"column":5}},"type":"if","locations":[{"start":{"line":182,"column":4},"end":{"line":184,"column":5}},{"start":{"line":182,"column":4},"end":{"line":184,"column":5}}],"line":182},"35":{"loc":{"start":{"line":202,"column":11},"end":{"line":205,"column":31}},"type":"binary-expr","locations":[{"start":{"line":202,"column":11},"end":{"line":202,"column":33}},{"start":{"line":203,"column":9},"end":{"line":203,"column":31}},{"start":{"line":204,"column":9},"end":{"line":204,"column":31}},{"start":{"line":205,"column":9},"end":{"line":205,"column":31}}],"line":202},"36":{"loc":{"start":{"line":213,"column":4},"end":{"line":215,"column":5}},"type":"if","locations":[{"start":{"line":213,"column":4},"end":{"line":215,"column":5}},{"start":{"line":213,"column":4},"end":{"line":215,"column":5}}],"line":213}},"s":{"0":0,"1":0,"2":0,"3":0,"4":0,"5":0,"6":0,"7":0,"8":0,"9":0,"10":0,"11":0,"12":0,"13":0,"14":0,"15":0,"16":0,"17":0,"18":0,"19":0,"20":0,"21":0,"22":0,"23":0,"24":0,"25":0,"26":0,"27":0,"28":0,"29":0,"30":0,"31":0,"32":0,"33":0,"34":0,"35":0,"36":0,"37":0,"38":0,"39":0,"40":0,"41":0,"42":0,"43":0,"44":0,"45":0,"46":0,"47":0,"48":0,"49":0,"50":0,"51":0,"52":0,"53":0,"54":0,"55":0,"56":0,"57":0,"58":0,"59":0,"60":0,"61":0,"62":0,"63":0,"64":0,"65":0,"66":0,"67":0,"68":0,"69":0,"70":0,"71":0,"72":0,"73":0,"74":0,"75":0,"76":0,"77":0,"78":0,"79":0,"80":0,"81":0,"82":0,"83":0,"84":0,"85":0,"86":0,"87":0,"88":0,"89":0,"90":0,"91":0},"f":{"0":0,"1":0,"2":0,"3":0,"4":0,"5":0,"6":0,"7":0,"8":0,"9":0,"10":0,"11":0,"12":0,"13":0,"14":0,"15":0,"16":0,"17":0},"b":{"0":[0],"1":[0],"2":[0,0],"3":[0,0],"4":[0,0],"5":[0,0,0,0],"6":[0],"7":[0,0],"8":[0,0,0,0],"9":[0,0,0,0],"10":[0,0,0,0],"11":[0,0,0,0],"12":[0,0],"13":[0,0],"14":[0,0],"15":[0,0],"16":[0,0],"17":[0,0],"18":[0,0],"19":[0,0],"20":[0,0],"21":[0,0],"22":[0,0],"23":[0,0],"24":[0,0],"25":[0,0],"26":[0,0],"27":[0,0],"28":[0,0],"29":[0,0],"30":[0,0],"31":[0,0],"32":[0,0],"33":[0,0],"34":[0,0],"35":[0,0,0,0],"36":[0,0]}},"/Users/wen/Desktop/work/vue/edit/node_modules/x-spreadsheet-master/src/core/cell.js":{"path":"/Users/wen/Desktop/work/vue/edit/node_modules/x-spreadsheet-master/src/core/cell.js","statementMap":{"0":{"start":{"line":7,"column":30},"end":{"line":101,"column":1}},"1":{"start":{"line":8,"column":26},"end":{"line":8,"column":28}},"2":{"start":{"line":9,"column":18},"end":{"line":9,"column":20}},"3":{"start":{"line":10,"column":18},"end":{"line":10,"column":20}},"4":{"start":{"line":11,"column":20},"end":{"line":11,"column":21}},"5":{"start":{"line":12,"column":20},"end":{"line":12,"column":21}},"6":{"start":{"line":13,"column":4},"end":{"line":93,"column":5}},"7":{"start":{"line":13,"column":17},"end":{"line":13,"column":18}},"8":{"start":{"line":14,"column":18},"end":{"line":14,"column":31}},"9":{"start":{"line":16,"column":8},"end":{"line":92,"column":9}},"10":{"start":{"line":17,"column":12},"end":{"line":91,"column":13}},"11":{"start":{"line":18,"column":16},"end":{"line":18,"column":46}},"12":{"start":{"line":19,"column":19},"end":{"line":91,"column":13}},"13":{"start":{"line":20,"column":16},"end":{"line":20,"column":32}},"14":{"start":{"line":21,"column":19},"end":{"line":91,"column":13}},"15":{"start":{"line":22,"column":16},"end":{"line":22,"column":23}},"16":{"start":{"line":23,"column":16},"end":{"line":26,"column":17}},"17":{"start":{"line":24,"column":20},"end":{"line":24,"column":48}},"18":{"start":{"line":25,"column":20},"end":{"line":25,"column":27}},"19":{"start":{"line":27,"column":16},"end":{"line":27,"column":51}},"20":{"start":{"line":28,"column":16},"end":{"line":28,"column":29}},"21":{"start":{"line":31,"column":16},"end":{"line":33,"column":17}},"22":{"start":{"line":32,"column":20},"end":{"line":32,"column":49}},"23":{"start":{"line":34,"column":16},"end":{"line":89,"column":17}},"24":{"start":{"line":35,"column":29},"end":{"line":35,"column":48}},"25":{"start":{"line":36,"column":20},"end":{"line":64,"column":21}},"26":{"start":{"line":38,"column":24},"end":{"line":52,"column":25}},"27":{"start":{"line":39,"column":45},"end":{"line":39,"column":65}},"28":{"start":{"line":40,"column":45},"end":{"line":40,"column":65}},"29":{"start":{"line":42,"column":43},"end":{"line":42,"column":44}},"30":{"start":{"line":43,"column":28},"end":{"line":48,"column":29}},"31":{"start":{"line":43,"column":41},"end":{"line":43,"column":43}},"32":{"start":{"line":44,"column":32},"end":{"line":47,"column":33}},"33":{"start":{"line":44,"column":45},"end":{"line":44,"column":47}},"34":{"start":{"line":45,"column":36},"end":{"line":45,"column":62}},"35":{"start":{"line":46,"column":36},"end":{"line":46,"column":50}},"36":{"start":{"line":49,"column":28},"end":{"line":49,"column":55}},"37":{"start":{"line":53,"column":27},"end":{"line":64,"column":21}},"38":{"start":{"line":55,"column":24},"end":{"line":55,"column":52}},"39":{"start":{"line":56,"column":24},"end":{"line":56,"column":38}},"40":{"start":{"line":59,"column":24},"end":{"line":63,"column":25}},"41":{"start":{"line":60,"column":28},"end":{"line":60,"column":43}},"42":{"start":{"line":61,"column":28},"end":{"line":61,"column":65}},"43":{"start":{"line":61,"column":59},"end":{"line":61,"column":65}},"44":{"start":{"line":62,"column":28},"end":{"line":62,"column":53}},"45":{"start":{"line":65,"column":20},"end":{"line":65,"column":34}},"46":{"start":{"line":66,"column":23},"end":{"line":89,"column":17}},"47":{"start":{"line":67,"column":20},"end":{"line":67,"column":34}},"48":{"start":{"line":68,"column":23},"end":{"line":89,"column":17}},"49":{"start":{"line":69,"column":20},"end":{"line":69,"column":34}},"50":{"start":{"line":70,"column":20},"end":{"line":70,"column":35}},"51":{"start":{"line":71,"column":23},"end":{"line":89,"column":17}},"52":{"start":{"line":73,"column":20},"end":{"line":73,"column":57}},"53":{"start":{"line":77,"column":20},"end":{"line":87,"column":21}},"54":{"start":{"line":78,"column":34},"end":{"line":78,"column":73}},"55":{"start":{"line":79,"column":24},"end":{"line":79,"column":73}},"56":{"start":{"line":79,"column":41},"end":{"line":79,"column":73}},"57":{"start":{"line":80,"column":24},"end":{"line":86,"column":25}},"58":{"start":{"line":81,"column":28},"end":{"line":85,"column":29}},"59":{"start":{"line":82,"column":32},"end":{"line":82,"column":78}},"60":{"start":{"line":83,"column":32},"end":{"line":84,"column":43}},"61":{"start":{"line":83,"column":49},"end":{"line":83,"column":81}},"62":{"start":{"line":84,"column":37},"end":{"line":84,"column":43}},"63":{"start":{"line":88,"column":20},"end":{"line":88,"column":42}},"64":{"start":{"line":90,"column":16},"end":{"line":90,"column":29}},"65":{"start":{"line":94,"column":4},"end":{"line":96,"column":5}},"66":{"start":{"line":95,"column":8},"end":{"line":95,"column":37}},"67":{"start":{"line":97,"column":4},"end":{"line":99,"column":5}},"68":{"start":{"line":98,"column":8},"end":{"line":98,"column":40}},"69":{"start":{"line":100,"column":4},"end":{"line":100,"column":17}},"70":{"start":{"line":103,"column":20},"end":{"line":112,"column":1}},"71":{"start":{"line":104,"column":4},"end":{"line":106,"column":5}},"72":{"start":{"line":105,"column":8},"end":{"line":105,"column":31}},"73":{"start":{"line":107,"column":4},"end":{"line":109,"column":5}},"74":{"start":{"line":108,"column":8},"end":{"line":108,"column":36}},"75":{"start":{"line":110,"column":19},"end":{"line":110,"column":35}},"76":{"start":{"line":111,"column":4},"end":{"line":111,"column":28}},"77":{"start":{"line":118,"column":23},"end":{"line":152,"column":1}},"78":{"start":{"line":119,"column":18},"end":{"line":119,"column":20}},"79":{"start":{"line":121,"column":4},"end":{"line":150,"column":5}},"80":{"start":{"line":121,"column":17},"end":{"line":121,"column":18}},"81":{"start":{"line":123,"column":8},"end":{"line":148,"column":9}},"82":{"start":{"line":124,"column":24},"end":{"line":124,"column":35}},"83":{"start":{"line":125,"column":12},"end":{"line":125,"column":58}},"84":{"start":{"line":126,"column":15},"end":{"line":148,"column":9}},"85":{"start":{"line":127,"column":24},"end":{"line":127,"column":35}},"86":{"start":{"line":128,"column":12},"end":{"line":128,"column":58}},"87":{"start":{"line":129,"column":15},"end":{"line":148,"column":9}},"88":{"start":{"line":130,"column":12},"end":{"line":130,"column":66}},"89":{"start":{"line":131,"column":15},"end":{"line":148,"column":9}},"90":{"start":{"line":132,"column":24},"end":{"line":132,"column":35}},"91":{"start":{"line":133,"column":12},"end":{"line":133,"column":58}},"92":{"start":{"line":134,"column":15},"end":{"line":148,"column":9}},"93":{"start":{"line":135,"column":35},"end":{"line":135,"column":46}},"94":{"start":{"line":136,"column":27},"end":{"line":136,"column":29}},"95":{"start":{"line":137,"column":12},"end":{"line":139,"column":13}},"96":{"start":{"line":137,"column":25},"end":{"line":137,"column":26}},"97":{"start":{"line":138,"column":16},"end":{"line":138,"column":41}},"98":{"start":{"line":140,"column":12},"end":{"line":140,"column":69}},"99":{"start":{"line":142,"column":12},"end":{"line":144,"column":13}},"100":{"start":{"line":143,"column":16},"end":{"line":143,"column":25}},"101":{"start":{"line":145,"column":12},"end":{"line":145,"column":39}},"102":{"start":{"line":146,"column":20},"end":{"line":146,"column":56}},"103":{"start":{"line":147,"column":12},"end":{"line":147,"column":61}},"104":{"start":{"line":151,"column":4},"end":{"line":151,"column":20}},"105":{"start":{"line":155,"column":4},"end":{"line":157,"column":5}},"106":{"start":{"line":156,"column":8},"end":{"line":156,"column":21}},"107":{"start":{"line":158,"column":4},"end":{"line":160,"column":5}},"108":{"start":{"line":159,"column":8},"end":{"line":159,"column":21}},"109":{"start":{"line":161,"column":4},"end":{"line":161,"column":16}},"110":{"start":{"line":164,"column":19},"end":{"line":189,"column":1}},"111":{"start":{"line":165,"column":4},"end":{"line":187,"column":5}},"112":{"start":{"line":167,"column":8},"end":{"line":177,"column":9}},"113":{"start":{"line":170,"column":12},"end":{"line":170,"column":37}},"114":{"start":{"line":171,"column":15},"end":{"line":177,"column":9}},"115":{"start":{"line":175,"column":24},"end":{"line":175,"column":115}},"116":{"start":{"line":176,"column":12},"end":{"line":176,"column":25}},"117":{"start":{"line":178,"column":22},"end":{"line":178,"column":61}},"118":{"start":{"line":179,"column":8},"end":{"line":179,"column":42}},"119":{"start":{"line":179,"column":31},"end":{"line":179,"column":42}},"120":{"start":{"line":181,"column":8},"end":{"line":186,"column":10}},"121":{"start":{"line":184,"column":22},"end":{"line":184,"column":97}},"122":{"start":{"line":188,"column":4},"end":{"line":188,"column":15}}},"fnMap":{"0":{"name":"(anonymous_0)","decl":{"start":{"line":7,"column":30},"end":{"line":7,"column":31}},"loc":{"start":{"line":7,"column":39},"end":{"line":101,"column":1}},"line":7},"1":{"name":"(anonymous_1)","decl":{"start":{"line":103,"column":20},"end":{"line":103,"column":21}},"loc":{"start":{"line":103,"column":45},"end":{"line":112,"column":1}},"line":103},"2":{"name":"(anonymous_2)","decl":{"start":{"line":118,"column":23},"end":{"line":118,"column":24}},"loc":{"start":{"line":118,"column":71},"end":{"line":152,"column":1}},"line":118},"3":{"name":"evalFormula","decl":{"start":{"line":154,"column":9},"end":{"line":154,"column":20}},"loc":{"start":{"line":154,"column":33},"end":{"line":162,"column":1}},"line":154},"4":{"name":"(anonymous_4)","decl":{"start":{"line":164,"column":19},"end":{"line":164,"column":20}},"loc":{"start":{"line":164,"column":91},"end":{"line":189,"column":1}},"line":164},"5":{"name":"(anonymous_5)","decl":{"start":{"line":184,"column":12},"end":{"line":184,"column":13}},"loc":{"start":{"line":184,"column":22},"end":{"line":184,"column":97}},"line":184}},"branchMap":{"0":{"loc":{"start":{"line":16,"column":8},"end":{"line":92,"column":9}},"type":"if","locations":[{"start":{"line":16,"column":8},"end":{"line":92,"column":9}},{"start":{"line":16,"column":8},"end":{"line":92,"column":9}}],"line":16},"1":{"loc":{"start":{"line":17,"column":12},"end":{"line":91,"column":13}},"type":"if","locations":[{"start":{"line":17,"column":12},"end":{"line":91,"column":13}},{"start":{"line":17,"column":12},"end":{"line":91,"column":13}}],"line":17},"2":{"loc":{"start":{"line":17,"column":16},"end":{"line":17,"column":36}},"type":"binary-expr","locations":[{"start":{"line":17,"column":16},"end":{"line":17,"column":24}},{"start":{"line":17,"column":28},"end":{"line":17,"column":36}}],"line":17},"3":{"loc":{"start":{"line":19,"column":19},"end":{"line":91,"column":13}},"type":"if","locations":[{"start":{"line":19,"column":19},"end":{"line":91,"column":13}},{"start":{"line":19,"column":19},"end":{"line":91,"column":13}}],"line":19},"4":{"loc":{"start":{"line":19,"column":23},"end":{"line":19,"column":84}},"type":"binary-expr","locations":[{"start":{"line":19,"column":24},"end":{"line":19,"column":32}},{"start":{"line":19,"column":36},"end":{"line":19,"column":44}},{"start":{"line":19,"column":50},"end":{"line":19,"column":58}},{"start":{"line":19,"column":62},"end":{"line":19,"column":70}},{"start":{"line":19,"column":75},"end":{"line":19,"column":84}}],"line":19},"5":{"loc":{"start":{"line":21,"column":19},"end":{"line":91,"column":13}},"type":"if","locations":[{"start":{"line":21,"column":19},"end":{"line":91,"column":13}},{"start":{"line":21,"column":19},"end":{"line":91,"column":13}}],"line":21},"6":{"loc":{"start":{"line":31,"column":16},"end":{"line":33,"column":17}},"type":"if","locations":[{"start":{"line":31,"column":16},"end":{"line":33,"column":17}},{"start":{"line":31,"column":16},"end":{"line":33,"column":17}}],"line":31},"7":{"loc":{"start":{"line":31,"column":20},"end":{"line":31,"column":51}},"type":"binary-expr","locations":[{"start":{"line":31,"column":20},"end":{"line":31,"column":29}},{"start":{"line":31,"column":33},"end":{"line":31,"column":51}}],"line":31},"8":{"loc":{"start":{"line":34,"column":16},"end":{"line":89,"column":17}},"type":"if","locations":[{"start":{"line":34,"column":16},"end":{"line":89,"column":17}},{"start":{"line":34,"column":16},"end":{"line":89,"column":17}}],"line":34},"9":{"loc":{"start":{"line":36,"column":20},"end":{"line":64,"column":21}},"type":"if","locations":[{"start":{"line":36,"column":20},"end":{"line":64,"column":21}},{"start":{"line":36,"column":20},"end":{"line":64,"column":21}}],"line":36},"10":{"loc":{"start":{"line":53,"column":27},"end":{"line":64,"column":21}},"type":"if","locations":[{"start":{"line":53,"column":27},"end":{"line":64,"column":21}},{"start":{"line":53,"column":27},"end":{"line":64,"column":21}}],"line":53},"11":{"loc":{"start":{"line":61,"column":28},"end":{"line":61,"column":65}},"type":"if","locations":[{"start":{"line":61,"column":28},"end":{"line":61,"column":65}},{"start":{"line":61,"column":28},"end":{"line":61,"column":65}}],"line":61},"12":{"loc":{"start":{"line":66,"column":23},"end":{"line":89,"column":17}},"type":"if","locations":[{"start":{"line":66,"column":23},"end":{"line":89,"column":17}},{"start":{"line":66,"column":23},"end":{"line":89,"column":17}}],"line":66},"13":{"loc":{"start":{"line":68,"column":23},"end":{"line":89,"column":17}},"type":"if","locations":[{"start":{"line":68,"column":23},"end":{"line":89,"column":17}},{"start":{"line":68,"column":23},"end":{"line":89,"column":17}}],"line":68},"14":{"loc":{"start":{"line":71,"column":23},"end":{"line":89,"column":17}},"type":"if","locations":[{"start":{"line":71,"column":23},"end":{"line":89,"column":17}},{"start":{"line":71,"column":23},"end":{"line":89,"column":17}}],"line":71},"15":{"loc":{"start":{"line":71,"column":27},"end":{"line":71,"column":58}},"type":"binary-expr","locations":[{"start":{"line":71,"column":27},"end":{"line":71,"column":36}},{"start":{"line":71,"column":40},"end":{"line":71,"column":58}}],"line":71},"16":{"loc":{"start":{"line":77,"column":20},"end":{"line":87,"column":21}},"type":"if","locations":[{"start":{"line":77,"column":20},"end":{"line":87,"column":21}},{"start":{"line":77,"column":20},"end":{"line":87,"column":21}}],"line":77},"17":{"loc":{"start":{"line":77,"column":24},"end":{"line":77,"column":76}},"type":"binary-expr","locations":[{"start":{"line":77,"column":24},"end":{"line":77,"column":48}},{"start":{"line":77,"column":53},"end":{"line":77,"column":62}},{"start":{"line":77,"column":66},"end":{"line":77,"column":75}}],"line":77},"18":{"loc":{"start":{"line":79,"column":24},"end":{"line":79,"column":73}},"type":"if","locations":[{"start":{"line":79,"column":24},"end":{"line":79,"column":73}},{"start":{"line":79,"column":24},"end":{"line":79,"column":73}}],"line":79},"19":{"loc":{"start":{"line":80,"column":24},"end":{"line":86,"column":25}},"type":"if","locations":[{"start":{"line":80,"column":24},"end":{"line":86,"column":25}},{"start":{"line":80,"column":24},"end":{"line":86,"column":25}}],"line":80},"20":{"loc":{"start":{"line":80,"column":28},"end":{"line":80,"column":54}},"type":"binary-expr","locations":[{"start":{"line":80,"column":28},"end":{"line":80,"column":39}},{"start":{"line":80,"column":43},"end":{"line":80,"column":54}}],"line":80},"21":{"loc":{"start":{"line":83,"column":32},"end":{"line":84,"column":43}},"type":"if","locations":[{"start":{"line":83,"column":32},"end":{"line":84,"column":43}},{"start":{"line":83,"column":32},"end":{"line":84,"column":43}}],"line":83},"22":{"loc":{"start":{"line":94,"column":4},"end":{"line":96,"column":5}},"type":"if","locations":[{"start":{"line":94,"column":4},"end":{"line":96,"column":5}},{"start":{"line":94,"column":4},"end":{"line":96,"column":5}}],"line":94},"23":{"loc":{"start":{"line":104,"column":4},"end":{"line":106,"column":5}},"type":"if","locations":[{"start":{"line":104,"column":4},"end":{"line":106,"column":5}},{"start":{"line":104,"column":4},"end":{"line":106,"column":5}}],"line":104},"24":{"loc":{"start":{"line":104,"column":8},"end":{"line":104,"column":46}},"type":"binary-expr","locations":[{"start":{"line":104,"column":8},"end":{"line":104,"column":25}},{"start":{"line":104,"column":29},"end":{"line":104,"column":46}}],"line":104},"25":{"loc":{"start":{"line":107,"column":4},"end":{"line":109,"column":5}},"type":"if","locations":[{"start":{"line":107,"column":4},"end":{"line":109,"column":5}},{"start":{"line":107,"column":4},"end":{"line":109,"column":5}}],"line":107},"26":{"loc":{"start":{"line":123,"column":8},"end":{"line":148,"column":9}},"type":"if","locations":[{"start":{"line":123,"column":8},"end":{"line":148,"column":9}},{"start":{"line":123,"column":8},"end":{"line":148,"column":9}}],"line":123},"27":{"loc":{"start":{"line":126,"column":15},"end":{"line":148,"column":9}},"type":"if","locations":[{"start":{"line":126,"column":15},"end":{"line":148,"column":9}},{"start":{"line":126,"column":15},"end":{"line":148,"column":9}}],"line":126},"28":{"loc":{"start":{"line":129,"column":15},"end":{"line":148,"column":9}},"type":"if","locations":[{"start":{"line":129,"column":15},"end":{"line":148,"column":9}},{"start":{"line":129,"column":15},"end":{"line":148,"column":9}}],"line":129},"29":{"loc":{"start":{"line":131,"column":15},"end":{"line":148,"column":9}},"type":"if","locations":[{"start":{"line":131,"column":15},"end":{"line":148,"column":9}},{"start":{"line":131,"column":15},"end":{"line":148,"column":9}}],"line":131},"30":{"loc":{"start":{"line":134,"column":15},"end":{"line":148,"column":9}},"type":"if","locations":[{"start":{"line":134,"column":15},"end":{"line":148,"column":9}},{"start":{"line":134,"column":15},"end":{"line":148,"column":9}}],"line":134},"31":{"loc":{"start":{"line":142,"column":12},"end":{"line":144,"column":13}},"type":"if","locations":[{"start":{"line":142,"column":12},"end":{"line":144,"column":13}},{"start":{"line":142,"column":12},"end":{"line":144,"column":13}}],"line":142},"32":{"loc":{"start":{"line":155,"column":4},"end":{"line":157,"column":5}},"type":"if","locations":[{"start":{"line":155,"column":4},"end":{"line":157,"column":5}},{"start":{"line":155,"column":4},"end":{"line":157,"column":5}}],"line":155},"33":{"loc":{"start":{"line":158,"column":4},"end":{"line":160,"column":5}},"type":"if","locations":[{"start":{"line":158,"column":4},"end":{"line":160,"column":5}},{"start":{"line":158,"column":4},"end":{"line":160,"column":5}}],"line":158},"34":{"loc":{"start":{"line":164,"column":73},"end":{"line":164,"column":86}},"type":"default-arg","locations":[{"start":{"line":164,"column":84},"end":{"line":164,"column":86}}],"line":164},"35":{"loc":{"start":{"line":165,"column":4},"end":{"line":187,"column":5}},"type":"if","locations":[{"start":{"line":165,"column":4},"end":{"line":187,"column":5}},{"start":{"line":165,"column":4},"end":{"line":187,"column":5}}],"line":165},"36":{"loc":{"start":{"line":165,"column":8},"end":{"line":165,"column":40}},"type":"binary-expr","locations":[{"start":{"line":165,"column":8},"end":{"line":165,"column":22}},{"start":{"line":165,"column":26},"end":{"line":165,"column":40}}],"line":165},"37":{"loc":{"start":{"line":167,"column":8},"end":{"line":177,"column":9}},"type":"if","locations":[{"start":{"line":167,"column":8},"end":{"line":177,"column":9}},{"start":{"line":167,"column":8},"end":{"line":177,"column":9}}],"line":167},"38":{"loc":{"start":{"line":167,"column":12},"end":{"line":167,"column":90}},"type":"binary-expr","locations":[{"start":{"line":167,"column":12},"end":{"line":167,"column":50}},{"start":{"line":167,"column":54},"end":{"line":167,"column":90}}],"line":167},"39":{"loc":{"start":{"line":171,"column":15},"end":{"line":177,"column":9}},"type":"if","locations":[{"start":{"line":171,"column":15},"end":{"line":177,"column":9}},{"start":{"line":171,"column":15},"end":{"line":177,"column":9}}],"line":171},"40":{"loc":{"start":{"line":171,"column":19},"end":{"line":171,"column":77}},"type":"binary-expr","locations":[{"start":{"line":171,"column":19},"end":{"line":171,"column":35}},{"start":{"line":171,"column":39},"end":{"line":171,"column":77}}],"line":171},"41":{"loc":{"start":{"line":175,"column":24},"end":{"line":175,"column":115}},"type":"cond-expr","locations":[{"start":{"line":175,"column":67},"end":{"line":175,"column":107}},{"start":{"line":175,"column":110},"end":{"line":175,"column":115}}],"line":175},"42":{"loc":{"start":{"line":179,"column":8},"end":{"line":179,"column":42}},"type":"if","locations":[{"start":{"line":179,"column":8},"end":{"line":179,"column":42}},{"start":{"line":179,"column":8},"end":{"line":179,"column":42}}],"line":179}},"s":{"0":0,"1":0,"2":0,"3":0,"4":0,"5":0,"6":0,"7":0,"8":0,"9":0,"10":0,"11":0,"12":0,"13":0,"14":0,"15":0,"16":0,"17":0,"18":0,"19":0,"20":0,"21":0,"22":0,"23":0,"24":0,"25":0,"26":0,"27":0,"28":0,"29":0,"30":0,"31":0,"32":0,"33":0,"34":0,"35":0,"36":0,"37":0,"38":0,"39":0,"40":0,"41":0,"42":0,"43":0,"44":0,"45":0,"46":0,"47":0,"48":0,"49":0,"50":0,"51":0,"52":0,"53":0,"54":0,"55":0,"56":0,"57":0,"58":0,"59":0,"60":0,"61":0,"62":0,"63":0,"64":0,"65":0,"66":0,"67":0,"68":0,"69":0,"70":0,"71":0,"72":0,"73":0,"74":0,"75":0,"76":0,"77":0,"78":0,"79":0,"80":0,"81":0,"82":0,"83":0,"84":0,"85":0,"86":0,"87":0,"88":0,"89":0,"90":0,"91":0,"92":0,"93":0,"94":0,"95":0,"96":0,"97":0,"98":0,"99":0,"100":0,"101":0,"102":0,"103":0,"104":0,"105":0,"106":0,"107":0,"108":0,"109":0,"110":0,"111":0,"112":0,"113":0,"114":0,"115":0,"116":0,"117":0,"118":0,"119":0,"120":0,"121":0,"122":0},"f":{"0":0,"1":0,"2":0,"3":0,"4":0,"5":0},"b":{"0":[0,0],"1":[0,0],"2":[0,0],"3":[0,0],"4":[0,0,0,0,0],"5":[0,0],"6":[0,0],"7":[0,0],"8":[0,0],"9":[0,0],"10":[0,0],"11":[0,0],"12":[0,0],"13":[0,0],"14":[0,0],"15":[0,0],"16":[0,0],"17":[0,0,0],"18":[0,0],"19":[0,0],"20":[0,0],"21":[0,0],"22":[0,0],"23":[0,0],"24":[0,0],"25":[0,0],"26":[0,0],"27":[0,0],"28":[0,0],"29":[0,0],"30":[0,0],"31":[0,0],"32":[0,0],"33":[0,0],"34":[0],"35":[0,0],"36":[0,0],"37":[0,0],"38":[0,0],"39":[0,0],"40":[0,0],"41":[0,0],"42":[0,0]}},"/Users/wen/Desktop/work/vue/edit/node_modules/x-spreadsheet-master/src/core/clipboard.js":{"path":"/Users/wen/Desktop/work/vue/edit/node_modules/x-spreadsheet-master/src/core/clipboard.js","statementMap":{"0":{"start":{"line":3,"column":4},"end":{"line":3,"column":22}},"1":{"start":{"line":4,"column":4},"end":{"line":4,"column":25}},"2":{"start":{"line":8,"column":4},"end":{"line":8,"column":27}},"3":{"start":{"line":9,"column":4},"end":{"line":9,"column":24}},"4":{"start":{"line":10,"column":4},"end":{"line":10,"column":16}},"5":{"start":{"line":14,"column":4},"end":{"line":14,"column":27}},"6":{"start":{"line":15,"column":4},"end":{"line":15,"column":23}},"7":{"start":{"line":16,"column":4},"end":{"line":16,"column":16}},"8":{"start":{"line":20,"column":4},"end":{"line":20,"column":33}},"9":{"start":{"line":24,"column":4},"end":{"line":24,"column":32}},"10":{"start":{"line":28,"column":4},"end":{"line":28,"column":34}},"11":{"start":{"line":32,"column":4},"end":{"line":32,"column":22}},"12":{"start":{"line":33,"column":4},"end":{"line":33,"column":25}}},"fnMap":{"0":{"name":"(anonymous_0)","decl":{"start":{"line":2,"column":2},"end":{"line":2,"column":3}},"loc":{"start":{"line":2,"column":16},"end":{"line":5,"column":3}},"line":2},"1":{"name":"(anonymous_1)","decl":{"start":{"line":7,"column":2},"end":{"line":7,"column":3}},"loc":{"start":{"line":7,"column":18},"end":{"line":11,"column":3}},"line":7},"2":{"name":"(anonymous_2)","decl":{"start":{"line":13,"column":2},"end":{"line":13,"column":3}},"loc":{"start":{"line":13,"column":17},"end":{"line":17,"column":3}},"line":13},"3":{"name":"(anonymous_3)","decl":{"start":{"line":19,"column":2},"end":{"line":19,"column":3}},"loc":{"start":{"line":19,"column":11},"end":{"line":21,"column":3}},"line":19},"4":{"name":"(anonymous_4)","decl":{"start":{"line":23,"column":2},"end":{"line":23,"column":3}},"loc":{"start":{"line":23,"column":10},"end":{"line":25,"column":3}},"line":23},"5":{"name":"(anonymous_5)","decl":{"start":{"line":27,"column":2},"end":{"line":27,"column":3}},"loc":{"start":{"line":27,"column":12},"end":{"line":29,"column":3}},"line":27},"6":{"name":"(anonymous_6)","decl":{"start":{"line":31,"column":2},"end":{"line":31,"column":3}},"loc":{"start":{"line":31,"column":10},"end":{"line":34,"column":3}},"line":31}},"branchMap":{},"s":{"0":0,"1":0,"2":0,"3":0,"4":0,"5":0,"6":0,"7":0,"8":0,"9":0,"10":0,"11":0,"12":0},"f":{"0":0,"1":0,"2":0,"3":0,"4":0,"5":0,"6":0},"b":{}},"/Users/wen/Desktop/work/vue/edit/node_modules/x-spreadsheet-master/src/core/col.js":{"path":"/Users/wen/Desktop/work/vue/edit/node_modules/x-spreadsheet-master/src/core/col.js","statementMap":{"0":{"start":{"line":7,"column":4},"end":{"line":7,"column":16}},"1":{"start":{"line":8,"column":4},"end":{"line":8,"column":19}},"2":{"start":{"line":9,"column":4},"end":{"line":9,"column":23}},"3":{"start":{"line":10,"column":4},"end":{"line":10,"column":33}},"4":{"start":{"line":11,"column":4},"end":{"line":11,"column":29}},"5":{"start":{"line":15,"column":4},"end":{"line":18,"column":5}},"6":{"start":{"line":16,"column":6},"end":{"line":16,"column":23}},"7":{"start":{"line":17,"column":6},"end":{"line":17,"column":19}},"8":{"start":{"line":19,"column":4},"end":{"line":19,"column":15}},"9":{"start":{"line":23,"column":20},"end":{"line":23,"column":24}},"10":{"start":{"line":24,"column":4},"end":{"line":24,"column":42}},"11":{"start":{"line":28,"column":16},"end":{"line":28,"column":25}},"12":{"start":{"line":29,"column":4},"end":{"line":31,"column":5}},"13":{"start":{"line":30,"column":6},"end":{"line":30,"column":23}},"14":{"start":{"line":32,"column":4},"end":{"line":32,"column":22}},"15":{"start":{"line":36,"column":4},"end":{"line":36,"column":34}},"16":{"start":{"line":37,"column":4},"end":{"line":37,"column":22}},"17":{"start":{"line":41,"column":16},"end":{"line":41,"column":33}},"18":{"start":{"line":42,"column":4},"end":{"line":42,"column":22}},"19":{"start":{"line":46,"column":16},"end":{"line":46,"column":33}},"20":{"start":{"line":47,"column":4},"end":{"line":47,"column":22}},"21":{"start":{"line":51,"column":4},"end":{"line":51,"column":60}},"22":{"start":{"line":51,"column":42},"end":{"line":51,"column":58}},"23":{"start":{"line":55,"column":4},"end":{"line":55,"column":38}}},"fnMap":{"0":{"name":"(anonymous_0)","decl":{"start":{"line":4,"column":2},"end":{"line":4,"column":3}},"loc":{"start":{"line":6,"column":5},"end":{"line":12,"column":3}},"line":6},"1":{"name":"(anonymous_1)","decl":{"start":{"line":14,"column":2},"end":{"line":14,"column":3}},"loc":{"start":{"line":14,"column":13},"end":{"line":20,"column":3}},"line":14},"2":{"name":"(anonymous_2)","decl":{"start":{"line":22,"column":2},"end":{"line":22,"column":3}},"loc":{"start":{"line":22,"column":12},"end":{"line":25,"column":3}},"line":22},"3":{"name":"(anonymous_3)","decl":{"start":{"line":27,"column":2},"end":{"line":27,"column":3}},"loc":{"start":{"line":27,"column":14},"end":{"line":33,"column":3}},"line":27},"4":{"name":"(anonymous_4)","decl":{"start":{"line":35,"column":2},"end":{"line":35,"column":3}},"loc":{"start":{"line":35,"column":15},"end":{"line":38,"column":3}},"line":35},"5":{"name":"(anonymous_5)","decl":{"start":{"line":40,"column":2},"end":{"line":40,"column":3}},"loc":{"start":{"line":40,"column":22},"end":{"line":43,"column":3}},"line":40},"6":{"name":"(anonymous_6)","decl":{"start":{"line":45,"column":2},"end":{"line":45,"column":3}},"loc":{"start":{"line":45,"column":22},"end":{"line":48,"column":3}},"line":45},"7":{"name":"(anonymous_7)","decl":{"start":{"line":50,"column":2},"end":{"line":50,"column":3}},"loc":{"start":{"line":50,"column":21},"end":{"line":52,"column":3}},"line":50},"8":{"name":"(anonymous_8)","decl":{"start":{"line":51,"column":37},"end":{"line":51,"column":38}},"loc":{"start":{"line":51,"column":42},"end":{"line":51,"column":58}},"line":51},"9":{"name":"(anonymous_9)","decl":{"start":{"line":54,"column":2},"end":{"line":54,"column":3}},"loc":{"start":{"line":54,"column":15},"end":{"line":56,"column":3}},"line":54}},"branchMap":{"0":{"loc":{"start":{"line":15,"column":4},"end":{"line":18,"column":5}},"type":"if","locations":[{"start":{"line":15,"column":4},"end":{"line":18,"column":5}},{"start":{"line":15,"column":4},"end":{"line":18,"column":5}}],"line":15},"1":{"loc":{"start":{"line":29,"column":4},"end":{"line":31,"column":5}},"type":"if","locations":[{"start":{"line":29,"column":4},"end":{"line":31,"column":5}},{"start":{"line":29,"column":4},"end":{"line":31,"column":5}}],"line":29},"2":{"loc":{"start":{"line":29,"column":8},"end":{"line":29,"column":24}},"type":"binary-expr","locations":[{"start":{"line":29,"column":8},"end":{"line":29,"column":11}},{"start":{"line":29,"column":15},"end":{"line":29,"column":24}}],"line":29},"3":{"loc":{"start":{"line":36,"column":17},"end":{"line":36,"column":33}},"type":"binary-expr","locations":[{"start":{"line":36,"column":17},"end":{"line":36,"column":27}},{"start":{"line":36,"column":31},"end":{"line":36,"column":33}}],"line":36}},"s":{"0":0,"1":0,"2":0,"3":0,"4":0,"5":0,"6":0,"7":0,"8":0,"9":0,"10":0,"11":0,"12":0,"13":0,"14":0,"15":0,"16":0,"17":0,"18":0,"19":0,"20":0,"21":0,"22":0,"23":0},"f":{"0":0,"1":0,"2":0,"3":0,"4":0,"5":0,"6":0,"7":0,"8":0,"9":0},"b":{"0":[0,0],"1":[0,0],"2":[0,0],"3":[0,0]}},"/Users/wen/Desktop/work/vue/edit/node_modules/x-spreadsheet-master/src/core/data_proxy.js":{"path":"/Users/wen/Desktop/work/vue/edit/node_modules/x-spreadsheet-master/src/core/data_proxy.js","statementMap":{"0":{"start":{"line":71,"column":24},"end":{"line":113,"column":1}},"1":{"start":{"line":73,"column":22},"end":{"line":73,"column":59}},"2":{"start":{"line":74,"column":21},"end":{"line":74,"column":57}},"3":{"start":{"line":115,"column":22},"end":{"line":115,"column":24}},"4":{"start":{"line":122,"column":21},"end":{"line":122,"column":25}},"5":{"start":{"line":123,"column":22},"end":{"line":123,"column":33}},"6":{"start":{"line":124,"column":23},"end":{"line":124,"column":33}},"7":{"start":{"line":125,"column":23},"end":{"line":125,"column":33}},"8":{"start":{"line":126,"column":4},"end":{"line":128,"column":5}},"9":{"start":{"line":127,"column":8},"end":{"line":127,"column":42}},"10":{"start":{"line":129,"column":4},"end":{"line":131,"column":5}},"11":{"start":{"line":130,"column":8},"end":{"line":130,"column":42}},"12":{"start":{"line":132,"column":4},"end":{"line":135,"column":5}},"13":{"start":{"line":133,"column":8},"end":{"line":133,"column":45}},"14":{"start":{"line":134,"column":8},"end":{"line":134,"column":21}},"15":{"start":{"line":136,"column":4},"end":{"line":136,"column":16}},"16":{"start":{"line":140,"column":27},"end":{"line":140,"column":31}},"17":{"start":{"line":142,"column":4},"end":{"line":145,"column":5}},"18":{"start":{"line":143,"column":8},"end":{"line":143,"column":45}},"19":{"start":{"line":144,"column":8},"end":{"line":144,"column":42}},"20":{"start":{"line":146,"column":4},"end":{"line":153,"column":7}},"21":{"start":{"line":147,"column":8},"end":{"line":152,"column":9}},"22":{"start":{"line":149,"column":29},"end":{"line":149,"column":39}},"23":{"start":{"line":150,"column":12},"end":{"line":150,"column":43}},"24":{"start":{"line":150,"column":36},"end":{"line":150,"column":43}},"25":{"start":{"line":151,"column":12},"end":{"line":151,"column":64}},"26":{"start":{"line":157,"column":38},"end":{"line":157,"column":42}},"27":{"start":{"line":158,"column":4},"end":{"line":158,"column":46}},"28":{"start":{"line":159,"column":4},"end":{"line":161,"column":45}},"29":{"start":{"line":162,"column":4},"end":{"line":162,"column":22}},"30":{"start":{"line":167,"column":27},"end":{"line":167,"column":31}},"31":{"start":{"line":168,"column":17},"end":{"line":168,"column":42}},"32":{"start":{"line":169,"column":17},"end":{"line":169,"column":19}},"33":{"start":{"line":170,"column":4},"end":{"line":172,"column":5}},"34":{"start":{"line":171,"column":8},"end":{"line":171,"column":54}},"35":{"start":{"line":173,"column":4},"end":{"line":173,"column":41}},"36":{"start":{"line":174,"column":4},"end":{"line":174,"column":39}},"37":{"start":{"line":178,"column":37},"end":{"line":178,"column":41}},"38":{"start":{"line":181,"column":8},"end":{"line":181,"column":22}},"39":{"start":{"line":182,"column":21},"end":{"line":182,"column":45}},"40":{"start":{"line":183,"column":4},"end":{"line":187,"column":5}},"41":{"start":{"line":184,"column":8},"end":{"line":186,"column":9}},"42":{"start":{"line":185,"column":12},"end":{"line":185,"column":19}},"43":{"start":{"line":188,"column":4},"end":{"line":281,"column":5}},"44":{"start":{"line":189,"column":8},"end":{"line":191,"column":11}},"45":{"start":{"line":192,"column":11},"end":{"line":281,"column":5}},"46":{"start":{"line":193,"column":8},"end":{"line":203,"column":11}},"47":{"start":{"line":194,"column":25},"end":{"line":194,"column":45}},"48":{"start":{"line":195,"column":12},"end":{"line":202,"column":13}},"49":{"start":{"line":196,"column":27},"end":{"line":196,"column":63}},"50":{"start":{"line":197,"column":16},"end":{"line":197,"column":33}},"51":{"start":{"line":201,"column":16},"end":{"line":201,"column":47}},"52":{"start":{"line":204,"column":11},"end":{"line":281,"column":5}},"53":{"start":{"line":206,"column":23},"end":{"line":206,"column":25}},"54":{"start":{"line":207,"column":8},"end":{"line":258,"column":9}},"55":{"start":{"line":207,"column":22},"end":{"line":207,"column":25}},"56":{"start":{"line":208,"column":12},"end":{"line":257,"column":13}},"57":{"start":{"line":208,"column":26},"end":{"line":208,"column":29}},"58":{"start":{"line":210,"column":37},"end":{"line":210,"column":39}},"59":{"start":{"line":211,"column":16},"end":{"line":220,"column":17}},"60":{"start":{"line":211,"column":30},"end":{"line":211,"column":31}},"61":{"start":{"line":212,"column":47},"end":{"line":212,"column":57}},"62":{"start":{"line":213,"column":20},"end":{"line":213,"column":67}},"63":{"start":{"line":213,"column":45},"end":{"line":213,"column":67}},"64":{"start":{"line":214,"column":20},"end":{"line":219,"column":21}},"65":{"start":{"line":215,"column":24},"end":{"line":218,"column":25}},"66":{"start":{"line":216,"column":28},"end":{"line":216,"column":41}},"67":{"start":{"line":217,"column":28},"end":{"line":217,"column":34}},"68":{"start":{"line":221,"column":16},"end":{"line":221,"column":65}},"69":{"start":{"line":221,"column":43},"end":{"line":221,"column":63}},"70":{"start":{"line":222,"column":16},"end":{"line":222,"column":36}},"71":{"start":{"line":222,"column":30},"end":{"line":222,"column":36}},"72":{"start":{"line":224,"column":29},"end":{"line":224,"column":49}},"73":{"start":{"line":225,"column":31},"end":{"line":225,"column":37}},"74":{"start":{"line":226,"column":16},"end":{"line":229,"column":17}},"75":{"start":{"line":227,"column":20},"end":{"line":227,"column":42}},"76":{"start":{"line":228,"column":20},"end":{"line":228,"column":50}},"77":{"start":{"l
[...]
"30":{"start":{"line":69,"column":23},"end":{"line":69,"column":27}},"31":{"start":{"line":70,"column":4},"end":{"line":79,"column":5}},"32":{"start":{"line":71,"column":30},"end":{"line":71,"column":56}},"33":{"start":{"line":72,"column":6},"end":{"line":76,"column":7}},"34":{"start":{"line":73,"column":8},"end":{"line":73,"column":33}},"35":{"start":{"line":75,"column":8},"end":{"line":75,"column":27}},"36":{"start":{"line":78,"column":6},"end":{"line":78,"column":25}},"37":{"start":{"line":80,"column":4},"end":{"line":80,"column":16}},"38":{"start":{"line":88,"column":22},"end":{"line":90,"column":5}},"39":{"start":{"line":91,"column":14},"end":{"line":91,"column":44}},"40":{"start":{"line":92,"column":4},"end":{"line":96,"column":5}},"41":{"start":{"line":93,"column":6},"end":{"line":93,"column":20}},"42":{"start":{"line":95,"column":6},"end":{"line":95,"column":58}},"43":{"start":{"line":100,"column":4},"end":{"line":105,"column":5}},"44":{"start":{"line":100,"column":17},"end":{"line":100,"column":18}},"45":{"start":{"line":101,"column":16},"end":{"line":101,"column":25}},"46":{"start":{"line":102,"column":6},"end":{"line":104,"column":7}},"47":{"start":{"line":103,"column":8},"end":{"line":103,"column":17}},"48":{"start":{"line":106,"column":4},"end":{"line":106,"column":16}},"49":{"start":{"line":110,"column":4},"end":{"line":113,"column":5}},"50":{"start":{"line":110,"column":17},"end":{"line":110,"column":18}},"51":{"start":{"line":111,"column":16},"end":{"line":111,"column":25}},"52":{"start":{"line":112,"column":6},"end":{"line":112,"column":39}},"53":{"start":{"line":112,"column":30},"end":{"line":112,"column":39}},"54":{"start":{"line":114,"column":4},"end":{"line":114,"column":16}},"55":{"start":{"line":118,"column":4},"end":{"line":120,"column":7}},"56":{"start":{"line":119,"column":6},"end":{"line":119,"column":27}},"57":{"start":{"line":124,"column":4},"end":{"line":124,"column":33}},"58":{"start":{"line":124,"column":25},"end":{"line":124,"column":31}},"59":{"start":{"line":128,"column":4},"end":{"line":128,"column":75}},"60":{"start":{"line":128,"column":31},"end":{"line":128,"column":49}},"61":{"start":{"line":128,"column":61},"end":{"line":128,"column":73}},"62":{"start":{"line":132,"column":4},"end":{"line":132,"column":49}},"63":{"start":{"line":132,"column":25},"end":{"line":132,"column":47}}},"fnMap":{"0":{"name":"(anonymous_0)","decl":{"start":{"line":5,"column":2},"end":{"line":5,"column":3}},"loc":{"start":{"line":5,"column":37},"end":{"line":9,"column":3}},"line":5},"1":{"name":"(anonymous_1)","decl":{"start":{"line":11,"column":2},"end":{"line":11,"column":3}},"loc":{"start":{"line":11,"column":19},"end":{"line":18,"column":3}},"line":11},"2":{"name":"(anonymous_2)","decl":{"start":{"line":20,"column":2},"end":{"line":20,"column":3}},"loc":{"start":{"line":20,"column":14},"end":{"line":23,"column":3}},"line":20},"3":{"name":"(anonymous_3)","decl":{"start":{"line":25,"column":2},"end":{"line":25,"column":3}},"loc":{"start":{"line":25,"column":20},"end":{"line":37,"column":3}},"line":25},"4":{"name":"(anonymous_4)","decl":{"start":{"line":27,"column":22},"end":{"line":27,"column":23}},"loc":{"start":{"line":27,"column":30},"end":{"line":35,"column":5}},"line":27},"5":{"name":"(anonymous_5)","decl":{"start":{"line":31,"column":20},"end":{"line":31,"column":21}},"loc":{"start":{"line":31,"column":27},"end":{"line":31,"column":53}},"line":31},"6":{"name":"(anonymous_6)","decl":{"start":{"line":39,"column":2},"end":{"line":39,"column":3}},"loc":{"start":{"line":39,"column":12},"end":{"line":47,"column":3}},"line":39},"7":{"name":"(anonymous_7)","decl":{"start":{"line":49,"column":2},"end":{"line":49,"column":3}},"loc":{"start":{"line":51,"column":5},"end":{"line":53,"column":3}},"line":51},"8":{"name":"(anonymous_8)","decl":{"start":{"line":56,"column":2},"end":{"line":56,"column":3}},"loc":{"start":{"line":56,"column":16},"end":{"line":60,"column":3}},"line":56},"9":{"name":"(anonymous_9)","decl":{"start":{"line":62,"column":2},"end":{"line":62,"column":3}},"loc":{"start":{"line":62,"column":19},"end":{"line":64,"column":3}},"line":62},"10":{"name":"(anonymous_10)","decl":{"start":{"line":66,"column":2},"end":{"line":66,"column":3}},"loc":{"start":{"line":66,"column":25},"end":{"line":81,"column":3}},"line":66},"11":{"name":"(anonymous_11)","decl":{"start":{"line":85,"column":2},"end":{"line":85,"column":3}},"loc":{"start":{"line":87,"column":5},"end":{"line":97,"column":3}},"line":87},"12":{"name":"(anonymous_12)","decl":{"start":{"line":99,"column":2},"end":{"line":99,"column":3}},"loc":{"start":{"line":99,"column":28},"end":{"line":107,"column":3}},"line":99},"13":{"name":"(anonymous_13)","decl":{"start":{"line":109,"column":2},"end":{"line":109,"column":3}},"loc":{"start":{"line":109,"column":14},"end":{"line":115,"column":3}},"line":109},"14":{"name":"(anonymous_14)","decl":{"start":{"line":117,"column":2},"end":{"line":117,"column":3}},"loc":{"start":{"line":117,"column":20},"end":{"line":121,"column":3}},"line":117},"15":{"name":"(anonymous_15)","decl":{"start":{"line":118,"column":14},"end":{"line":118,"column":15}},"loc":{"start":{"line":118,"column":22},"end":{"line":120,"column":5}},"line":118},"16":{"name":"(anonymous_16)","decl":{"start":{"line":123,"column":2},"end":{"line":123,"column":3}},"loc":{"start":{"line":123,"column":11},"end":{"line":125,"column":3}},"line":123},"17":{"name":"(anonymous_17)","decl":{"start":{"line":124,"column":19},"end":{"line":124,"column":20}},"loc":{"start":{"line":124,"column":25},"end":{"line":124,"column":31}},"line":124},"18":{"name":"(anonymous_18)","decl":{"start":{"line":127,"column":2},"end":{"line":127,"column":3}},"loc":{"start":{"line":127,"column":12},"end":{"line":129,"column":3}},"line":127},"19":{"name":"(anonymous_19)","decl":{"start":{"line":128,"column":25},"end":{"line":128,"column":26}},"loc":{"start":{"line":128,"column":31},"end":{"line":128,"column":49}},"line":128},"20":{"name":"(anonymous_20)","decl":{"start":{"line":128,"column":55},"end":{"line":128,"column":56}},"loc":{"start":{"line":128,"column":61},"end":{"line":128,"column":73}},"line":128},"21":{"name":"(anonymous_21)","decl":{"start":{"line":131,"column":2},"end":{"line":131,"column":3}},"loc":{"start":{"line":131,"column":13},"end":{"line":133,"column":3}},"line":131},"22":{"name":"(anonymous_22)","decl":{"start":{"line":132,"column":19},"end":{"line":132,"column":20}},"loc":{"start":{"line":132,"column":25},"end":{"line":132,"column":47}},"line":132}},"branchMap":{"0":{"loc":{"start":{"line":15,"column":6},"end":{"line":15,"column":43}},"type":"if","locations":[{"start":{"line":15,"column":6},"end":{"line":15,"column":43}},{"start":{"line":15,"column":6},"end":{"line":15,"column":43}}],"line":15},"1":{"loc":{"start":{"line":29,"column":6},"end":{"line":34,"column":7}},"type":"if","locations":[{"start":{"line":29,"column":6},"end":{"line":34,"column":7}},{"start":{"line":29,"column":6},"end":{"line":34,"column":7}}],"line":29},"2":{"loc":{"start":{"line":70,"column":4},"end":{"line":79,"column":5}},"type":"if","locations":[{"start":{"line":70,"column":4},"end":{"line":79,"column":5}},{"start":{"line":70,"column":4},"end":{"line":79,"column":5}}],"line":70},"3":{"loc":{"start":{"line":72,"column":6},"end":{"line":76,"column":7}},"type":"if","locations":[{"start":{"line":72,"column":6},"end":{"line":76,"column":7}},{"start":{"line":72,"column":6},"end":{"line":76,"column":7}}],"line":72},"4":{"loc":{"start":{"line":92,"column":4},"end":{"line":96,"column":5}},"type":"if","locations":[{"start":{"line":92,"column":4},"end":{"line":96,"column":5}},{"start":{"line":92,"column":4},"end":{"line":96,"column":5}}],"line":92},"5":{"loc":{"start":{"line":102,"column":6},"end":{"line":104,"column":7}},"type":"if","locations":[{"start":{"line":102,"column":6},"end":{"line":104,"column":7}},{"start":{"line":102,"column":6},"end":{"line":104,"column":7}}],"line":102},"6":{"loc":{"start":{"line":112,"column":6},"end":{"line":112,"column":39}},"type":"if","locations":[{"start":{"line":112,"column":6},"end":{"line":112,"column":39}},{"start":{"line":112,"column":6},"end":{"line":112,"column":39}}],"line":112}},"s":{"0":0,"1":0,"2":0,"3":0,"4":0,"5":0,"6":0,"7":0,"8":0,"9":0,"10":0,"11":0,"12":0,"13":0,"14":0,"15":0,"16":0,"17":0,"18":0,"19":0,"20":0,"21":0,"22":0,"23":0,"24":0,"25":0,"26":0,"27":0,"28":0,"29":0,"30":0,"31":0,"32":0,"33":0,"34":0,"35":0,"36":0,"37":0,"38":0,"39":0,"40":0,"41":0,"42":0,"43":0,"44":0,"45":0,"46":0,"47":0,"48":0,"49":0,"50":0,"51":0,"52":0,"53":0,"54":0,"55":0,"56":0,"57":0,"58":0,"59":0,"60":0,"61":0,"62":0,"63":0},"f":{"0":0,"1":0,"2":0,"3":0,"4":0,"5":0,"6":0,"7":0,"8":0,"9":0,"10":0,"11":0,"12":0,"13":0,"14":0,"15":0,"16":0,"17":0,"18":0,"19":0,"20":0,"21":0,"22":0},"b":{"0":[0,0],"1":[0,0],"2":[0,0],"3":[0,0],"4":[0,0],"5":[0,0],"6":[0,0]}},"/Users/wen/Desktop/work/vue/edit/node_modules/x-spreadsheet-master/src/core/validator.js":{"path":"/Users/wen/Desktop/work/vue/edit/node_modules/x-spreadsheet-master/src/core/validator.js","statementMap":{"0":{"start":{"line":4,"column":14},"end":{"line":7,"column":1}},"1":{"start":{"line":10,"column":16},"end":{"line":10,"column":18}},"2":{"start":{"line":11,"column":2},"end":{"line":13,"column":3}},"3":{"start":{"line":12,"column":4},"end":{"line":12,"column":45}},"4":{"start":{"line":14,"column":2},"end":{"line":14,"column":25}},"5":{"start":{"line":21,"column":4},"end":{"line":21,"column":29}},"6":{"start":{"line":22,"column":4},"end":{"line":22,"column":23}},"7":{"start":{"line":23,"column":4},"end":{"line":23,"column":21}},"8":{"start":{"line":24,"column":4},"end":{"line":24,"column":29}},"9":{"start":{"line":25,"column":4},"end":{"line":25,"column":22}},"10":{"start":{"line":29,"column":21},"end":{"line":29,"column":25}},"11":{"start":{"line":30,"column":4},"end":{"line":32,"column":5}},"12":{"start":{"line":31,"column":6},"end":{"line":31,"column":25}},"13":{"start":{"line":33,"column":4},"end":{"line":35,"column":5}},"14":{"start":{"line":34,"column":6},"end":{"line":34,"column":23}},"15":{"start":{"line":36,"column":4},"end":{"line":36,"column":13}},"16":{"start":{"line":40,"column":15},"end":{"line":42,"column":41}},"17":{"start":{"line":43,"column":4},"end":{"line":49,"column":5}},"18":{"start":{"line":44,"column":6},"end":{"line":48,"column":7}},"19":{"start":{"line":45,"column":8},"end":{"line":45,"column":59}},"20":{"start":{"line":47,"column":8},"end":{"line":47,"column":42}},"21":{"start":{"line":50,"column":4},"end":{"line":50,"column":16}},"22":{"start":{"line":54,"column":4},"end":{"line":54,"column":33}},"23":{"start":{"line":60,"column":8},"end":{"line":60,"column":12}},"24":{"start":{"line":61,"column":4},"end":{"line":63,"column":5}},"25":{"start":{"line":62,"column":6},"end":{"line":62,"column":46}},"26":{"start":{"line":64,"column":4},"end":{"line":64,"column":39}},"27":{"start":{"line":64,"column":25},"end":{"line":64,"column":39}},"28":{"start":{"line":65,"column":4},"end":{"line":67,"column":5}},"29":{"start":{"line":66,"column":6},"end":{"line":66,"column":46}},"30":{"start":{"line":68,"column":4},"end":{"line":70,"column":5}},"31":{"start":{"line":69,"column":6},"end":{"line":69,"column":63}},"32":{"start":{"line":71,"column":4},"end":{"line":133,"column":5}},"33":{"start":{"line":72,"column":17},"end":{"line":72,"column":35}},"34":{"start":{"line":73,"column":6},"end":{"line":81,"column":7}},"35":{"start":{"line":74,"column":27},"end":{"line":74,"column":32}},"36":{"start":{"line":75,"column":8},"end":{"line":80,"column":10}},"37":{"start":{"line":82,"column":6},"end":{"line":90,"column":7}},"38":{"start":{"line":83,"column":27},"end":{"line":83,"column":32}},"39":{"start":{"line":84,"column":8},"end":{"line":89,"column":10}},"40":{"start":{"line":91,"column":6},"end":{"line":97,"column":7}},"41":{"start":{"line":92,"column":8},"end":{"line":96,"column":10}},"42":{"start":{"line":98,"column":6},"end":{"line":104,"column":7}},"43":{"start":{"line":99,"column":8},"end":{"line":103,"column":10}},"44":{"start":{"line":105,"column":6},"end":{"line":111,"column":7}},"45":{"start":{"line":106,"column":8},"end":{"line":110,"column":10}},"46":{"start":{"line":112,"column":6},"end":{"line":118,"column":7}},"47":{"start":{"line":113,"column":8},"end":{"line":117,"column":10}},"48":{"start":{"line":119,"column":6},"end":{"line":125,"column":7}},"49":{"start":{"line":120,"column":8},"end":{"line":124,"column":10}},"50":{"start":{"line":126,"column":6},"end":{"line":132,"column":7}},"51":{"start":{"line":127,"column":8},"end":{"line":131,"column":10}},"52":{"start":{"line":134,"column":4},"end":{"line":134,"column":18}}},"fnMap":{"0":{"name":"returnMessage","decl":{"start":{"line":9,"column":9},"end":{"line":9,"column":22}},"loc":{"start":{"line":9,"column":42},"end":{"line":15,"column":1}},"line":9},"1":{"name":"(anonymous_1)","decl":{"start":{"line":20,"column":2},"end":{"line":20,"column":3}},"loc":{"start":{"line":20,"column":47},"end":{"line":26,"column":3}},"line":20},"2":{"name":"(anonymous_2)","decl":{"start":{"line":28,"column":2},"end":{"line":28,"column":3}},"loc":{"start":{"line":28,"column":16},"end":{"line":37,"column":3}},"line":28},"3":{"name":"(anonymous_3)","decl":{"start":{"line":39,"column":2},"end":{"line":39,"column":3}},"loc":{"start":{"line":39,"column":16},"end":{"line":51,"column":3}},"line":39},"4":{"name":"(anonymous_4)","decl":{"start":{"line":53,"column":2},"end":{"line":53,"column":3}},"loc":{"start":{"line":53,"column":11},"end":{"line":55,"column":3}},"line":53},"5":{"name":"(anonymous_5)","decl":{"start":{"line":57,"column":2},"end":{"line":57,"column":3}},"loc":{"start":{"line":57,"column":14},"end":{"line":135,"column":3}},"line":57}},"branchMap":{"0":{"loc":{"start":{"line":11,"column":2},"end":{"line":13,"column":3}},"type":"if","locations":[{"start":{"line":11,"column":2},"end":{"line":13,"column":3}},{"start":{"line":11,"column":2},"end":{"line":13,"column":3}}],"line":11},"1":{"loc":{"start":{"line":30,"column":4},"end":{"line":32,"column":5}},"type":"if","locations":[{"start":{"line":30,"column":4},"end":{"line":32,"column":5}},{"start":{"line":30,"column":4},"end":{"line":32,"column":5}}],"line":30},"2":{"loc":{"start":{"line":33,"column":4},"end":{"line":35,"column":5}},"type":"if","locations":[{"start":{"line":33,"column":4},"end":{"line":35,"column":5}},{"start":{"line":33,"column":4},"end":{"line":35,"column":5}}],"line":33},"3":{"loc":{"start":{"line":40,"column":15},"end":{"line":42,"column":41}},"type":"binary-expr","locations":[{"start":{"line":40,"column":15},"end":{"line":40,"column":39}},{"start":{"line":41,"column":9},"end":{"line":41,"column":41}},{"start":{"line":42,"column":9},"end":{"line":42,"column":41}}],"line":40},"4":{"loc":{"start":{"line":43,"column":4},"end":{"line":49,"column":5}},"type":"if","locations":[{"start":{"line":43,"column":4},"end":{"line":49,"column":5}},{"start":{"line":43,"column":4},"end":{"line":49,"column":5}}],"line":43},"5":{"loc":{"start":{"line":44,"column":6},"end":{"line":48,"column":7}},"type":"if","locations":[{"start":{"line":44,"column":6},"end":{"line":48,"column":7}},{"start":{"line":44,"column":6},"end":{"line":48,"column":7}}],"line":44},"6":{"loc":{"start":{"line":61,"column":4},"end":{"line":63,"column":5}},"type":"if","locations":[{"start":{"line":61,"column":4},"end":{"line":63,"column":5}},{"start":{"line":61,"column":4},"end":{"line":63,"column":5}}],"line":61},"7":{"loc":{"start":{"line":61,"column":8},"end":{"line":61,"column":35}},"type":"binary-expr","locations":[{"start":{"line":61,"column":8},"end":{"line":61,"column":16}},{"start":{"line":61,"column":20},"end":{"line":61,"column":35}}],"line":61},"8":{"loc":{"start":{"line":64,"column":4},"end":{"line":64,"column":39}},"type":"if","locations":[{"start":{"line":64,"column":4},"end":{"line":64,"column":39}},{"start":{"line":64,"column":4},"end":{"line":64,"column":39}}],"line":64},"9":{"loc":{"start":{"line":65,"column":4},"end":{"line":67,"column":5}},"type":"if","locations":[{"start":{"line":65,"column":4},"end":{"line":67,"column":5}},{"start":{"line":65,"column":4},"end":{"line":67,"column":5}}],"line":65},"10":{"loc":{"start":{"line":65,"column":8},"end":{"line":65,"column":43}},"type":"binary-expr","locations":[{"start":{"line":65,"column":8},"end":{"line":65,"column":19}},{"start":{"line":65,"column":23},"end":{"line":65,"column":43}}],"line":65},"11":{"loc":{"start":{"line":68,"column":4},"end":{"line":70,"column":5}},"type":"if","locations":[{"start":{"line":68,"column":4},"end":{"line":70,"column":5}},{"start":{"line":68,"column":4},"end":{"line":70,"column":5}}],"line":68},"12":{"loc":{"start":{"line":71,"column":4},"end":{"line":133,"column":5}},"type":"if","locations":[{"start":{"line":71,"column":4},"end":{"line":133,"column":5}},{"start":{"line":71,"column":4},"end":{"line":133,"column":5}}],"line":71},"13":{"loc":{"start":{"line":73,"column":6},"end":{"line":81,"column":7}},"type":"if","locations":[{"start":{"line":73,"column":6},"end":{"line":81,"column":7}},{"start":{"line":73,"column":6},"end":{"line":81,"column":7}}],"line":73},"14":{"loc":{"start":{"line":76,"column":10},"end":{"line":76,"column":66}},"type":"binary-expr","locations":[{"start":{"line":76,"column":10},"end":{"line":76,"column":36}},{"start":{"line":76,"column":40},"end":{"line":76,"column":66}}],"line":76},"15":{"loc":{"start":{"line":82,"column":6},"end":{"line":90,"column":7}},"type":"if","locations":[{"start":{"line":82,"column":6},"end":{"line":90,"column":7}},{"start":{"line":82,"column":6},"end":{"line":90,"column":7}}],"line":82},"16":{"loc":{"start":{"line":85,"column":10},"end":{"line":85,"column":64}},"type":"binary-expr","locations":[{"start":{"line":85,"column":10},"end":{"line":85,"column":35}},{"start":{"line":85,"column":39},"end":{"line":85,"column":64}}],"line":85},"17":{"loc":{"start":{"line":91,"column":6},"end":{"line":97,"column":7}},"type":"if","locations":[{"start":{"line":91,"column":6},"end":{"line":97,"column":7}},{"start":{"line":91,"column":6},"end":{"line":97,"column":7}}],"line":91},"18":{"loc":{"start":{"line":98,"column":6},"end":{"line":104,"column":7}},"type":"if","locations":[{"start":{"line":98,"column":6},"end":{"line":104,"column":7}},{"start":{"line":98,"column":6},"end":{"line":104,"column":7}}],"line":98},"19":{"loc":{"start":{"line":105,"column":6},"end":{"line":111,"column":7}},"type":"if","locations":[{"start":{"line":105,"column":6},"end":{"line":111,"column":7}},{"start":{"line":105,"column":6},"end":{"line":111,"column":7}}],"line":105},"20":{"loc":{"start":{"line":112,"column":6},"end":{"line":118,"column":7}},"type":"if","locations":[{"start":{"line":112,"column":6},"end":{"line":118,"column":7}},{"start":{"line":112,"column":6},"end":{"line":118,"column":7}}],"line":112},"21":{"loc":{"start":{"line":119,"column":6},"end":{"line":125,"column":7}},"type":"if","locations":[{"start":{"line":119,"column":6},"end":{"line":125,"column":7}},{"start":{"line":119,"column":6},"end":{"line":125,"column":7}}],"line":119},"22":{"loc":{"start":{"line":126,"column":6},"end":{"line":132,"column":7}},"type":"if","locations":[{"start":{"line":126,"column":6},"end":{"line":132,"column":7}},{"start":{"line":126,"column":6},"end":{"line":132,"column":7}}],"line":126}},"s":{"0":0,"1":0,"2":0,"3":0,"4":0,"5":0,"6":0,"7":0,"8":0,"9":0,"10":0,"11":0,"12":0,"13":0,"14":0,"15":0,"16":0,"17":0,"18":0,"19":0,"20":0,"21":0,"22":0,"23":0,"24":0,"25":0,"26":0,"27":0,"28":0,"29":0,"30":0,"31":0,"32":0,"33":0,"34":0,"35":0,"36":0,"37":0,"38":0,"39":0,"40":0,"41":0,"42":0,"43":0,"44":0,"45":0,"46":0,"47":0,"48":0,"49":0,"50":0,"51":0,"52":0},"f":{"0":0,"1":0,"2":0,"3":0,"4":0,"5":0},"b":{"0":[0,0],"1":[0,0],"2":[0,0],"3":[0,0,0],"4":[0,0],"5":[0,0],"6":[0,0],"7":[0,0],"8":[0,0],"9":[0,0],"10":[0,0],"11":[0,0],"12":[0,0],"13":[0,0],"14":[0,0],"15":[0,0],"16":[0,0],"17":[0,0],"18":[0,0],"19":[0,0],"20":[0,0],"21":[0,0],"22":[0,0]}}}