{"/Users/wen/Desktop/work/vue/edit/node_modules/x-spreadsheet-master/src/core/alphabet.js":{"path":"/Users/wen/Desktop/work/vue/edit/node_modules/x-spreadsheet-master/src/core/alphabet.js","statementMap":{"0":{"start":{"line":1,"column":18},"end":{"line":1,"column":148}},"1":{"start":{"line":4,"column":12},"end":{"line":4,"column":14}},"2":{"start":{"line":5,"column":15},"end":{"line":5,"column":20}},"3":{"start":{"line":6,"column":2},"end":{"line":10,"column":3}},"4":{"start":{"line":7,"column":4},"end":{"line":7,"column":31}},"5":{"start":{"line":8,"column":4},"end":{"line":8,"column":16}},"6":{"start":{"line":9,"column":4},"end":{"line":9,"column":62}},"7":{"start":{"line":11,"column":15},"end":{"line":11,"column":39}},"8":{"start":{"line":12,"column":2},"end":{"line":12,"column":25}},"9":{"start":{"line":13,"column":2},"end":{"line":13,"column":13}},"10":{"start":{"line":17,"column":12},"end":{"line":17,"column":13}},"11":{"start":{"line":18,"column":2},"end":{"line":22,"column":3}},"12":{"start":{"line":18,"column":15},"end":{"line":18,"column":16}},"13":{"start":{"line":19,"column":19},"end":{"line":19,"column":41}},"14":{"start":{"line":20,"column":20},"end":{"line":20,"column":38}},"15":{"start":{"line":21,"column":4},"end":{"line":21,"column":71}},"16":{"start":{"line":23,"column":2},"end":{"line":23,"column":45}},"17":{"start":{"line":24,"column":2},"end":{"line":24,"column":13}},"18":{"start":{"line":29,"column":10},"end":{"line":29,"column":12}},"19":{"start":{"line":30,"column":10},"end":{"line":30,"column":12}},"20":{"start":{"line":31,"column":2},"end":{"line":37,"column":3}},"21":{"start":{"line":31,"column":15},"end":{"line":31,"column":16}},"22":{"start":{"line":32,"column":4},"end":{"line":36,"column":5}},"23":{"start":{"line":33,"column":6},"end":{"line":33,"column":25}},"24":{"start":{"line":35,"column":6},"end":{"line":35,"column":25}},"25":{"start":{"line":38,"column":2},"end":{"line":38,"column":43}},"26":{"start":{"line":42,"column":17},"end":{"line":42,"column":29}},"27":{"start":{"line":43,"column":2},"end":{"line":43,"column":37}},"28":{"start":{"line":48,"column":2},"end":{"line":48,"column":34}}},"fnMap":{"0":{"name":"stringAt","decl":{"start":{"line":3,"column":16},"end":{"line":3,"column":24}},"loc":{"start":{"line":3,"column":32},"end":{"line":14,"column":1}},"line":3},"1":{"name":"indexAt","decl":{"start":{"line":16,"column":16},"end":{"line":16,"column":23}},"loc":{"start":{"line":16,"column":29},"end":{"line":25,"column":1}},"line":16},"2":{"name":"expr2xy","decl":{"start":{"line":28,"column":16},"end":{"line":28,"column":23}},"loc":{"start":{"line":28,"column":29},"end":{"line":39,"column":1}},"line":28},"3":{"name":"expr2expr","decl":{"start":{"line":41,"column":16},"end":{"line":41,"column":25}},"loc":{"start":{"line":41,"column":39},"end":{"line":44,"column":1}},"line":41},"4":{"name":"xy2expr","decl":{"start":{"line":47,"column":16},"end":{"line":47,"column":23}},"loc":{"start":{"line":47,"column":30},"end":{"line":49,"column":1}},"line":47}},"branchMap":{"0":{"loc":{"start":{"line":32,"column":4},"end":{"line":36,"column":5}},"type":"if","locations":[{"start":{"line":32,"column":4},"end":{"line":36,"column":5}},{"start":{"line":32,"column":4},"end":{"line":36,"column":5}}],"line":32},"1":{"loc":{"start":{"line":32,"column":8},"end":{"line":32,"column":52}},"type":"binary-expr","locations":[{"start":{"line":32,"column":8},"end":{"line":32,"column":28}},{"start":{"line":32,"column":32},"end":{"line":32,"column":52}}],"line":32}},"s":{"0":0,"1":0,"2":0,"3":0,"4":0,"5":0,"6":0,"7":0,"8":0,"9":0,"10":0,"11":0,"12":0,"13":0,"14":0,"15":0,"16":0,"17":0,"18":0,"19":0,"20":0,"21":0,"22":0,"23":0,"24":0,"25":0,"26":0,"27":0,"28":0},"f":{"0":0,"1":0,"2":0,"3":0,"4":0},"b":{"0":[0,0],"1":[0,0]}},"/Users/wen/Desktop/work/vue/edit/node_modules/x-spreadsheet-master/src/core/auto_filter.js":{"path":"/Users/wen/Desktop/work/vue/edit/node_modules/x-spreadsheet-master/src/core/auto_filter.js","statementMap":{"0":{"start":{"line":8,"column":8},"end":{"line":8,"column":21}},"1":{"start":{"line":9,"column":8},"end":{"line":9,"column":33}},"2":{"start":{"line":10,"column":8},"end":{"line":10,"column":27}},"3":{"start":{"line":14,"column":8},"end":{"line":14,"column":33}},"4":{"start":{"line":15,"column":8},"end":{"line":15,"column":27}},"5":{"start":{"line":19,"column":34},"end":{"line":19,"column":38}},"6":{"start":{"line":20,"column":8},"end":{"line":22,"column":9}},"7":{"start":{"line":21,"column":12},"end":{"line":21,"column":24}},"8":{"start":{"line":23,"column":8},"end":{"line":25,"column":9}},"9":{"start":{"line":24,"column":12},"end":{"line":24,"column":37}},"10":{"start":{"line":26,"column":8},"end":{"line":26,"column":21}},"11":{"start":{"line":30,"column":34},"end":{"line":30,"column":38}},"12":{"start":{"line":31,"column":8},"end":{"line":33,"column":9}},"13":{"start":{"line":32,"column":12},"end":{"line":32,"column":32}},"14":{"start":{"line":34,"column":8},"end":{"line":34,"column":17}},"15":{"start":{"line":39,"column":38},"end":{"line":39,"column":42}},"16":{"start":{"line":40,"column":8},"end":{"line":40,"column":37}},"17":{"start":{"line":46,"column":8},"end":{"line":46,"column":21}},"18":{"start":{"line":47,"column":8},"end":{"line":47,"column":27}},"19":{"start":{"line":51,"column":8},"end":{"line":51,"column":36}},"20":{"start":{"line":55,"column":8},"end":{"line":55,"column":37}},"21":{"start":{"line":61,"column":8},"end":{"line":61,"column":24}},"22":{"start":{"line":62,"column":8},"end":{"line":62,"column":26}},"23":{"start":{"line":63,"column":8},"end":{"line":63,"column":25}},"24":{"start":{"line":65,"column":8},"end":{"line":65,"column":23}},"25":{"start":{"line":69,"column":8},"end":{"line":75,"column":9}},"26":{"start":{"line":70,"column":12},"end":{"line":70,"column":27}},"27":{"start":{"line":71,"column":12},"end":{"line":71,"column":87}},"28":{"start":{"line":71,"column":45},"end":{"line":71,"column":85}},"29":{"start":{"line":72,"column":12},"end":{"line":74,"column":13}},"30":{"start":{"line":73,"column":16},"end":{"line":73,"column":58}},"31":{"start":{"line":79,"column":8},"end":{"line":82,"column":9}},"32":{"start":{"line":80,"column":41},"end":{"line":80,"column":45}},"33":{"start":{"line":81,"column":12},"end":{"line":81,"column":73}},"34":{"start":{"line":81,"column":52},"end":{"line":81,"column":64}},"35":{"start":{"line":83,"column":8},"end":{"line":83,"column":18}},"36":{"start":{"line":87,"column":23},"end":{"line":87,"column":41}},"37":{"start":{"line":88,"column":8},"end":{"line":92,"column":9}},"38":{"start":{"line":89,"column":12},"end":{"line":89,"column":63}},"39":{"start":{"line":91,"column":12},"end":{"line":91,"column":40}},"40":{"start":{"line":96,"column":8},"end":{"line":96,"column":25}},"41":{"start":{"line":100,"column":8},"end":{"line":100,"column":55}},"42":{"start":{"line":104,"column":8},"end":{"line":106,"column":9}},"43":{"start":{"line":105,"column":12},"end":{"line":105,"column":50}},"44":{"start":{"line":107,"column":8},"end":{"line":107,"column":21}},"45":{"start":{"line":111,"column":8},"end":{"line":124,"column":9}},"46":{"start":{"line":111,"column":22},"end":{"line":111,"column":23}},"47":{"start":{"line":112,"column":45},"end":{"line":112,"column":58}},"48":{"start":{"line":113,"column":12},"end":{"line":113,"column":49}},"49":{"start":{"line":114,"column":12},"end":{"line":123,"column":13}},"50":{"start":{"line":114,"column":25},"end":{"line":114,"column":27}},"51":{"start":{"line":115,"column":16},"end":{"line":115,"column":57}},"52":{"start":{"line":116,"column":16},"end":{"line":122,"column":17}},"53":{"start":{"line":117,"column":20},"end":{"line":117,"column":44}},"54":{"start":{"line":118,"column":20},"end":{"line":118,"column":47}},"55":{"start":{"line":119,"column":23},"end":{"line":122,"column":17}},"56":{"start":{"line":120,"column":20},"end":{"line":120,"column":47}},"57":{"start":{"line":121,"column":20},"end":{"line":121,"column":48}},"58":{"start":{"line":126,"column":8},"end":{"line":126,"column":28}},"59":{"start":{"line":130,"column":16},"end":{"line":130,"column":21}},"60":{"start":{"line":132,"column":8},"end":{"line":137,"column":9}},"61":{"start":{"line":132,"column":21},"end":{"line":132,"column":22}},"62":{"start":{"line":133,"column":27},"end":{"line":133,"column":39}},"63":{"start":{"line":134,"column":12},"end":{"line":136,"column":13}},"64":{"start":{"line":135,"column":16},"end":{"line":135,"column":25}},"65":{"start":{"line":139,"column":8},"end":{"line":139,"column":17}},"66":{"start":{"line":143,"column":23},"end":{"line":143,"column":27}},"67":{"start":{"line":144,"column":8},"end":{"line":146,"column":9}},"68":{"start":{"line":145,"column":12},"end":{"line":145,"column":24}},"69":{"start":{"line":147,"column":8},"end":{"line":147,"column":20}},"70":{"start":{"line":151,"column":26},"end":{"line":151,"column":30}},"71":{"start":{"line":152,"column":8},"end":{"line":156,"column":9}},"72":{"start":{"line":152,"column":21},"end":{"line":152,"column":22}},"73":{"start":{"line":153,"column":12},"end":{"line":155,"column":13}},"74":{"start":{"line":154,"column":16},"end":{"line":154,"column":34}},"75":{"start":{"line":157,"column":8},"end":{"line":157,"column":20}},"76":{"start":{"line":163,"column":21},"end":{"line":163,"column":30}},"77":{"start":{"line":164,"column":21},"end":{"line":164,"column":30}},"78":{"start":{"line":165,"column":8},"end":{"line":181,"column":9}},"79":{"start":{"line":166,"column":31},"end":{"line":166,"column":43}},"80":{"start":{"line":167,"column":30},"end":{"line":167,"column":34}},"81":{"start":{"line":168,"column":12},"end":{"line":180,"column":13}},"82":{"start":{"line":168,"column":26},"end":{"line":168,"column":33}},"83":{"start":{"line":169,"column":16},"end":{"line":179,"column":17}},"84":{"start":{"line":169,"column":29},"end":{"line":169,"column":30}},"85":{"start":{"line":170,"column":35},"end":{"line":170,"column":45}},"86":{"start":{"line":171,"column":33},"end":{"line":171,"column":55}},"87":{"start":{"line":172,"column":34},"end":{"line":172,"column":55}},"88":{"start":{"line":173,"column":20},"end":{"line":178,"column":21}},"89":{"start":{"line":174,"column":24},"end":{"line":174,"column":37}},"90":{"start":{"line":175,"column":24},"end":{"line":175,"column":30}},"91":{"start":{"line":177,"column":24},"end":{"line":177,"column":37}},"92":{"start":{"line":183,"column":8},"end":{"line":183,"column":28}},"93":{"start":{"line":187,"column":18},"end":{"line":187,"column":20}},"94":{"start":{"line":188,"column":8},"end":{"line":200,"column":9}},"95":{"start":{"line":189,"column":31},"end":{"line":189,"column":43}},"96":{"start":{"line":190,"column":12},"end":{"line":199,"column":13}},"97":{"start":{"line":190,"column":26},"end":{"line":190,"column":33}},"98":{"start":{"line":191,"column":29},"end":{"line":191,"column":44}},"99":{"start":{"line":192,"column":16},"end":{"line":198,"column":17}},"100":{"start":{"line":193,"column":32},"end":{"line":193,"column":41}},"101":{"start":{"line":194,"column":32},"end":{"line":194,"column":49}},"102":{"start":{"line":195,"column":20},"end":{"line":195,"column":33}},"103":{"start":{"line":197,"column":20},"end":{"line":197,"column":45}},"104":{"start":{"line":201,"column":8},"end":{"line":201,"column":17}},"105":{"start":{"line":205,"column":8},"end":{"line":205,"column":43}},"106":{"start":{"line":209,"column":18},"end":{"line":209,"column":30}},"107":{"start":{"line":210,"column":8},"end":{"line":210,"column":40}},"108":{"start":{"line":211,"column":8},"end":{"line":211,"column":22}},"109":{"start":{"line":212,"column":8},"end":{"line":212,"column":17}},"110":{"start":{"line":216,"column":8},"end":{"line":216,"column":24}},"111":{"start":{"line":217,"column":8},"end":{"line":217,"column":26}},"112":{"start":{"line":218,"column":8},"end":{"line":218,"column":25}},"113":{"start":{"line":222,"column":8},"end":{"line":222,"column":33}}},"fnMap":{"0":{"name":"(anonymous_0)","decl":{"start":{"line":7,"column":4},"end":{"line":7,"column":5}},"loc":{"start":{"line":7,"column":37},"end":{"line":11,"column":5}},"line":7},"1":{"name":"(anonymous_1)","decl":{"start":{"line":13,"column":4},"end":{"line":13,"column":5}},"loc":{"start":{"line":13,"column":25},"end":{"line":16,"column":5}},"line":13},"2":{"name":"(anonymous_2)","decl":{"start":{"line":18,"column":4},"end":{"line":18,"column":5}},"loc":{"start":{"line":18,"column":16},"end":{"line":27,"column":5}},"line":18},"3":{"name":"(anonymous_3)","decl":{"start":{"line":29,"column":4},"end":{"line":29,"column":5}},"loc":{"start":{"line":29,"column":14},"end":{"line":35,"column":5}},"line":29},"4":{"name":"(anonymous_4)","decl":{"start":{"line":37,"column":4},"end":{"line":37,"column":5}},"loc":{"start":{"line":37,"column":14},"end":{"line":41,"column":5}},"line":37},"5":{"name":"(anonymous_5)","decl":{"start":{"line":45,"column":4},"end":{"line":45,"column":5}},"loc":{"start":{"line":45,"column":27},"end":{"line":48,"column":5}},"line":45},"6":{"name":"(anonymous_6)","decl":{"start":{"line":50,"column":4},"end":{"line":50,"column":5}},"loc":{"start":{"line":50,"column":10},"end":{"line":52,"column":5}},"line":50},"7":{"name":"(anonymous_7)","decl":{"start":{"line":54,"column":4},"end":{"line":54,"column":5}},"loc":{"start":{"line":54,"column":11},"end":{"line":56,"column":5}},"line":54},"8":{"name":"(anonymous_8)","decl":{"start":{"line":60,"column":4},"end":{"line":60,"column":5}},"loc":{"start":{"line":60,"column":18},"end":{"line":66,"column":5}},"line":60},"9":{"name":"(anonymous_9)","decl":{"start":{"line":68,"column":4},"end":{"line":68,"column":5}},"loc":{"start":{"line":68,"column":34},"end":{"line":76,"column":5}},"line":68},"10":{"name":"(anonymous_10)","decl":{"start":{"line":71,"column":39},"end":{"line":71,"column":40}},"loc":{"start":{"line":71,"column":45},"end":{"line":71,"column":85}},"line":71},"11":{"name":"(anonymous_11)","decl":{"start":{"line":78,"column":4},"end":{"line":78,"column":5}},"loc":{"start":{"line":78,"column":14},"end":{"line":84,"column":5}},"line":78},"12":{"name":"(anonymous_12)","decl":{"start":{"line":81,"column":46},"end":{"line":81,"column":47}},"loc":{"start":{"line":81,"column":52},"end":{"line":81,"column":64}},"line":81},"13":{"name":"(anonymous_13)","decl":{"start":{"line":86,"column":4},"end":{"line":86,"column":5}},"loc":{"start":{"line":86,"column":35},"end":{"line":93,"column":5}},"line":86},"14":{"name":"(anonymous_14)","decl":{"start":{"line":95,"column":4},"end":{"line":95,"column":5}},"loc":{"start":{"line":95,"column":22},"end":{"line":97,"column":5}},"line":95},"15":{"name":"(anonymous_15)","decl":{"start":{"line":99,"column":4},"end":{"line":99,"column":5}},"loc":{"start":{"line":99,"column":23},"end":{"line":101,"column":5}},"line":99},"16":{"name":"(anonymous_16)","decl":{"start":{"line":103,"column":4},"end":{"line":103,"column":5}},"loc":{"start":{"line":103,"column":21},"end":{"line":108,"column":5}},"line":103},"17":{"name":"(anonymous_17)","decl":{"start":{"line":110,"column":4},"end":{"line":110,"column":5}},"loc":{"start":{"line":110,"column":30},"end":{"line":127,"column":5}},"line":110},"18":{"name":"(anonymous_18)","decl":{"start":{"line":129,"column":4},"end":{"line":129,"column":5}},"loc":{"start":{"line":129,"column":24},"end":{"line":140,"column":5}},"line":129},"19":{"name":"(anonymous_19)","decl":{"start":{"line":142,"column":4},"end":{"line":142,"column":5}},"loc":{"start":{"line":142,"column":16},"end":{"line":148,"column":5}},"line":142},"20":{"name":"(anonymous_20)","decl":{"start":{"line":150,"column":4},"end":{"line":150,"column":5}},"loc":{"start":{"line":150,"column":18},"end":{"line":158,"column":5}},"line":150},"21":{"name":"(anonymous_21)","decl":{"start":{"line":160,"column":4},"end":{"line":160,"column":5}},"loc":{"start":{"line":160,"column":26},"end":{"line":184,"column":5}},"line":160},"22":{"name":"(anonymous_22)","decl":{"start":{"line":186,"column":4},"end":{"line":186,"column":5}},"loc":{"start":{"line":186,"column":23},"end":{"line":202,"column":5}},"line":186},"23":{"name":"(anonymous_23)","decl":{"start":{"line":204,"column":4},"end":{"line":204,"column":5}},"loc":{"start":{"line":204,"column":12},"end":{"line":206,"column":5}},"line":204},"24":{"name":"(anonymous_24)","decl":{"start":{"line":208,"column":4},"end":{"line":208,"column":5}},"loc":{"start":{"line":208,"column":13},"end":{"line":213,"column":5}},"line":208},"25":{"name":"(anonymous_25)","decl":{"start":{"line":215,"column":4},"end":{"line":215,"column":5}},"loc":{"start":{"line":215,"column":12},"end":{"line":219,"column":5}},"line":215},"26":{"name":"(anonymous_26)","decl":{"start":{"line":221,"column":4},"end":{"line":221,"column":5}},"loc":{"start":{"line":221,"column":13},"end":{"line":223,"column":5}},"line":221}},"branchMap":{"0":{"loc":{"start":{"line":20,"column":8},"end":{"line":22,"column":9}},"type":"if","locations":[{"start":{"line":20,"column":8},"end":{"line":22,"column":9}},{"start":{"line":20,"column":8},"end":{"line":22,"column":9}}],"line":20},"1":{"loc":{"start":{"line":23,"column":8},"end":{"line":25,"column":9}},"type":"if","locations":[{"start":{"line":23,"column":8},"end":{"line":25,"column":9}},{"start":{"line":23,"column":8},"end":{"line":25,"column":9}}],"line":23},"2":{"loc":{"start":{"line":31,"column":8},"end":{"line":33,"column":9}},"type":"if","locations":[{"start":{"line":31,"column":8},"end":{"line":33,"column":9}},{"start":{"line":31,"column":8},"end":{"line":33,"column":9}}],"line":31},"3":{"loc":{"start":{"line":69,"column":8},"end":{"line":75,"column":9}},"type":"if","locations":[{"start":{"line":69,"column":8},"end":{"line":75,"column":9}},{"start":{"line":69,"column":8},"end":{"line":75,"column":9}}],"line":69},"4":{"loc":{"start":{"line":72,"column":12},"end":{"line":74,"column":13}},"type":"if","locations":[{"start":{"line":72,"column":12},"end":{"line":74,"column":13}},{"start":{"line":72,"column":12},"end":{"line":74,"column":13}}],"line":72},"5":{"loc":{"start":{"line":79,"column":8},"end":{"line":82,"column":9}},"type":"if","locations":[{"start":{"line":79,"column":8},"end":{"line":82,"column":9}},{"start":{"line":79,"column":8},"end":{"line":82,"column":9}}],"line":79},"6":{"loc":{"start":{"line":88,"column":8},"end":{"line":92,"column":9}},"type":"if","locations":[{"start":{"line":88,"column":8},"end":{"line":92,"column":9}},{"start":{"line":88,"column":8},"end":{"line":92,"column":9}}],"line":88},"7":{"loc":{"start":{"line":100,"column":20},"end":{"line":100,"column":54}},"type":"cond-expr","locations":[{"start":{"line":100,"column":28},"end":{"line":100,"column":47}},{"start":{"line":100,"column":50},"end":{"line":100,"column":54}}],"line":100},"8":{"loc":{"start":{"line":104,"column":8},"end":{"line":106,"column":9}},"type":"if","locations":[{"start":{"line":104,"column":8},"end":{"line":106,"column":9}},{"start":{"line":104,"column":8},"end":{"line":106,"column":9}}],"line":104},"9":{"loc":{"start":{"line":116,"column":16},"end":{"line":122,"column":17}},"type":"if","locations":[{"start":{"line":116,"column":16},"end":{"line":122,"column":17}},{"start":{"line":116,"column":16},"end":{"line":122,"column":17}}],"line":116},"10":{"loc":{"start":{"line":116,"column":20},"end":{"line":116,"column":48}},"type":"binary-expr","locations":[{"start":{"line":116,"column":20},"end":{"line":116,"column":35}},{"start":{"line":116,"column":39},"end":{"line":116,"column":48}}],"line":116},"11":{"loc":{"start":{"line":119,"column":23},"end":{"line":122,"column":17}},"type":"if","locations":[{"start":{"line":119,"column":23},"end":{"line":122,"column":17}},{"start":{"line":119,"column":23},"end":{"line":122,"column":17}}],"line":119},"12":{"loc":{"start":{"line":119,"column":27},"end":{"line":119,"column":54}},"type":"binary-expr","locations":[{"start":{"line":119,"column":27},"end":{"line":119,"column":41}},{"start":{"line":119,"column":45},"end":{"line":119,"column":54}}],"line":119},"13":{"loc":{"start":{"line":134,"column":12},"end":{"line":136,"column":13}},"type":"if","locations":[{"start":{"line":134,"column":12},"end":{"line":136,"column":13}},{"start":{"line":134,"column":12},"end":{"line":136,"column":13}}],"line":134},"14":{"loc":{"start":{"line":134,"column":16},"end":{"line":134,"column":38}},"type":"binary-expr","locations":[{"start":{"line":134,"column":16},"end":{"line":134,"column":25}},{"start":{"line":134,"column":29},"end":{"line":134,"column":38}}],"line":134},"15":{"loc":{"start":{"line":144,"column":8},"end":{"line":146,"column":9}},"type":"if","locations":[{"start":{"line":144,"column":8},"end":{"line":146,"column":9}},{"start":{"line":144,"column":8},"end":{"line":146,"column":9}}],"line":144},"16":{"loc":{"start":{"line":144,"column":12},"end":{"line":144,"column":34}},"type":"binary-expr","locations":[{"start":{"line":144,"column":12},"end":{"line":144,"column":16}},{"start":{"line":144,"column":20},"end":{"line":144,"column":34}}],"line":144},"17":{"loc":{"start":{"line":153,"column":12},"end":{"line":155,"column":13}},"type":"if","locations":[{"start":{"line":153,"column":12},"end":{"line":155,"column":13}},{"start":{"line":153,"column":12},"end":{"line":155,"column":13}}],"line":153},"18":{"loc":{"start":{"line":165,"column":8},"end":{"line":181,"column":9}},"type":"if","locations":[{"start":{"line":165,"column":8},"end":{"line":181,"column":9}},{"start":{"line":165,"column":8},"end":{"line":181,"column":9}}],"line":165},"19":{"loc":{"start":{"line":172,"column":34},"end":{"line":172,"column":55}},"type":"cond-expr","locations":[{"start":{"line":172,"column":41},"end":{"line":172,"column":50}},{"start":{"line":172,"column":53},"end":{"line":172,"column":55}}],"line":172},"20":{"loc":{"start":{"line":173,"column":20},"end":{"line":178,"column":21}},"type":"if","locations":[{"start":{"line":173,"column":20},"end":{"line":178,"column":21}},{"start":{"line":173,"column":20},"end":{"line":178,"column":21}}],"line":173},"21":{"loc":{"start":{"line":188,"column":8},"end":{"line":200,"column":9}},"type":"if","locations":[{"start":{"line":188,"column":8},"end":{"line":200,"column":9}},{"start":{"line":188,"column":8},"end":{"line":200,"column":9}}],"line":188},"22":{"loc":{"start":{"line":192,"column":16},"end":{"line":198,"column":17}},"type":"if","locations":[{"start":{"line":192,"column":16},"end":{"line":198,"column":17}},{"start":{"line":192,"column":16},"end":{"line":198,"column":17}}],"line":192},"23":{"loc":{"start":{"line":192,"column":20},"end":{"line":192,"column":61}},"type":"binary-expr","locations":[{"start":{"line":192,"column":20},"end":{"line":192,"column":33}},{"start":{"line":192,"column":37},"end":{"line":192,"column":61}}],"line":192},"24":{"loc":{"start":{"line":194,"column":33},"end":{"line":194,"column":44}},"type":"binary-expr","locations":[{"start":{"line":194,"column":33},"end":{"line":194,"column":39}},{"start":{"line":194,"column":43},"end":{"line":194,"column":44}}],"line":194},"25":{"loc":{"start":{"line":197,"column":29},"end":{"line":197,"column":39}},"type":"binary-expr","locations":[{"start":{"line":197,"column":29},"end":{"line":197,"column":34}},{"start":{"line":197,"column":38},"end":{"line":197,"column":39}}],"line":197}},"s":{"0":0,"1":0,"2":0,"3":0,"4":0,"5":0,"6":0,"7":0,"8":0,"9":0,"10":0,"11":0,"12":0,"13":0,"14":0,"15":0,"16":0,"17":0,"18":0,"19":0,"20":0,"21":0,"22":0,"23":0,"24":0,"25":0,"26":0,"27":0,"28":0,"29":0,"30":0,"31":0,"32":0,"33":0,"34":0,"35":0,"36":0,"37":0,"38":0,"39":0,"40":0,"41":0,"42":0,"43":0,"44":0,"45":0,"46":0,"47":0,"48":0,"49":0,"50":0,"51":0,"52":0,"53":0,"54":0,"55":0,"56":0,"57":0,"58":0,"59":0,"60":0,"61":0,"62":0,"63":0,"64":0,"65":0,"66":0,"67":0,"68":0,"69":0,"70":0,"71":0,"72":0,"73":0,"74":0,"75":0,"76":0,"77":0,"78":0,"79":0,"80":0,"81":0,"82":0,"83":0,"84":0,"85":0,"86":0,"87":0,"88":0,"89":0,"90":0,"91":0,"92":0,"93":0,"94":0,"95":0,"96":0,"97":0,"98":0,"99":0,"100":0,"101":0,"102":0,"103":0,"104":0,"105":0,"106":0,"107":0,"108":0,"109":0,"110":0,"111":0,"112":0,"113":0},"f":{"0":0,"1":0,"2":0,"3":0,"4":0,"5":0,"6":0,"7":0,"8":0,"9":0,"10":0,"11":0,"12":0,"13":0,"14":0,"15":0,"16":0,"17":0,"18":0,"19":0,"20":0,"21":0,"22":0,"23":0,"24":0,"25":0,"26":0},"b":{"0":[0,0],"1":[0,0],"2":[0,0],"3":[0,0],"4":[0,0],"5":[0,0],"6":[0,0],"7":[0,0],"8":[0,0],"9":[0,0],"10":[0,0],"11":[0,0],"12":[0,0],"13":[0,0],"14":[0,0],"15":[0,0],"16":[0,0],"17":[0,0],"18":[0,0],"19":[0,0],"20":[0,0],"21":[0,0],"22":[0,0],"23":[0,0],"24":[0,0],"25":[0,0]}},"/Users/wen/Desktop/work/vue/edit/node_modules/x-spreadsheet-master/src/core/cell_range.js":{"path":"/Users/wen/Desktop/work/vue/edit/node_modules/x-spreadsheet-master/src/core/cell_range.js","statementMap":{"0":{"start":{"line":5,"column":4},"end":{"line":5,"column":19}},"1":{"start":{"line":6,"column":4},"end":{"line":6,"column":19}},"2":{"start":{"line":7,"column":4},"end":{"line":7,"column":19}},"3":{"start":{"line":8,"column":4},"end":{"line":8,"column":19}},"4":{"start":{"line":9,"column":4},"end":{"line":9,"column":15}},"5":{"start":{"line":10,"column":4},"end":{"line":10,"column":15}},"6":{"start":{"line":14,"column":4},"end":{"line":14,"column":19}},"7":{"start":{"line":15,"column":4},"end":{"line":15,"column":19}},"8":{"start":{"line":16,"column":4},"end":{"line":16,"column":19}},"9":{"start":{"line":17,"column":4},"end":{"line":17,"column":19}},"10":{"start":{"line":21,"column":4},"end":{"line":21,"column":62}},"11":{"start":{"line":27,"column":19},"end":{"line":27,"column":25}},"12":{"start":{"line":28,"column":4},"end":{"line":32,"column":5}},"13":{"start":{"line":29,"column":6},"end":{"line":29,"column":34}},"14":{"start":{"line":30,"column":11},"end":{"line":32,"column":5}},"15":{"start":{"line":31,"column":6},"end":{"line":31,"column":22}},"16":{"start":{"line":35,"column":8},"end":{"line":35,"column":12}},"17":{"start":{"line":36,"column":4},"end":{"line":36,"column":60}},"18":{"start":{"line":39,"column":29},"end":{"line":39,"column":33}},"19":{"start":{"line":42,"column":8},"end":{"line":42,"column":12}},"20":{"start":{"line":43,"column":4},"end":{"line":49,"column":5}},"21":{"start":{"line":43,"column":17},"end":{"line":43,"column":20}},"22":{"start":{"line":44,"column":6},"end":{"line":48,"column":7}},"23":{"start":{"line":45,"column":8},"end":{"line":47,"column":9}},"24":{"start":{"line":45,"column":21},"end":{"line":45,"column":24}},"25":{"start":{"line":46,"column":10},"end":{"line":46,"column":19}},"26":{"start":{"line":53,"column":4},"end":{"line":56,"column":31}},"27":{"start":{"line":61,"column":4},"end":{"line":64,"column":31}},"28":{"start":{"line":69,"column":4},"end":{"line":72,"column":30}},"29":{"start":{"line":77,"column":4},"end":{"line":80,"column":31}},"30":{"start":{"line":87,"column":8},"end":{"line":87,"column":12}},"31":{"start":{"line":88,"column":4},"end":{"line":93,"column":6}},"32":{"start":{"line":102,"column":16},"end":{"line":102,"column":18}},"33":{"start":{"line":103,"column":19},"end":{"line":105,"column":5}},"34":{"start":{"line":104,"column":6},"end":{"line":104,"column":50}},"35":{"start":{"line":108,"column":8},"end":{"line":108,"column":12}},"36":{"start":{"line":109,"column":16},"end":{"line":109,"column":31}},"37":{"start":{"line":110,"column":16},"end":{"line":110,"column":31}},"38":{"start":{"line":111,"column":16},"end":{"line":111,"column":31}},"39":{"start":{"line":112,"column":16},"end":{"line":112,"column":31}},"40":{"start":{"line":113,"column":4},"end":{"line":139,"column":5}},"41":{"start":{"line":114,"column":6},"end":{"line":114,"column":43}},"42":{"start":{"line":115,"column":6},"end":{"line":130,"column":7}},"43":{"start":{"line":116,"column":8},"end":{"line":116,"column":45}},"44":{"start":{"line":117,"column":8},"end":{"line":119,"column":9}},"45":{"start":{"line":118,"column":10},"end":{"line":118,"column":59}},"46":{"start":{"line":120,"column":8},"end":{"line":122,"column":9}},"47":{"start":{"line":121,"column":10},"end":{"line":121,"column":59}},"48":{"start":{"line":124,"column":8},"end":{"line":126,"column":9}},"49":{"start":{"line":125,"column":10},"end":{"line":125,"column":53}},"50":{"start":{"line":127,"column":8},"end":{"line":129,"column":9}},"51":{"start":{"line":128,"column":10},"end":{"line":128,"column":53}},"52":{"start":{"line":131,"column":11},"end":{"line":139,"column":5}},"53":{"start":{"line":132,"column":6},"end":{"line":132,"column":43}},"54":{"start":{"line":133,"column":6},"end":{"line":135,"column":7}},"55":{"start":{"line":134,"column":8},"end":{"line":134,"column":51}},"56":{"start":{"line":136,"column":6},"end":{"line":138,"column":7}},"57":{"start":{"line":137,"column":8},"end":{"line":137,"column":51}},"58":{"start":{"line":140,"column":4},"end":{"line":166,"column":5}},"59":{"start":{"line":141,"column":6},"end":{"line":141,"column":43}},"60":{"start":{"line":142,"column":6},"end":{"line":157,"column":7}},"61":{"start":{"line":143,"column":8},"end":{"line":143,"column":45}},"62":{"start":{"line":144,"column":8},"end":{"line":146,"column":9}},"63":{"start":{"line":145,"column":10},"end":{"line":145,"column":59}},"64":{"start":{"line":147,"column":8},"end":{"line":149,"column":9}},"65":{"start":{"line":148,"column":10},"end":{"line":148,"column":59}},"66":{"start":{"line":151,"column":8},"end":{"line":153,"column":9}},"67":{"start":{"line":152,"column":10},"end":{"line":152,"column":53}},"68":{"start":{"line":154,"column":8},"end":{"line":156,"column":9}},"69":{"start":{"line":155,"column":10},"end":{"line":155,"column":53}},"70":{"start":{"line":158,"column":11},"end":{"line":166,"column":5}},"71":{"start":{"line":159,"column":6},"end":{"line":159,"column":43}},"72":{"start":{"line":160,"column":6},"end":{"line":162,"column":7}},"73":{"start":{"line":161,"column":8},"end":{"line":161,"column":51}},"74":{"start":{"line":163,"column":6},"end":{"line":165,"column":7}},"75":{"start":{"line":164,"column":8},"end":{"line":164,"column":51}},"76":{"start":{"line":167,"column":4},"end":{"line":167,"column":15}},"77":{"start":{"line":171,"column":4},"end":{"line":174,"column":6}},"78":{"start":{"line":180,"column":8},"end":{"line":180,"column":12}},"79":{"start":{"line":181,"column":14},"end":{"line":181,"column":31}},"80":{"start":{"line":182,"column":4},"end":{"line":184,"column":5}},"81":{"start":{"line":183,"column":6},"end":{"line":183,"column":42}},"82":{"start":{"line":185,"column":4},"end":{"line":185,"column":15}},"83":{"start":{"line":191,"column":8},"end":{"line":191,"column":12}},"84":{"start":{"line":192,"column":4},"end":{"line":192,"column":51}},"85":{"start":{"line":202,"column":4},"end":{"line":205,"column":32}},"86":{"start":{"line":210,"column":17},"end":{"line":210,"column":31}},"87":{"start":{"line":211,"column":23},"end":{"line":211,"column":39}},"88":{"start":{"line":212,"column":21},"end":{"line":212,"column":31}},"89":{"start":{"line":213,"column":4},"end":{"line":215,"column":5}},"90":{"start":{"line":214,"column":6},"end":{"line":214,"column":36}},"91":{"start":{"line":216,"column":4},"end":{"line":216,"column":45}}},"fnMap":{"0":{"name":"(anonymous_0)","decl":{"start":{"line":4,"column":2},"end":{"line":4,"column":3}},"loc":{"start":{"line":4,"column":48},"end":{"line":11,"column":3}},"line":4},"1":{"name":"(anonymous_1)","decl":{"start":{"line":13,"column":2},"end":{"line":13,"column":3}},"loc":{"start":{"line":13,"column":26},"end":{"line":18,"column":3}},"line":13},"2":{"name":"(anonymous_2)","decl":{"start":{"line":20,"column":2},"end":{"line":20,"column":3}},"loc":{"start":{"line":20,"column":13},"end":{"line":22,"column":3}},"line":20},"3":{"name":"(anonymous_3)","decl":{"start":{"line":26,"column":2},"end":{"line":26,"column":3}},"loc":{"start":{"line":26,"column":20},"end":{"line":37,"column":3}},"line":26},"4":{"name":"(anonymous_4)","decl":{"start":{"line":39,"column":2},"end":{"line":39,"column":3}},"loc":{"start":{"line":39,"column":35},"end":{"line":50,"column":3}},"line":39},"5":{"name":"(anonymous_5)","decl":{"start":{"line":39,"column":23},"end":{"line":39,"column":24}},"loc":{"start":{"line":39,"column":29},"end":{"line":39,"column":33}},"line":39},"6":{"name":"(anonymous_6)","decl":{"start":{"line":52,"column":2},"end":{"line":52,"column":3}},"loc":{"start":{"line":52,"column":18},"end":{"line":57,"column":3}},"line":52},"7":{"name":"(anonymous_7)","decl":{"start":{"line":60,"column":2},"end":{"line":60,"column":3}},"loc":{"start":{"line":60,"column":16},"end":{"line":65,"column":3}},"line":60},"8":{"name":"(anonymous_8)","decl":{"start":{"line":68,"column":2},"end":{"line":68,"column":3}},"loc":{"start":{"line":68,"column":18},"end":{"line":73,"column":3}},"line":68},"9":{"name":"(anonymous_9)","decl":{"start":{"line":76,"column":2},"end":{"line":76,"column":3}},"loc":{"start":{"line":76,"column":20},"end":{"line":81,"column":3}},"line":76},"10":{"name":"(anonymous_10)","decl":{"start":{"line":84,"column":2},"end":{"line":84,"column":3}},"loc":{"start":{"line":84,"column":15},"end":{"line":94,"column":3}},"line":84},"11":{"name":"(anonymous_11)","decl":{"start":{"line":101,"column":2},"end":{"line":101,"column":3}},"loc":{"start":{"line":101,"column":20},"end":{"line":168,"column":3}},"line":101},"12":{"name":"(anonymous_12)","decl":{"start":{"line":103,"column":19},"end":{"line":103,"column":20}},"loc":{"start":{"line":103,"column":43},"end":{"line":105,"column":5}},"line":103},"13":{"name":"(anonymous_13)","decl":{"start":{"line":170,"column":2},"end":{"line":170,"column":3}},"loc":{"start":{"line":170,"column":9},"end":{"line":175,"column":3}},"line":170},"14":{"name":"(anonymous_14)","decl":{"start":{"line":177,"column":2},"end":{"line":177,"column":3}},"loc":{"start":{"line":177,"column":13},"end":{"line":186,"column":3}},"line":177},"15":{"name":"(anonymous_15)","decl":{"start":{"line":188,"column":2},"end":{"line":188,"column":3}},"loc":{"start":{"line":188,"column":10},"end":{"line":193,"column":3}},"line":188},"16":{"name":"(anonymous_16)","decl":{"start":{"line":201,"column":2},"end":{"line":201,"column":3}},"loc":{"start":{"line":201,"column":16},"end":{"line":206,"column":3}},"line":201},"17":{"name":"(anonymous_17)","decl":{"start":{"line":208,"column":2},"end":{"line":208,"column":3}},"loc":{"start":{"line":208,"column":22},"end":{"line":217,"column":3}},"line":208}},"branchMap":{"0":{"loc":{"start":{"line":4,"column":34},"end":{"line":4,"column":39}},"type":"default-arg","locations":[{"start":{"line":4,"column":38},"end":{"line":4,"column":39}}],"line":4},"1":{"loc":{"start":{"line":4,"column":41},"end":{"line":4,"column":46}},"type":"default-arg","locations":[{"start":{"line":4,"column":45},"end":{"line":4,"column":46}}],"line":4},"2":{"loc":{"start":{"line":21,"column":11},"end":{"line":21,"column":61}},"type":"binary-expr","locations":[{"start":{"line":21,"column":11},"end":{"line":21,"column":34}},{"start":{"line":21,"column":38},"end":{"line":21,"column":61}}],"line":21},"3":{"loc":{"start":{"line":28,"column":4},"end":{"line":32,"column":5}},"type":"if","locations":[{"start":{"line":28,"column":4},"end":{"line":32,"column":5}},{"start":{"line":28,"column":4},"end":{"line":32,"column":5}}],"line":28},"4":{"loc":{"start":{"line":30,"column":11},"end":{"line":32,"column":5}},"type":"if","locations":[{"start":{"line":30,"column":11},"end":{"line":32,"column":5}},{"start":{"line":30,"column":11},"end":{"line":32,"column":5}}],"line":30},"5":{"loc":{"start":{"line":36,"column":11},"end":{"line":36,"column":59}},"type":"binary-expr","locations":[{"start":{"line":36,"column":11},"end":{"line":36,"column":20}},{"start":{"line":36,"column":24},"end":{"line":36,"column":33}},{"start":{"line":36,"column":37},"end":{"line":36,"column":46}},{"start":{"line":36,"column":50},"end":{"line":36,"column":59}}],"line":36},"6":{"loc":{"start":{"line":39,"column":11},"end":{"line":39,"column":33}},"type":"default-arg","locations":[{"start":{"line":39,"column":23},"end":{"line":39,"column":33}}],"line":39},"7":{"loc":{"start":{"line":44,"column":6},"end":{"line":48,"column":7}},"type":"if","locations":[{"start":{"line":44,"column":6},"end":{"line":48,"column":7}},{"start":{"line":44,"column":6},"end":{"line":48,"column":7}}],"line":44},"8":{"loc":{"start":{"line":53,"column":11},"end":{"line":56,"column":30}},"type":"binary-expr","locations":[{"start":{"line":53,"column":11},"end":{"line":53,"column":32}},{"start":{"line":54,"column":9},"end":{"line":54,"column":30}},{"start":{"line":55,"column":9},"end":{"line":55,"column":30}},{"start":{"line":56,"column":9},"end":{"line":56,"column":30}}],"line":53},"9":{"loc":{"start":{"line":61,"column":11},"end":{"line":64,"column":30}},"type":"binary-expr","locations":[{"start":{"line":61,"column":11},"end":{"line":61,"column":32}},{"start":{"line":62,"column":9},"end":{"line":62,"column":30}},{"start":{"line":63,"column":9},"end":{"line":63,"column":30}},{"start":{"line":64,"column":9},"end":{"line":64,"column":30}}],"line":61},"10":{"loc":{"start":{"line":69,"column":11},"end":{"line":72,"column":29}},"type":"binary-expr","locations":[{"start":{"line":69,"column":11},"end":{"line":69,"column":31}},{"start":{"line":70,"column":9},"end":{"line":70,"column":29}},{"start":{"line":71,"column":9},"end":{"line":71,"column":29}},{"start":{"line":72,"column":9},"end":{"line":72,"column":29}}],"line":69},"11":{"loc":{"start":{"line":77,"column":11},"end":{"line":80,"column":30}},"type":"binary-expr","locations":[{"start":{"line":77,"column":11},"end":{"line":77,"column":32}},{"start":{"line":78,"column":9},"end":{"line":78,"column":30}},{"start":{"line":79,"column":9},"end":{"line":79,"column":30}},{"start":{"line":80,"column":9},"end":{"line":80,"column":30}}],"line":77},"12":{"loc":{"start":{"line":89,"column":6},"end":{"line":89,"column":39}},"type":"cond-expr","locations":[{"start":{"line":89,"column":24},"end":{"line":89,"column":33}},{"start":{"line":89,"column":36},"end":{"line":89,"column":39}}],"line":89},"13":{"loc":{"start":{"line":90,"column":6},"end":{"line":90,"column":39}},"type":"cond-expr","locations":[{"start":{"line":90,"column":24},"end":{"line":90,"column":33}},{"start":{"line":90,"column":36},"end":{"line":90,"column":39}}],"line":90},"14":{"loc":{"start":{"line":91,"column":6},"end":{"line":91,"column":39}},"type":"cond-expr","locations":[{"start":{"line":91,"column":24},"end":{"line":91,"column":33}},{"start":{"line":91,"column":36},"end":{"line":91,"column":39}}],"line":91},"15":{"loc":{"start":{"line":92,"column":6},"end":{"line":92,"column":39}},"type":"cond-expr","locations":[{"start":{"line":92,"column":24},"end":{"line":92,"column":33}},{"start":{"line":92,"column":36},"end":{"line":92,"column":39}}],"line":92},"16":{"loc":{"start":{"line":113,"column":4},"end":{"line":139,"column":5}},"type":"if","locations":[{"start":{"line":113,"column":4},"end":{"line":139,"column":5}},{"start":{"line":113,"column":4},"end":{"line":139,"column":5}}],"line":113},"17":{"loc":{"start":{"line":115,"column":6},"end":{"line":130,"column":7}},"type":"if","locations":[{"start":{"line":115,"column":6},"end":{"line":130,"column":7}},{"start":{"line":115,"column":6},"end":{"line":130,"column":7}}],"line":115},"18":{"loc":{"start":{"line":117,"column":8},"end":{"line":119,"column":9}},"type":"if","locations":[{"start":{"line":117,"column":8},"end":{"line":119,"column":9}},{"start":{"line":117,"column":8},"end":{"line":119,"column":9}}],"line":117},"19":{"loc":{"start":{"line":120,"column":8},"end":{"line":122,"column":9}},"type":"if","locations":[{"start":{"line":120,"column":8},"end":{"line":122,"column":9}},{"start":{"line":120,"column":8},"end":{"line":122,"column":9}}],"line":120},"20":{"loc":{"start":{"line":124,"column":8},"end":{"line":126,"column":9}},"type":"if","locations":[{"start":{"line":124,"column":8},"end":{"line":126,"column":9}},{"start":{"line":124,"column":8},"end":{"line":126,"column":9}}],"line":124},"21":{"loc":{"start":{"line":127,"column":8},"end":{"line":129,"column":9}},"type":"if","locations":[{"start":{"line":127,"column":8},"end":{"line":129,"column":9}},{"start":{"line":127,"column":8},"end":{"line":129,"column":9}}],"line":127},"22":{"loc":{"start":{"line":131,"column":11},"end":{"line":139,"column":5}},"type":"if","locations":[{"start":{"line":131,"column":11},"end":{"line":139,"column":5}},{"start":{"line":131,"column":11},"end":{"line":139,"column":5}}],"line":131},"23":{"loc":{"start":{"line":133,"column":6},"end":{"line":135,"column":7}},"type":"if","locations":[{"start":{"line":133,"column":6},"end":{"line":135,"column":7}},{"start":{"line":133,"column":6},"end":{"line":135,"column":7}}],"line":133},"24":{"loc":{"start":{"line":136,"column":6},"end":{"line":138,"column":7}},"type":"if","locations":[{"start":{"line":136,"column":6},"end":{"line":138,"column":7}},{"start":{"line":136,"column":6},"end":{"line":138,"column":7}}],"line":136},"25":{"loc":{"start":{"line":140,"column":4},"end":{"line":166,"column":5}},"type":"if","locations":[{"start":{"line":140,"column":4},"end":{"line":166,"column":5}},{"start":{"line":140,"column":4},"end":{"line":166,"column":5}}],"line":140},"26":{"loc":{"start":{"line":142,"column":6},"end":{"line":157,"column":7}},"type":"if","locations":[{"start":{"line":142,"column":6},"end":{"line":157,"column":7}},{"start":{"line":142,"column":6},"end":{"line":157,"column":7}}],"line":142},"27":{"loc":{"start":{"line":144,"column":8},"end":{"line":146,"column":9}},"type":"if","locations":[{"start":{"line":144,"column":8},"end":{"line":146,"column":9}},{"start":{"line":144,"column":8},"end":{"line":146,"column":9}}],"line":144},"28":{"loc":{"start":{"line":147,"column":8},"end":{"line":149,"column":9}},"type":"if","locations":[{"start":{"line":147,"column":8},"end":{"line":149,"column":9}},{"start":{"line":147,"column":8},"end":{"line":149,"column":9}}],"line":147},"29":{"loc":{"start":{"line":151,"column":8},"end":{"line":153,"column":9}},"type":"if","locations":[{"start":{"line":151,"column":8},"end":{"line":153,"column":9}},{"start":{"line":151,"column":8},"end":{"line":153,"column":9}}],"line":151},"30":{"loc":{"start":{"line":154,"column":8},"end":{"line":156,"column":9}},"type":"if","locations":[{"start":{"line":154,"column":8},"end":{"line":156,"column":9}},{"start":{"line":154,"column":8},"end":{"line":156,"column":9}}],"line":154},"31":{"loc":{"start":{"line":158,"column":11},"end":{"line":166,"column":5}},"type":"if","locations":[{"start":{"line":158,"column":11},"end":{"line":166,"column":5}},{"start":{"line":158,"column":11},"end":{"line":166,"column":5}}],"line":158},"32":{"loc":{"start":{"line":160,"column":6},"end":{"line":162,"column":7}},"type":"if","locations":[{"start":{"line":160,"column":6},"end":{"line":162,"column":7}},{"start":{"line":160,"column":6},"end":{"line":162,"column":7}}],"line":160},"33":{"loc":{"start":{"line":163,"column":6},"end":{"line":165,"column":7}},"type":"if","locations":[{"start":{"line":163,"column":6},"end":{"line":165,"column":7}},{"start":{"line":163,"column":6},"end":{"line":165,"column":7}}],"line":163},"34":{"loc":{"start":{"line":182,"column":4},"end":{"line":184,"column":5}},"type":"if","locations":[{"start":{"line":182,"column":4},"end":{"line":184,"column":5}},{"start":{"line":182,"column":4},"end":{"line":184,"column":5}}],"line":182},"35":{"loc":{"start":{"line":202,"column":11},"end":{"line":205,"column":31}},"type":"binary-expr","locations":[{"start":{"line":202,"column":11},"end":{"line":202,"column":33}},{"start":{"line":203,"column":9},"end":{"line":203,"column":31}},{"start":{"line":204,"column":9},"end":{"line":204,"column":31}},{"start":{"line":205,"column":9},"end":{"line":205,"column":31}}],"line":202},"36":{"loc":{"start":{"line":213,"column":4},"end":{"line":215,"column":5}},"type":"if","locations":[{"start":{"line":213,"column":4},"end":{"line":215,"column":5}},{"start":{"line":213,"column":4},"end":{"line":215,"column":5}}],"line":213}},"s":{"0":0,"1":0,"2":0,"3":0,"4":0,"5":0,"6":0,"7":0,"8":0,"9":0,"10":0,"11":0,"12":0,"13":0,"14":0,"15":0,"16":0,"17":0,"18":0,"19":0,"20":0,"21":0,"22":0,"23":0,"24":0,"25":0,"26":0,"27":0,"28":0,"29":0,"30":0,"31":0,"32":0,"33":0,"34":0,"35":0,"36":0,"37":0,"38":0,"39":0,"40":0,"41":0,"42":0,"43":0,"44":0,"45":0,"46":0,"47":0,"48":0,"49":0,"50":0,"51":0,"52":0,"53":0,"54":0,"55":0,"56":0,"57":0,"58":0,"59":0,"60":0,"61":0,"62":0,"63":0,"64":0,"65":0,"66":0,"67":0,"68":0,"69":0,"70":0,"71":0,"72":0,"73":0,"74":0,"75":0,"76":0,"77":0,"78":0,"79":0,"80":0,"81":0,"82":0,"83":0,"84":0,"85":0,"86":0,"87":0,"88":0,"89":0,"90":0,"91":0},"f":{"0":0,"1":0,"2":0,"3":0,"4":0,"5":0,"6":0,"7":0,"8":0,"9":0,"10":0,"11":0,"12":0,"13":0,"14":0,"15":0,"16":0,"17":0},"b":{"0":[0],"1":[0],"2":[0,0],"3":[0,0],"4":[0,0],"5":[0,0,0,0],"6":[0],"7":[0,0],"8":[0,0,0,0],"9":[0,0,0,0],"10":[0,0,0,0],"11":[0,0,0,0],"12":[0,0],"13":[0,0],"14":[0,0],"15":[0,0],"16":[0,0],"17":[0,0],"18":[0,0],"19":[0,0],"20":[0,0],"21":[0,0],"22":[0,0],"23":[0,0],"24":[0,0],"25":[0,0],"26":[0,0],"27":[0,0],"28":[0,0],"29":[0,0],"30":[0,0],"31":[0,0],"32":[0,0],"33":[0,0],"34":[0,0],"35":[0,0,0,0],"36":[0,0]}},"/Users/wen/Desktop/work/vue/edit/node_modules/x-spreadsheet-master/src/core/cell.js":{"path":"/Users/wen/Desktop/work/vue/edit/node_modules/x-spreadsheet-master/src/core/cell.js","statementMap":{"0":{"start":{"line":6,"column":30},"end":{"line":100,"column":1}},"1":{"start":{"line":7,"column":24},"end":{"line":7,"column":26}},"2":{"start":{"line":8,"column":16},"end":{"line":8,"column":18}},"3":{"start":{"line":9,"column":16},"end":{"line":9,"column":18}},"4":{"start":{"line":10,"column":18},"end":{"line":10,"column":19}},"5":{"start":{"line":11,"column":18},"end":{"line":11,"column":19}},"6":{"start":{"line":12,"column":2},"end":{"line":92,"column":3}},"7":{"start":{"line":12,"column":15},"end":{"line":12,"column":16}},"8":{"start":{"line":13,"column":14},"end":{"line":13,"column":27}},"9":{"start":{"line":15,"column":4},"end":{"line":91,"column":5}},"10":{"start":{"line":16,"column":6},"end":{"line":90,"column":7}},"11":{"start":{"line":17,"column":8},"end":{"line":17,"column":38}},"12":{"start":{"line":18,"column":13},"end":{"line":90,"column":7}},"13":{"start":{"line":19,"column":8},"end":{"line":19,"column":24}},"14":{"start":{"line":20,"column":13},"end":{"line":90,"column":7}},"15":{"start":{"line":21,"column":8},"end":{"line":21,"column":15}},"16":{"start":{"line":22,"column":8},"end":{"line":25,"column":9}},"17":{"start":{"line":23,"column":10},"end":{"line":23,"column":38}},"18":{"start":{"line":24,"column":10},"end":{"line":24,"column":17}},"19":{"start":{"line":26,"column":8},"end":{"line":26,"column":43}},"20":{"start":{"line":27,"column":8},"end":{"line":27,"column":21}},"21":{"start":{"line":30,"column":8},"end":{"line":32,"column":9}},"22":{"start":{"line":31,"column":10},"end":{"line":31,"column":39}},"23":{"start":{"line":33,"column":8},"end":{"line":88,"column":9}},"24":{"start":{"line":34,"column":19},"end":{"line":34,"column":38}},"25":{"start":{"line":35,"column":10},"end":{"line":63,"column":11}},"26":{"start":{"line":37,"column":12},"end":{"line":51,"column":13}},"27":{"start":{"line":38,"column":31},"end":{"line":38,"column":51}},"28":{"start":{"line":39,"column":31},"end":{"line":39,"column":51}},"29":{"start":{"line":41,"column":29},"end":{"line":41,"column":30}},"30":{"start":{"line":42,"column":14},"end":{"line":47,"column":15}},"31":{"start":{"line":42,"column":27},"end":{"line":42,"column":29}},"32":{"start":{"line":43,"column":16},"end":{"line":46,"column":17}},"33":{"start":{"line":43,"column":29},"end":{"line":43,"column":31}},"34":{"start":{"line":44,"column":18},"end":{"line":44,"column":44}},"35":{"start":{"line":45,"column":18},"end":{"line":45,"column":32}},"36":{"start":{"line":48,"column":14},"end":{"line":48,"column":41}},"37":{"start":{"line":52,"column":17},"end":{"line":63,"column":11}},"38":{"start":{"line":54,"column":12},"end":{"line":54,"column":40}},"39":{"start":{"line":55,"column":12},"end":{"line":55,"column":26}},"40":{"start":{"line":58,"column":12},"end":{"line":62,"column":13}},"41":{"start":{"line":59,"column":14},"end":{"line":59,"column":29}},"42":{"start":{"line":60,"column":14},"end":{"line":60,"column":51}},"43":{"start":{"line":60,"column":45},"end":{"line":60,"column":51}},"44":{"start":{"line":61,"column":14},"end":{"line":61,"column":39}},"45":{"start":{"line":64,"column":10},"end":{"line":64,"column":24}},"46":{"start":{"line":65,"column":15},"end":{"line":88,"column":9}},"47":{"start":{"line":66,"column":10},"end":{"line":66,"column":24}},"48":{"start":{"line":67,"column":15},"end":{"line":88,"column":9}},"49":{"start":{"line":68,"column":10},"end":{"line":68,"column":24}},"50":{"start":{"line":69,"column":10},"end":{"line":69,"column":25}},"51":{"start":{"line":70,"column":15},"end":{"line":88,"column":9}},"52":{"start":{"line":72,"column":10},"end":{"line":72,"column":47}},"53":{"start":{"line":76,"column":10},"end":{"line":86,"column":11}},"54":{"start":{"line":77,"column":22},"end":{"line":77,"column":61}},"55":{"start":{"line":78,"column":12},"end":{"line":78,"column":61}},"56":{"start":{"line":78,"column":29},"end":{"line":78,"column":61}},"57":{"start":{"line":79,"column":12},"end":{"line":85,"column":13}},"58":{"start":{"line":80,"column":14},"end":{"line":84,"column":15}},"59":{"start":{"line":81,"column":16},"end":{"line":81,"column":62}},"60":{"start":{"line":82,"column":16},"end":{"line":83,"column":27}},"61":{"start":{"line":82,"column":33},"end":{"line":82,"column":65}},"62":{"start":{"line":83,"column":21},"end":{"line":83,"column":27}},"63":{"start":{"line":87,"column":10},"end":{"line":87,"column":32}},"64":{"start":{"line":89,"column":8},"end":{"line":89,"column":21}},"65":{"start":{"line":93,"column":2},"end":{"line":95,"column":3}},"66":{"start":{"line":94,"column":4},"end":{"line":94,"column":33}},"67":{"start":{"line":96,"column":2},"end":{"line":98,"column":3}},"68":{"start":{"line":97,"column":4},"end":{"line":97,"column":36}},"69":{"start":{"line":99,"column":2},"end":{"line":99,"column":15}},"70":{"start":{"line":102,"column":20},"end":{"line":111,"column":1}},"71":{"start":{"line":103,"column":2},"end":{"line":105,"column":3}},"72":{"start":{"line":104,"column":4},"end":{"line":104,"column":27}},"73":{"start":{"line":106,"column":2},"end":{"line":108,"column":3}},"74":{"start":{"line":107,"column":4},"end":{"line":107,"column":32}},"75":{"start":{"line":109,"column":17},"end":{"line":109,"column":33}},"76":{"start":{"line":110,"column":2},"end":{"line":110,"column":26}},"77":{"start":{"line":117,"column":23},"end":{"line":150,"column":1}},"78":{"start":{"line":118,"column":16},"end":{"line":118,"column":18}},"79":{"start":{"line":120,"column":2},"end":{"line":148,"column":3}},"80":{"start":{"line":120,"column":15},"end":{"line":120,"column":16}},"81":{"start":{"line":122,"column":4},"end":{"line":146,"column":5}},"82":{"start":{"line":123,"column":18},"end":{"line":123,"column":29}},"83":{"start":{"line":124,"column":6},"end":{"line":124,"column":52}},"84":{"start":{"line":125,"column":11},"end":{"line":146,"column":5}},"85":{"start":{"line":126,"column":18},"end":{"line":126,"column":29}},"86":{"start":{"line":127,"column":6},"end":{"line":127,"column":52}},"87":{"start":{"line":128,"column":11},"end":{"line":146,"column":5}},"88":{"start":{"line":129,"column":6},"end":{"line":129,"column":60}},"89":{"start":{"line":130,"column":11},"end":{"line":146,"column":5}},"90":{"start":{"line":131,"column":18},"end":{"line":131,"column":29}},"91":{"start":{"line":132,"column":6},"end":{"line":132,"column":52}},"92":{"start":{"line":133,"column":11},"end":{"line":146,"column":5}},"93":{"start":{"line":134,"column":29},"end":{"line":134,"column":40}},"94":{"start":{"line":135,"column":21},"end":{"line":135,"column":23}},"95":{"start":{"line":136,"column":6},"end":{"line":138,"column":7}},"96":{"start":{"line":136,"column":19},"end":{"line":136,"column":20}},"97":{"start":{"line":137,"column":8},"end":{"line":137,"column":33}},"98":{"start":{"line":139,"column":6},"end":{"line":139,"column":63}},"99":{"start":{"line":141,"column":6},"end":{"line":143,"column":7}},"100":{"start":{"line":142,"column":8},"end":{"line":142,"column":17}},"101":{"start":{"line":144,"column":6},"end":{"line":144,"column":33}},"102":{"start":{"line":145,"column":6},"end":{"line":145,"column":55}},"103":{"start":{"line":149,"column":2},"end":{"line":149,"column":18}},"104":{"start":{"line":152,"column":19},"end":{"line":164,"column":1}},"105":{"start":{"line":153,"column":2},"end":{"line":162,"column":3}},"106":{"start":{"line":154,"column":18},"end":{"line":154,"column":57}},"107":{"start":{"line":155,"column":4},"end":{"line":155,"column":38}},"108":{"start":{"line":155,"column":27},"end":{"line":155,"column":38}},"109":{"start":{"line":156,"column":4},"end":{"line":161,"column":6}},"110":{"start":{"line":159,"column":16},"end":{"line":159,"column":80}},"111":{"start":{"line":163,"column":2},"end":{"line":163,"column":13}}},"fnMap":{"0":{"name":"(anonymous_0)","decl":{"start":{"line":6,"column":30},"end":{"line":6,"column":31}},"loc":{"start":{"line":6,"column":39},"end":{"line":100,"column":1}},"line":6},"1":{"name":"(anonymous_1)","decl":{"start":{"line":102,"column":20},"end":{"line":102,"column":21}},"loc":{"start":{"line":102,"column":45},"end":{"line":111,"column":1}},"line":102},"2":{"name":"(anonymous_2)","decl":{"start":{"line":117,"column":23},"end":{"line":117,"column":24}},"loc":{"start":{"line":117,"column":71},"end":{"line":150,"column":1}},"line":117},"3":{"name":"(anonymous_3)","decl":{"start":{"line":152,"column":19},"end":{"line":152,"column":20}},"loc":{"start":{"line":152,"column":68},"end":{"line":164,"column":1}},"line":152},"4":{"name":"(anonymous_4)","decl":{"start":{"line":159,"column":6},"end":{"line":159,"column":7}},"loc":{"start":{"line":159,"column":16},"end":{"line":159,"column":80}},"line":159}},"branchMap":{"0":{"loc":{"start":{"line":15,"column":4},"end":{"line":91,"column":5}},"type":"if","locations":[{"start":{"line":15,"column":4},"end":{"line":91,"column":5}},{"start":{"line":15,"column":4},"end":{"line":91,"column":5}}],"line":15},"1":{"loc":{"start":{"line":16,"column":6},"end":{"line":90,"column":7}},"type":"if","locations":[{"start":{"line":16,"column":6},"end":{"line":90,"column":7}},{"start":{"line":16,"column":6},"end":{"line":90,"column":7}}],"line":16},"2":{"loc":{"start":{"line":16,"column":10},"end":{"line":16,"column":30}},"type":"binary-expr","locations":[{"start":{"line":16,"column":10},"end":{"line":16,"column":18}},{"start":{"line":16,"column":22},"end":{"line":16,"column":30}}],"line":16},"3":{"loc":{"start":{"line":18,"column":13},"end":{"line":90,"column":7}},"type":"if","locations":[{"start":{"line":18,"column":13},"end":{"line":90,"column":7}},{"start":{"line":18,"column":13},"end":{"line":90,"column":7}}],"line":18},"4":{"loc":{"start":{"line":18,"column":17},"end":{"line":18,"column":78}},"type":"binary-expr","locations":[{"start":{"line":18,"column":18},"end":{"line":18,"column":26}},{"start":{"line":18,"column":30},"end":{"line":18,"column":38}},{"start":{"line":18,"column":44},"end":{"line":18,"column":52}},{"start":{"line":18,"column":56},"end":{"line":18,"column":64}},{"start":{"line":18,"column":69},"end":{"line":18,"column":78}}],"line":18},"5":{"loc":{"start":{"line":20,"column":13},"end":{"line":90,"column":7}},"type":"if","locations":[{"start":{"line":20,"column":13},"end":{"line":90,"column":7}},{"start":{"line":20,"column":13},"end":{"line":90,"column":7}}],"line":20},"6":{"loc":{"start":{"line":30,"column":8},"end":{"line":32,"column":9}},"type":"if","locations":[{"start":{"line":30,"column":8},"end":{"line":32,"column":9}},{"start":{"line":30,"column":8},"end":{"line":32,"column":9}}],"line":30},"7":{"loc":{"start":{"line":30,"column":12},"end":{"line":30,"column":43}},"type":"binary-expr","locations":[{"start":{"line":30,"column":12},"end":{"line":30,"column":21}},{"start":{"line":30,"column":25},"end":{"line":30,"column":43}}],"line":30},"8":{"loc":{"start":{"line":33,"column":8},"end":{"line":88,"column":9}},"type":"if","locations":[{"start":{"line":33,"column":8},"end":{"line":88,"column":9}},{"start":{"line":33,"column":8},"end":{"line":88,"column":9}}],"line":33},"9":{"loc":{"start":{"line":35,"column":10},"end":{"line":63,"column":11}},"type":"if","locations":[{"start":{"line":35,"column":10},"end":{"line":63,"column":11}},{"start":{"line":35,"column":10},"end":{"line":63,"column":11}}],"line":35},"10":{"loc":{"start":{"line":52,"column":17},"end":{"line":63,"column":11}},"type":"if","locations":[{"start":{"line":52,"column":17},"end":{"line":63,"column":11}},{"start":{"line":52,"column":17},"end":{"line":63,"column":11}}],"line":52},"11":{"loc":{"start":{"line":60,"column":14},"end":{"line":60,"column":51}},"type":"if","locations":[{"start":{"line":60,"column":14},"end":{"line":60,"column":51}},{"start":{"line":60,"column":14},"end":{"line":60,"column":51}}],"line":60},"12":{"loc":{"start":{"line":65,"column":15},"end":{"line":88,"column":9}},"type":"if","locations":[{"start":{"line":65,"column":15},"end":{"line":88,"column":9}},{"start":{"line":65,"column":15},"end":{"line":88,"column":9}}],"line":65},"13":{"loc":{"start":{"line":67,"column":15},"end":{"line":88,"column":9}},"type":"if","locations":[{"start":{"line":67,"column":15},"end":{"line":88,"column":9}},{"start":{"line":67,"column":15},"end":{"line":88,"column":9}}],"line":67},"14":{"loc":{"start":{"line":70,"column":15},"end":{"line":88,"column":9}},"type":"if","locations":[{"start":{"line":70,"column":15},"end":{"line":88,"column":9}},{"start":{"line":70,"column":15},"end":{"line":88,"column":9}}],"line":70},"15":{"loc":{"start":{"line":70,"column":19},"end":{"line":70,"column":50}},"type":"binary-expr","locations":[{"start":{"line":70,"column":19},"end":{"line":70,"column":28}},{"start":{"line":70,"column":32},"end":{"line":70,"column":50}}],"line":70},"16":{"loc":{"start":{"line":76,"column":10},"end":{"line":86,"column":11}},"type":"if","locations":[{"start":{"line":76,"column":10},"end":{"line":86,"column":11}},{"start":{"line":76,"column":10},"end":{"line":86,"column":11}}],"line":76},"17":{"loc":{"start":{"line":76,"column":14},"end":{"line":76,"column":66}},"type":"binary-expr","locations":[{"start":{"line":76,"column":14},"end":{"line":76,"column":38}},{"start":{"line":76,"column":43},"end":{"line":76,"column":52}},{"start":{"line":76,"column":56},"end":{"line":76,"column":65}}],"line":76},"18":{"loc":{"start":{"line":78,"column":12},"end":{"line":78,"column":61}},"type":"if","locations":[{"start":{"line":78,"column":12},"end":{"line":78,"column":61}},{"start":{"line":78,"column":12},"end":{"line":78,"column":61}}],"line":78},"19":{"loc":{"start":{"line":79,"column":12},"end":{"line":85,"column":13}},"type":"if","locations":[{"start":{"line":79,"column":12},"end":{"line":85,"column":13}},{"start":{"line":79,"column":12},"end":{"line":85,"column":13}}],"line":79},"20":{"loc":{"start":{"line":79,"column":16},"end":{"line":79,"column":42}},"type":"binary-expr","locations":[{"start":{"line":79,"column":16},"end":{"line":79,"column":27}},{"start":{"line":79,"column":31},"end":{"line":79,"column":42}}],"line":79},"21":{"loc":{"start":{"line":82,"column":16},"end":{"line":83,"column":27}},"type":"if","locations":[{"start":{"line":82,"column":16},"end":{"line":83,"column":27}},{"start":{"line":82,"column":16},"end":{"line":83,"column":27}}],"line":82},"22":{"loc":{"start":{"line":93,"column":2},"end":{"line":95,"column":3}},"type":"if","locations":[{"start":{"line":93,"column":2},"end":{"line":95,"column":3}},{"start":{"line":93,"column":2},"end":{"line":95,"column":3}}],"line":93},"23":{"loc":{"start":{"line":103,"column":2},"end":{"line":105,"column":3}},"type":"if","locations":[{"start":{"line":103,"column":2},"end":{"line":105,"column":3}},{"start":{"line":103,"column":2},"end":{"line":105,"column":3}}],"line":103},"24":{"loc":{"start":{"line":103,"column":6},"end":{"line":103,"column":44}},"type":"binary-expr","locations":[{"start":{"line":103,"column":6},"end":{"line":103,"column":23}},{"start":{"line":103,"column":27},"end":{"line":103,"column":44}}],"line":103},"25":{"loc":{"start":{"line":106,"column":2},"end":{"line":108,"column":3}},"type":"if","locations":[{"start":{"line":106,"column":2},"end":{"line":108,"column":3}},{"start":{"line":106,"column":2},"end":{"line":108,"column":3}}],"line":106},"26":{"loc":{"start":{"line":122,"column":4},"end":{"line":146,"column":5}},"type":"if","locations":[{"start":{"line":122,"column":4},"end":{"line":146,"column":5}},{"start":{"line":122,"column":4},"end":{"line":146,"column":5}}],"line":122},"27":{"loc":{"start":{"line":125,"column":11},"end":{"line":146,"column":5}},"type":"if","locations":[{"start":{"line":125,"column":11},"end":{"line":146,"column":5}},{"start":{"line":125,"column":11},"end":{"line":146,"column":5}}],"line":125},"28":{"loc":{"start":{"line":128,"column":11},"end":{"line":146,"column":5}},"type":"if","locations":[{"start":{"line":128,"column":11},"end":{"line":146,"column":5}},{"start":{"line":128,"column":11},"end":{"line":146,"column":5}}],"line":128},"29":{"loc":{"start":{"line":130,"column":11},"end":{"line":146,"column":5}},"type":"if","locations":[{"start":{"line":130,"column":11},"end":{"line":146,"column":5}},{"start":{"line":130,"column":11},"end":{"line":146,"column":5}}],"line":130},"30":{"loc":{"start":{"line":133,"column":11},"end":{"line":146,"column":5}},"type":"if","locations":[{"start":{"line":133,"column":11},"end":{"line":146,"column":5}},{"start":{"line":133,"column":11},"end":{"line":146,"column":5}}],"line":133},"31":{"loc":{"start":{"line":141,"column":6},"end":{"line":143,"column":7}},"type":"if","locations":[{"start":{"line":141,"column":6},"end":{"line":143,"column":7}},{"start":{"line":141,"column":6},"end":{"line":143,"column":7}}],"line":141},"32":{"loc":{"start":{"line":152,"column":50},"end":{"line":152,"column":63}},"type":"default-arg","locations":[{"start":{"line":152,"column":61},"end":{"line":152,"column":63}}],"line":152},"33":{"loc":{"start":{"line":153,"column":2},"end":{"line":162,"column":3}},"type":"if","locations":[{"start":{"line":153,"column":2},"end":{"line":162,"column":3}},{"start":{"line":153,"column":2},"end":{"line":162,"column":3}}],"line":153},"34":{"loc":{"start":{"line":155,"column":4},"end":{"line":155,"column":38}},"type":"if","locations":[{"start":{"line":155,"column":4},"end":{"line":155,"column":38}},{"start":{"line":155,"column":4},"end":{"line":155,"column":38}}],"line":155}},"s":{"0":0,"1":0,"2":0,"3":0,"4":0,"5":0,"6":0,"7":0,"8":0,"9":0,"10":0,"11":0,"12":0,"13":0,"14":0,"15":0,"16":0,"17":0,"18":0,"19":0,"20":0,"21":0,"22":0,"23":0,"24":0,"25":0,"26":0,"27":0,"28":0,"29":0,"30":0,"31":0,"32":0,"33":0,"34":0,"35":0,"36":0,"37":0,"38":0,"39":0,"40":0,"41":0,"42":0,"43":0,"44":0,"45":0,"46":0,"47":0,"48":0,"49":0,"50":0,"51":0,"52":0,"53":0,"54":0,"55":0,"56":0,"57":0,"58":0,"59":0,"60":0,"61":0,"62":0,"63":0,"64":0,"65":0,"66":0,"67":0,"68":0,"69":0,"70":0,"71":0,"72":0,"73":0,"74":0,"75":0,"76":0,"77":0,"78":0,"79":0,"80":0,"81":0,"82":0,"83":0,"84":0,"85":0,"86":0,"87":0,"88":0,"89":0,"90":0,"91":0,"92":0,"93":0,"94":0,"95":0,"96":0,"97":0,"98":0,"99":0,"100":0,"101":0,"102":0,"103":0,"104":0,"105":0,"106":0,"107":0,"108":0,"109":0,"110":0,"111":0},"f":{"0":0,"1":0,"2":0,"3":0,"4":0},"b":{"0":[0,0],"1":[0,0],"2":[0,0],"3":[0,0],"4":[0,0,0,0,0],"5":[0,0],"6":[0,0],"7":[0,0],"8":[0,0],"9":[0,0],"10":[0,0],"11":[0,0],"12":[0,0],"13":[0,0],"14":[0,0],"15":[0,0],"16":[0,0],"17":[0,0,0],"18":[0,0],"19":[0,0],"20":[0,0],"21":[0,0],"22":[0,0],"23":[0,0],"24":[0,0],"25":[0,0],"26":[0,0],"27":[0,0],"28":[0,0],"29":[0,0],"30":[0,0],"31":[0,0],"32":[0],"33":[0,0],"34":[0,0]}},"/Users/wen/Desktop/work/vue/edit/node_modules/x-spreadsheet-master/src/core/clipboard.js":{"path":"/Users/wen/Desktop/work/vue/edit/node_modules/x-spreadsheet-master/src/core/clipboard.js","statementMap":{"0":{"start":{"line":3,"column":4},"end":{"line":3,"column":22}},"1":{"start":{"line":4,"column":4},"end":{"line":4,"column":25}},"2":{"start":{"line":8,"column":4},"end":{"line":8,"column":27}},"3":{"start":{"line":9,"column":4},"end":{"line":9,"column":24}},"4":{"start":{"line":10,"column":4},"end":{"line":10,"column":16}},"5":{"start":{"line":14,"column":4},"end":{"line":14,"column":27}},"6":{"start":{"line":15,"column":4},"end":{"line":15,"column":23}},"7":{"start":{"line":16,"column":4},"end":{"line":16,"column":16}},"8":{"start":{"line":20,"column":4},"end":{"line":20,"column":33}},"9":{"start":{"line":24,"column":4},"end":{"line":24,"column":32}},"10":{"start":{"line":28,"column":4},"end":{"line":28,"column":34}},"11":{"start":{"line":32,"column":4},"end":{"line":32,"column":22}},"12":{"start":{"line":33,"column":4},"end":{"line":33,"column":25}}},"fnMap":{"0":{"name":"(anonymous_0)","decl":{"start":{"line":2,"column":2},"end":{"line":2,"column":3}},"loc":{"start":{"line":2,"column":16},"end":{"line":5,"column":3}},"line":2},"1":{"name":"(anonymous_1)","decl":{"start":{"line":7,"column":2},"end":{"line":7,"column":3}},"loc":{"start":{"line":7,"column":18},"end":{"line":11,"column":3}},"line":7},"2":{"name":"(anonymous_2)","decl":{"start":{"line":13,"column":2},"end":{"line":13,"column":3}},"loc":{"start":{"line":13,"column":17},"end":{"line":17,"column":3}},"line":13},"3":{"name":"(anonymous_3)","decl":{"start":{"line":19,"column":2},"end":{"line":19,"column":3}},"loc":{"start":{"line":19,"column":11},"end":{"line":21,"column":3}},"line":19},"4":{"name":"(anonymous_4)","decl":{"start":{"line":23,"column":2},"end":{"line":23,"column":3}},"loc":{"start":{"line":23,"column":10},"end":{"line":25,"column":3}},"line":23},"5":{"name":"(anonymous_5)","decl":{"start":{"line":27,"column":2},"end":{"line":27,"column":3}},"loc":{"start":{"line":27,"column":12},"end":{"line":29,"column":3}},"line":27},"6":{"name":"(anonymous_6)","decl":{"start":{"line":31,"column":2},"end":{"line":31,"column":3}},"loc":{"start":{"line":31,"column":10},"end":{"line":34,"column":3}},"line":31}},"branchMap":{},"s":{"0":0,"1":0,"2":0,"3":0,"4":0,"5":0,"6":0,"7":0,"8":0,"9":0,"10":0,"11":0,"12":0},"f":{"0":0,"1":0,"2":0,"3":0,"4":0,"5":0,"6":0},"b":{}},"/Users/wen/Desktop/work/vue/edit/node_modules/x-spreadsheet-master/src/core/col.js":{"path":"/Users/wen/Desktop/work/vue/edit/node_modules/x-spreadsheet-master/src/core/col.js","statementMap":{"0":{"start":{"line":7,"column":4},"end":{"line":7,"column":16}},"1":{"start":{"line":8,"column":4},"end":{"line":8,"column":19}},"2":{"start":{"line":9,"column":4},"end":{"line":9,"column":23}},"3":{"start":{"line":10,"column":4},"end":{"line":10,"column":33}},"4":{"start":{"line":11,"column":4},"end":{"line":11,"column":29}},"5":{"start":{"line":15,"column":4},"end":{"line":18,"column":5}},"6":{"start":{"line":16,"column":6},"end":{"line":16,"column":23}},"7":{"start":{"line":17,"column":6},"end":{"line":17,"column":19}},"8":{"start":{"line":19,"column":4},"end":{"line":19,"column":15}},"9":{"start":{"line":23,"column":20},"end":{"line":23,"column":24}},"10":{"start":{"line":24,"column":4},"end":{"line":24,"column":42}},"11":{"start":{"line":28,"column":16},"end":{"line":28,"column":25}},"12":{"start":{"line":29,"column":4},"end":{"line":31,"column":5}},"13":{"start":{"line":30,"column":6},"end":{"line":30,"column":23}},"14":{"start":{"line":32,"column":4},"end":{"line":32,"column":22}},"15":{"start":{"line":36,"column":4},"end":{"line":36,"column":34}},"16":{"start":{"line":37,"column":4},"end":{"line":37,"column":22}},"17":{"start":{"line":41,"column":16},"end":{"line":41,"column":33}},"18":{"start":{"line":42,"column":4},"end":{"line":42,"column":22}},"19":{"start":{"line":46,"column":16},"end":{"line":46,"column":33}},"20":{"start":{"line":47,"column":4},"end":{"line":47,"column":22}},"21":{"start":{"line":51,"column":4},"end":{"line":51,"column":60}},"22":{"start":{"line":51,"column":42},"end":{"line":51,"column":58}},"23":{"start":{"line":55,"column":4},"end":{"line":55,"column":38}}},"fnMap":{"0":{"name":"(anonymous_0)","decl":{"start":{"line":4,"column":2},"end":{"line":4,"column":3}},"loc":{"start":{"line":6,"column":5},"end":{"line":12,"column":3}},"line":6},"1":{"name":"(anonymous_1)","decl":{"start":{"line":14,"column":2},"end":{"line":14,"column":3}},"loc":{"start":{"line":14,"column":13},"end":{"line":20,"column":3}},"line":14},"2":{"name":"(anonymous_2)","decl":{"start":{"line":22,"column":2},"end":{"line":22,"column":3}},"loc":{"start":{"line":22,"column":12},"end":{"line":25,"column":3}},"line":22},"3":{"name":"(anonymous_3)","decl":{"start":{"line":27,"column":2},"end":{"line":27,"column":3}},"loc":{"start":{"line":27,"column":14},"end":{"line":33,"column":3}},"line":27},"4":{"name":"(anonymous_4)","decl":{"start":{"line":35,"column":2},"end":{"line":35,"column":3}},"loc":{"start":{"line":35,"column":15},"end":{"line":38,"column":3}},"line":35},"5":{"name":"(anonymous_5)","decl":{"start":{"line":40,"column":2},"end":{"line":40,"column":3}},"loc":{"start":{"line":40,"column":22},"end":{"line":43,"column":3}},"line":40},"6":{"name":"(anonymous_6)","decl":{"start":{"line":45,"column":2},"end":{"line":45,"column":3}},"loc":{"start":{"line":45,"column":22},"end":{"line":48,"column":3}},"line":45},"7":{"name":"(anonymous_7)","decl":{"start":{"line":50,"column":2},"end":{"line":50,"column":3}},"loc":{"start":{"line":50,"column":21},"end":{"line":52,"column":3}},"line":50},"8":{"name":"(anonymous_8)","decl":{"start":{"line":51,"column":37},"end":{"line":51,"column":38}},"loc":{"start":{"line":51,"column":42},"end":{"line":51,"column":58}},"line":51},"9":{"name":"(anonymous_9)","decl":{"start":{"line":54,"column":2},"end":{"line":54,"column":3}},"loc":{"start":{"line":54,"column":15},"end":{"line":56,"column":3}},"line":54}},"branchMap":{"0":{"loc":{"start":{"line":15,"column":4},"end":{"line":18,"column":5}},"type":"if","locations":[{"start":{"line":15,"column":4},"end":{"line":18,"column":5}},{"start":{"line":15,"column":4},"end":{"line":18,"column":5}}],"line":15},"1":{"loc":{"start":{"line":29,"column":4},"end":{"line":31,"column":5}},"type":"if","locations":[{"start":{"line":29,"column":4},"end":{"line":31,"column":5}},{"start":{"line":29,"column":4},"end":{"line":31,"column":5}}],"line":29},"2":{"loc":{"start":{"line":29,"column":8},"end":{"line":29,"column":24}},"type":"binary-expr","locations":[{"start":{"line":29,"column":8},"end":{"line":29,"column":11}},{"start":{"line":29,"column":15},"end":{"line":29,"column":24}}],"line":29},"3":{"loc":{"start":{"line":36,"column":17},"end":{"line":36,"column":33}},"type":"binary-expr","locations":[{"start":{"line":36,"column":17},"end":{"line":36,"column":27}},{"start":{"line":36,"column":31},"end":{"line":36,"column":33}}],"line":36}},"s":{"0":0,"1":0,"2":0,"3":0,"4":0,"5":0,"6":0,"7":0,"8":0,"9":0,"10":0,"11":0,"12":0,"13":0,"14":0,"15":0,"16":0,"17":0,"18":0,"19":0,"20":0,"21":0,"22":0,"23":0},"f":{"0":0,"1":0,"2":0,"3":0,"4":0,"5":0,"6":0,"7":0,"8":0,"9":0},"b":{"0":[0,0],"1":[0,0],"2":[0,0],"3":[0,0]}},"/Users/wen/Desktop/work/vue/edit/node_modules/x-spreadsheet-master/src/core/data_proxy.js":{"path":"/Users/wen/Desktop/work/vue/edit/node_modules/x-spreadsheet-master/src/core/data_proxy.js","statementMap":{"0":{"start":{"line":71,"column":24},"end":{"line":111,"column":1}},"1":{"start":{"line":73,"column":22},"end":{"line":73,"column":59}},"2":{"start":{"line":74,"column":21},"end":{"line":74,"column":57}},"3":{"start":{"line":113,"column":22},"end":{"line":113,"column":24}},"4":{"start":{"line":120,"column":21},"end":{"line":120,"column":25}},"5":{"start":{"line":121,"column":22},"end":{"line":121,"column":33}},"6":{"start":{"line":122,"column":23},"end":{"line":122,"column":33}},"7":{"start":{"line":123,"column":23},"end":{"line":123,"column":33}},"8":{"start":{"line":124,"column":4},"end":{"line":126,"column":5}},"9":{"start":{"line":125,"column":8},"end":{"line":125,"column":42}},"10":{"start":{"line":127,"column":4},"end":{"line":129,"column":5}},"11":{"start":{"line":128,"column":8},"end":{"line":128,"column":42}},"12":{"start":{"line":130,"column":4},"end":{"line":133,"column":5}},"13":{"start":{"line":131,"column":8},"end":{"line":131,"column":45}},"14":{"start":{"line":132,"column":8},"end":{"line":132,"column":21}},"15":{"start":{"line":134,"column":4},"end":{"line":134,"column":16}},"16":{"start":{"line":138,"column":27},"end":{"line":138,"column":31}},"17":{"start":{"line":140,"column":4},"end":{"line":143,"column":5}},"18":{"start":{"line":141,"column":8},"end":{"line":141,"column":45}},"19":{"start":{"line":142,"column":8},"end":{"line":142,"column":42}},"20":{"start":{"line":144,"column":4},"end":{"line":151,"column":7}},"21":{"start":{"line":145,"column":8},"end":{"line":150,"column":9}},"22":{"start":{"line":147,"column":29},"end":{"line":147,"column":39}},"23":{"start":{"line":148,"column":12},"end":{"line":148,"column":43}},"24":{"start":{"line":148,"column":36},"end":{"line":148,"column":43}},"25":{"start":{"line":149,"column":12},"end":{"line":149,"column":64}},"26":{"start":{"line":155,"column":38},"end":{"line":155,"column":42}},"27":{"start":{"line":156,"column":4},"end":{"line":156,"column":46}},"28":{"start":{"line":157,"column":4},"end":{"line":159,"column":45}},"29":{"start":{"line":160,"column":4},"end":{"line":160,"column":22}},"30":{"start":{"line":165,"column":27},"end":{"line":165,"column":31}},"31":{"start":{"line":166,"column":17},"end":{"line":166,"column":42}},"32":{"start":{"line":167,"column":17},"end":{"line":167,"column":19}},"33":{"start":{"line":168,"column":4},"end":{"line":170,"column":5}},"34":{"start":{"line":169,"column":8},"end":{"line":169,"column":54}},"35":{"start":{"line":171,"column":4},"end":{"line":171,"column":41}},"36":{"start":{"line":172,"column":4},"end":{"line":172,"column":39}},"37":{"start":{"line":176,"column":37},"end":{"line":176,"column":41}},"38":{"start":{"line":179,"column":8},"end":{"line":179,"column":22}},"39":{"start":{"line":180,"column":21},"end":{"line":180,"column":45}},"40":{"start":{"line":181,"column":4},"end":{"line":185,"column":5}},"41":{"start":{"line":182,"column":8},"end":{"line":184,"column":9}},"42":{"start":{"line":183,"column":12},"end":{"line":183,"column":19}},"43":{"start":{"line":186,"column":4},"end":{"line":279,"column":5}},"44":{"start":{"line":187,"column":8},"end":{"line":189,"column":11}},"45":{"start":{"line":190,"column":11},"end":{"line":279,"column":5}},"46":{"start":{"line":191,"column":8},"end":{"line":201,"column":11}},"47":{"start":{"line":192,"column":25},"end":{"line":192,"column":45}},"48":{"start":{"line":193,"column":12},"end":{"line":200,"column":13}},"49":{"start":{"line":194,"column":27},"end":{"line":194,"column":63}},"50":{"start":{"line":195,"column":16},"end":{"line":195,"column":33}},"51":{"start":{"line":199,"column":16},"end":{"line":199,"column":47}},"52":{"start":{"line":202,"column":11},"end":{"line":279,"column":5}},"53":{"start":{"line":204,"column":23},"end":{"line":204,"column":25}},"54":{"start":{"line":205,"column":8},"end":{"line":256,"column":9}},"55":{"start":{"line":205,"column":22},"end":{"line":205,"column":25}},"56":{"start":{"line":206,"column":12},"end":{"line":255,"column":13}},"57":{"start":{"line":206,"column":26},"end":{"line":206,"column":29}},"58":{"start":{"line":208,"column":37},"end":{"line":208,"column":39}},"59":{"start":{"line":209,"column":16},"end":{"line":218,"column":17}},"60":{"start":{"line":209,"column":30},"end":{"line":209,"column":31}},"61":{"start":{"line":210,"column":47},"end":{"line":210,"column":57}},"62":{"start":{"line":211,"column":20},"end":{"line":211,"column":67}},"63":{"start":{"line":211,"column":45},"end":{"line":211,"column":67}},"64":{"start":{"line":212,"column":20},"end":{"line":217,"column":21}},"65":{"start":{"line":213,"column":24},"end":{"line":216,"column":25}},"66":{"start":{"line":214,"column":28},"end":{"line":214,"column":41}},"67":{"start":{"line":215,"column":28},"end":{"line":215,"column":34}},"68":{"start":{"line":219,"column":16},"end":{"line":219,"column":65}},"69":{"start":{"line":219,"column":43},"end":{"line":219,"column":63}},"70":{"start":{"line":220,"column":16},"end":{"line":220,"column":36}},"71":{"start":{"line":220,"column":30},"end":{"line":220,"column":36}},"72":{"start":{"line":222,"column":29},"end":{"line":222,"column":49}},"73":{"start":{"line":223,"column":31},"end":{"line":223,"column":37}},"74":{"start":{"line":224,"column":16},"end":{"line":227,"column":17}},"75":{"start":{"line":225,"column":20},"end":{"line":225,"column":42}},"76":{"start":{"line":226,"column":20},"end":{"line":226,"column":50}},"77":{"start":{"line":228,"column":28},"end":{"line":228,"column":53}},"78":{"start":{"line":229,"column":28},"end":{"line":229,"column":53}},"79":{"start":{"line":230,"column":26},"end":{"line":230,"column":28}},"80":{"start":{"line":231,"column":16},"end":{"line":250,"column":17}},"81":{"start":{"line":232,"column":20},"end":{"line":237,"column":22}},"82":{"start":{"line":238,"column":23},"end":{"line":250,"column":17}},"83":{"start":{"line":239,"column":20},"end":{"line":239,"column":69}},"84":{"start":{"line":239,"column":42},"end":{"line":239,"column":69}},"85":{"start":{"line":240,"column":20},"end":{"line":240,"column":70}},"86":{"start":{"line":240,"column":42},"end":{"line":240,"column":70}},"87":{"start":{"line":241,"column":23},"end":{"line":250,"column":17}},"88":{"start":{"line":242,"column":20},"end":{"line":242,"column":70}},"89":{"start":{"line":242,"column":42},"end":{"line":242,"column":70}},"90":{"start":{"line":243,"column":23},"end":{"line":250,"column":17}},"91":{"start":{"line":244,"column":20},"end":{"line":244,"column":69}},"92":{"start":{"line":244,"column":42},"end":{"line":244,"column":69}},"93":{"start":{"line":245,"column":23},"end":{"line":250,"column":17}},"94":{"start":{"line":246,"column":20},"end":{"line":246,"column":61}},"95":{"start":{"line":246,"column":36},"end":{"line":246,"column":61}},"96":{"start":{"line":247,"column":20},"end":{"line":247,"column":71}},"97":{"start":{"line":247,"column":43},"end":{"line":247,"column":71}},"98":{"start":{"line":248,"column":20},"end":{"line":248,"column":62}},"99":{"start":{"line":248,"column":36},"end":{"line":248,"column":62}},"100":{"start":{"line":249,"column":20},"end":{"line":249,"column":70}},"101":{"start":{"line":249,"column":43},"end":{"line":249,"column":70}},"102":{"start":{"line":251,"column":16},"end":{"line":253,"column":17}},"103":{"start":{"line":252,"column":20},"end":{"line":252,"column":59}},"104":{"start":{"line":254,"column":16},"end":{"line":254,"column":25}},"105":{"start":{"line":257,"column":11},"end":{"line":279,"column":5}},"106":{"start":{"line":258,"column":8},"end":{"line":267,"column":9}},"107":{"start":{"line":258,"column":22},"end":{"line":258,"column":25}},"108":{"start":{"line":259,"column":12},"end":{"line":262,"column":13}},"109":{"start":{"line":260,"column":16},"end":{"line":260,"column":74}},"110":{"start":{"line":261,"column":16},"end":{"line":261,"column":52}},"111":{"start":{"line":263,"column":12},"end":{"line":266,"column":13}},"112":{"start":{"line":264,"column":16},"end":{"line":264,"column":77}},"113":{"start":{"line":265,"column":16},"end":{"line":265,"column":52}},"114":{"start":{"line":268,"column":11},"end":{"line":279,"column":5}},"115":{"start":{"line":269,"column":8},"end":{"line":278,"column":9}},"116":{"start":{"line":269,"column":22},"end":{"line":269,"column":25}},"117":{"start":{"line":270,"column":12},"end":{"line":273,"column":13}},"118":{"start":{"line":271,"column":16},"end":{"line":271,"column":75}},"119":{"start":{"line":272,"column":16},"end":{"line":272,"column":52}},"120":{"start":{"line":274,"column":12},"end":{"line":277,"column":13}},"121":{"start":{"line
[...]
"30":{"start":{"line":69,"column":23},"end":{"line":69,"column":27}},"31":{"start":{"line":70,"column":4},"end":{"line":79,"column":5}},"32":{"start":{"line":71,"column":30},"end":{"line":71,"column":56}},"33":{"start":{"line":72,"column":6},"end":{"line":76,"column":7}},"34":{"start":{"line":73,"column":8},"end":{"line":73,"column":33}},"35":{"start":{"line":75,"column":8},"end":{"line":75,"column":27}},"36":{"start":{"line":78,"column":6},"end":{"line":78,"column":25}},"37":{"start":{"line":80,"column":4},"end":{"line":80,"column":16}},"38":{"start":{"line":88,"column":22},"end":{"line":90,"column":5}},"39":{"start":{"line":91,"column":14},"end":{"line":91,"column":44}},"40":{"start":{"line":92,"column":4},"end":{"line":96,"column":5}},"41":{"start":{"line":93,"column":6},"end":{"line":93,"column":20}},"42":{"start":{"line":95,"column":6},"end":{"line":95,"column":58}},"43":{"start":{"line":100,"column":4},"end":{"line":105,"column":5}},"44":{"start":{"line":100,"column":17},"end":{"line":100,"column":18}},"45":{"start":{"line":101,"column":16},"end":{"line":101,"column":25}},"46":{"start":{"line":102,"column":6},"end":{"line":104,"column":7}},"47":{"start":{"line":103,"column":8},"end":{"line":103,"column":17}},"48":{"start":{"line":106,"column":4},"end":{"line":106,"column":16}},"49":{"start":{"line":110,"column":4},"end":{"line":113,"column":5}},"50":{"start":{"line":110,"column":17},"end":{"line":110,"column":18}},"51":{"start":{"line":111,"column":16},"end":{"line":111,"column":25}},"52":{"start":{"line":112,"column":6},"end":{"line":112,"column":39}},"53":{"start":{"line":112,"column":30},"end":{"line":112,"column":39}},"54":{"start":{"line":114,"column":4},"end":{"line":114,"column":16}},"55":{"start":{"line":118,"column":4},"end":{"line":120,"column":7}},"56":{"start":{"line":119,"column":6},"end":{"line":119,"column":27}},"57":{"start":{"line":124,"column":4},"end":{"line":124,"column":33}},"58":{"start":{"line":124,"column":25},"end":{"line":124,"column":31}},"59":{"start":{"line":128,"column":4},"end":{"line":128,"column":75}},"60":{"start":{"line":128,"column":31},"end":{"line":128,"column":49}},"61":{"start":{"line":128,"column":61},"end":{"line":128,"column":73}},"62":{"start":{"line":132,"column":4},"end":{"line":132,"column":49}},"63":{"start":{"line":132,"column":25},"end":{"line":132,"column":47}}},"fnMap":{"0":{"name":"(anonymous_0)","decl":{"start":{"line":5,"column":2},"end":{"line":5,"column":3}},"loc":{"start":{"line":5,"column":37},"end":{"line":9,"column":3}},"line":5},"1":{"name":"(anonymous_1)","decl":{"start":{"line":11,"column":2},"end":{"line":11,"column":3}},"loc":{"start":{"line":11,"column":19},"end":{"line":18,"column":3}},"line":11},"2":{"name":"(anonymous_2)","decl":{"start":{"line":20,"column":2},"end":{"line":20,"column":3}},"loc":{"start":{"line":20,"column":14},"end":{"line":23,"column":3}},"line":20},"3":{"name":"(anonymous_3)","decl":{"start":{"line":25,"column":2},"end":{"line":25,"column":3}},"loc":{"start":{"line":25,"column":20},"end":{"line":37,"column":3}},"line":25},"4":{"name":"(anonymous_4)","decl":{"start":{"line":27,"column":22},"end":{"line":27,"column":23}},"loc":{"start":{"line":27,"column":30},"end":{"line":35,"column":5}},"line":27},"5":{"name":"(anonymous_5)","decl":{"start":{"line":31,"column":20},"end":{"line":31,"column":21}},"loc":{"start":{"line":31,"column":27},"end":{"line":31,"column":53}},"line":31},"6":{"name":"(anonymous_6)","decl":{"start":{"line":39,"column":2},"end":{"line":39,"column":3}},"loc":{"start":{"line":39,"column":12},"end":{"line":47,"column":3}},"line":39},"7":{"name":"(anonymous_7)","decl":{"start":{"line":49,"column":2},"end":{"line":49,"column":3}},"loc":{"start":{"line":51,"column":5},"end":{"line":53,"column":3}},"line":51},"8":{"name":"(anonymous_8)","decl":{"start":{"line":56,"column":2},"end":{"line":56,"column":3}},"loc":{"start":{"line":56,"column":16},"end":{"line":60,"column":3}},"line":56},"9":{"name":"(anonymous_9)","decl":{"start":{"line":62,"column":2},"end":{"line":62,"column":3}},"loc":{"start":{"line":62,"column":19},"end":{"line":64,"column":3}},"line":62},"10":{"name":"(anonymous_10)","decl":{"start":{"line":66,"column":2},"end":{"line":66,"column":3}},"loc":{"start":{"line":66,"column":25},"end":{"line":81,"column":3}},"line":66},"11":{"name":"(anonymous_11)","decl":{"start":{"line":85,"column":2},"end":{"line":85,"column":3}},"loc":{"start":{"line":87,"column":5},"end":{"line":97,"column":3}},"line":87},"12":{"name":"(anonymous_12)","decl":{"start":{"line":99,"column":2},"end":{"line":99,"column":3}},"loc":{"start":{"line":99,"column":28},"end":{"line":107,"column":3}},"line":99},"13":{"name":"(anonymous_13)","decl":{"start":{"line":109,"column":2},"end":{"line":109,"column":3}},"loc":{"start":{"line":109,"column":14},"end":{"line":115,"column":3}},"line":109},"14":{"name":"(anonymous_14)","decl":{"start":{"line":117,"column":2},"end":{"line":117,"column":3}},"loc":{"start":{"line":117,"column":20},"end":{"line":121,"column":3}},"line":117},"15":{"name":"(anonymous_15)","decl":{"start":{"line":118,"column":14},"end":{"line":118,"column":15}},"loc":{"start":{"line":118,"column":22},"end":{"line":120,"column":5}},"line":118},"16":{"name":"(anonymous_16)","decl":{"start":{"line":123,"column":2},"end":{"line":123,"column":3}},"loc":{"start":{"line":123,"column":11},"end":{"line":125,"column":3}},"line":123},"17":{"name":"(anonymous_17)","decl":{"start":{"line":124,"column":19},"end":{"line":124,"column":20}},"loc":{"start":{"line":124,"column":25},"end":{"line":124,"column":31}},"line":124},"18":{"name":"(anonymous_18)","decl":{"start":{"line":127,"column":2},"end":{"line":127,"column":3}},"loc":{"start":{"line":127,"column":12},"end":{"line":129,"column":3}},"line":127},"19":{"name":"(anonymous_19)","decl":{"start":{"line":128,"column":25},"end":{"line":128,"column":26}},"loc":{"start":{"line":128,"column":31},"end":{"line":128,"column":49}},"line":128},"20":{"name":"(anonymous_20)","decl":{"start":{"line":128,"column":55},"end":{"line":128,"column":56}},"loc":{"start":{"line":128,"column":61},"end":{"line":128,"column":73}},"line":128},"21":{"name":"(anonymous_21)","decl":{"start":{"line":131,"column":2},"end":{"line":131,"column":3}},"loc":{"start":{"line":131,"column":13},"end":{"line":133,"column":3}},"line":131},"22":{"name":"(anonymous_22)","decl":{"start":{"line":132,"column":19},"end":{"line":132,"column":20}},"loc":{"start":{"line":132,"column":25},"end":{"line":132,"column":47}},"line":132}},"branchMap":{"0":{"loc":{"start":{"line":15,"column":6},"end":{"line":15,"column":43}},"type":"if","locations":[{"start":{"line":15,"column":6},"end":{"line":15,"column":43}},{"start":{"line":15,"column":6},"end":{"line":15,"column":43}}],"line":15},"1":{"loc":{"start":{"line":29,"column":6},"end":{"line":34,"column":7}},"type":"if","locations":[{"start":{"line":29,"column":6},"end":{"line":34,"column":7}},{"start":{"line":29,"column":6},"end":{"line":34,"column":7}}],"line":29},"2":{"loc":{"start":{"line":70,"column":4},"end":{"line":79,"column":5}},"type":"if","locations":[{"start":{"line":70,"column":4},"end":{"line":79,"column":5}},{"start":{"line":70,"column":4},"end":{"line":79,"column":5}}],"line":70},"3":{"loc":{"start":{"line":72,"column":6},"end":{"line":76,"column":7}},"type":"if","locations":[{"start":{"line":72,"column":6},"end":{"line":76,"column":7}},{"start":{"line":72,"column":6},"end":{"line":76,"column":7}}],"line":72},"4":{"loc":{"start":{"line":92,"column":4},"end":{"line":96,"column":5}},"type":"if","locations":[{"start":{"line":92,"column":4},"end":{"line":96,"column":5}},{"start":{"line":92,"column":4},"end":{"line":96,"column":5}}],"line":92},"5":{"loc":{"start":{"line":102,"column":6},"end":{"line":104,"column":7}},"type":"if","locations":[{"start":{"line":102,"column":6},"end":{"line":104,"column":7}},{"start":{"line":102,"column":6},"end":{"line":104,"column":7}}],"line":102},"6":{"loc":{"start":{"line":112,"column":6},"end":{"line":112,"column":39}},"type":"if","locations":[{"start":{"line":112,"column":6},"end":{"line":112,"column":39}},{"start":{"line":112,"column":6},"end":{"line":112,"column":39}}],"line":112}},"s":{"0":0,"1":0,"2":0,"3":0,"4":0,"5":0,"6":0,"7":0,"8":0,"9":0,"10":0,"11":0,"12":0,"13":0,"14":0,"15":0,"16":0,"17":0,"18":0,"19":0,"20":0,"21":0,"22":0,"23":0,"24":0,"25":0,"26":0,"27":0,"28":0,"29":0,"30":0,"31":0,"32":0,"33":0,"34":0,"35":0,"36":0,"37":0,"38":0,"39":0,"40":0,"41":0,"42":0,"43":0,"44":0,"45":0,"46":0,"47":0,"48":0,"49":0,"50":0,"51":0,"52":0,"53":0,"54":0,"55":0,"56":0,"57":0,"58":0,"59":0,"60":0,"61":0,"62":0,"63":0},"f":{"0":0,"1":0,"2":0,"3":0,"4":0,"5":0,"6":0,"7":0,"8":0,"9":0,"10":0,"11":0,"12":0,"13":0,"14":0,"15":0,"16":0,"17":0,"18":0,"19":0,"20":0,"21":0,"22":0},"b":{"0":[0,0],"1":[0,0],"2":[0,0],"3":[0,0],"4":[0,0],"5":[0,0],"6":[0,0]}},"/Users/wen/Desktop/work/vue/edit/node_modules/x-spreadsheet-master/src/core/validator.js":{"path":"/Users/wen/Desktop/work/vue/edit/node_modules/x-spreadsheet-master/src/core/validator.js","statementMap":{"0":{"start":{"line":4,"column":14},"end":{"line":7,"column":1}},"1":{"start":{"line":10,"column":16},"end":{"line":10,"column":18}},"2":{"start":{"line":11,"column":2},"end":{"line":13,"column":3}},"3":{"start":{"line":12,"column":4},"end":{"line":12,"column":45}},"4":{"start":{"line":14,"column":2},"end":{"line":14,"column":25}},"5":{"start":{"line":21,"column":4},"end":{"line":21,"column":29}},"6":{"start":{"line":22,"column":4},"end":{"line":22,"column":23}},"7":{"start":{"line":23,"column":4},"end":{"line":23,"column":21}},"8":{"start":{"line":24,"column":4},"end":{"line":24,"column":29}},"9":{"start":{"line":25,"column":4},"end":{"line":25,"column":22}},"10":{"start":{"line":29,"column":21},"end":{"line":29,"column":25}},"11":{"start":{"line":30,"column":4},"end":{"line":32,"column":5}},"12":{"start":{"line":31,"column":6},"end":{"line":31,"column":25}},"13":{"start":{"line":33,"column":4},"end":{"line":35,"column":5}},"14":{"start":{"line":34,"column":6},"end":{"line":34,"column":23}},"15":{"start":{"line":36,"column":4},"end":{"line":36,"column":13}},"16":{"start":{"line":40,"column":15},"end":{"line":42,"column":41}},"17":{"start":{"line":43,"column":4},"end":{"line":49,"column":5}},"18":{"start":{"line":44,"column":6},"end":{"line":48,"column":7}},"19":{"start":{"line":45,"column":8},"end":{"line":45,"column":59}},"20":{"start":{"line":47,"column":8},"end":{"line":47,"column":42}},"21":{"start":{"line":50,"column":4},"end":{"line":50,"column":16}},"22":{"start":{"line":54,"column":4},"end":{"line":54,"column":33}},"23":{"start":{"line":60,"column":8},"end":{"line":60,"column":12}},"24":{"start":{"line":61,"column":4},"end":{"line":63,"column":5}},"25":{"start":{"line":62,"column":6},"end":{"line":62,"column":46}},"26":{"start":{"line":64,"column":4},"end":{"line":64,"column":39}},"27":{"start":{"line":64,"column":25},"end":{"line":64,"column":39}},"28":{"start":{"line":65,"column":4},"end":{"line":67,"column":5}},"29":{"start":{"line":66,"column":6},"end":{"line":66,"column":46}},"30":{"start":{"line":68,"column":4},"end":{"line":70,"column":5}},"31":{"start":{"line":69,"column":6},"end":{"line":69,"column":63}},"32":{"start":{"line":71,"column":4},"end":{"line":133,"column":5}},"33":{"start":{"line":72,"column":17},"end":{"line":72,"column":35}},"34":{"start":{"line":73,"column":6},"end":{"line":81,"column":7}},"35":{"start":{"line":74,"column":27},"end":{"line":74,"column":32}},"36":{"start":{"line":75,"column":8},"end":{"line":80,"column":10}},"37":{"start":{"line":82,"column":6},"end":{"line":90,"column":7}},"38":{"start":{"line":83,"column":27},"end":{"line":83,"column":32}},"39":{"start":{"line":84,"column":8},"end":{"line":89,"column":10}},"40":{"start":{"line":91,"column":6},"end":{"line":97,"column":7}},"41":{"start":{"line":92,"column":8},"end":{"line":96,"column":10}},"42":{"start":{"line":98,"column":6},"end":{"line":104,"column":7}},"43":{"start":{"line":99,"column":8},"end":{"line":103,"column":10}},"44":{"start":{"line":105,"column":6},"end":{"line":111,"column":7}},"45":{"start":{"line":106,"column":8},"end":{"line":110,"column":10}},"46":{"start":{"line":112,"column":6},"end":{"line":118,"column":7}},"47":{"start":{"line":113,"column":8},"end":{"line":117,"column":10}},"48":{"start":{"line":119,"column":6},"end":{"line":125,"column":7}},"49":{"start":{"line":120,"column":8},"end":{"line":124,"column":10}},"50":{"start":{"line":126,"column":6},"end":{"line":132,"column":7}},"51":{"start":{"line":127,"column":8},"end":{"line":131,"column":10}},"52":{"start":{"line":134,"column":4},"end":{"line":134,"column":18}}},"fnMap":{"0":{"name":"returnMessage","decl":{"start":{"line":9,"column":9},"end":{"line":9,"column":22}},"loc":{"start":{"line":9,"column":42},"end":{"line":15,"column":1}},"line":9},"1":{"name":"(anonymous_1)","decl":{"start":{"line":20,"column":2},"end":{"line":20,"column":3}},"loc":{"start":{"line":20,"column":47},"end":{"line":26,"column":3}},"line":20},"2":{"name":"(anonymous_2)","decl":{"start":{"line":28,"column":2},"end":{"line":28,"column":3}},"loc":{"start":{"line":28,"column":16},"end":{"line":37,"column":3}},"line":28},"3":{"name":"(anonymous_3)","decl":{"start":{"line":39,"column":2},"end":{"line":39,"column":3}},"loc":{"start":{"line":39,"column":16},"end":{"line":51,"column":3}},"line":39},"4":{"name":"(anonymous_4)","decl":{"start":{"line":53,"column":2},"end":{"line":53,"column":3}},"loc":{"start":{"line":53,"column":11},"end":{"line":55,"column":3}},"line":53},"5":{"name":"(anonymous_5)","decl":{"start":{"line":57,"column":2},"end":{"line":57,"column":3}},"loc":{"start":{"line":57,"column":14},"end":{"line":135,"column":3}},"line":57}},"branchMap":{"0":{"loc":{"start":{"line":11,"column":2},"end":{"line":13,"column":3}},"type":"if","locations":[{"start":{"line":11,"column":2},"end":{"line":13,"column":3}},{"start":{"line":11,"column":2},"end":{"line":13,"column":3}}],"line":11},"1":{"loc":{"start":{"line":30,"column":4},"end":{"line":32,"column":5}},"type":"if","locations":[{"start":{"line":30,"column":4},"end":{"line":32,"column":5}},{"start":{"line":30,"column":4},"end":{"line":32,"column":5}}],"line":30},"2":{"loc":{"start":{"line":33,"column":4},"end":{"line":35,"column":5}},"type":"if","locations":[{"start":{"line":33,"column":4},"end":{"line":35,"column":5}},{"start":{"line":33,"column":4},"end":{"line":35,"column":5}}],"line":33},"3":{"loc":{"start":{"line":40,"column":15},"end":{"line":42,"column":41}},"type":"binary-expr","locations":[{"start":{"line":40,"column":15},"end":{"line":40,"column":39}},{"start":{"line":41,"column":9},"end":{"line":41,"column":41}},{"start":{"line":42,"column":9},"end":{"line":42,"column":41}}],"line":40},"4":{"loc":{"start":{"line":43,"column":4},"end":{"line":49,"column":5}},"type":"if","locations":[{"start":{"line":43,"column":4},"end":{"line":49,"column":5}},{"start":{"line":43,"column":4},"end":{"line":49,"column":5}}],"line":43},"5":{"loc":{"start":{"line":44,"column":6},"end":{"line":48,"column":7}},"type":"if","locations":[{"start":{"line":44,"column":6},"end":{"line":48,"column":7}},{"start":{"line":44,"column":6},"end":{"line":48,"column":7}}],"line":44},"6":{"loc":{"start":{"line":61,"column":4},"end":{"line":63,"column":5}},"type":"if","locations":[{"start":{"line":61,"column":4},"end":{"line":63,"column":5}},{"start":{"line":61,"column":4},"end":{"line":63,"column":5}}],"line":61},"7":{"loc":{"start":{"line":61,"column":8},"end":{"line":61,"column":35}},"type":"binary-expr","locations":[{"start":{"line":61,"column":8},"end":{"line":61,"column":16}},{"start":{"line":61,"column":20},"end":{"line":61,"column":35}}],"line":61},"8":{"loc":{"start":{"line":64,"column":4},"end":{"line":64,"column":39}},"type":"if","locations":[{"start":{"line":64,"column":4},"end":{"line":64,"column":39}},{"start":{"line":64,"column":4},"end":{"line":64,"column":39}}],"line":64},"9":{"loc":{"start":{"line":65,"column":4},"end":{"line":67,"column":5}},"type":"if","locations":[{"start":{"line":65,"column":4},"end":{"line":67,"column":5}},{"start":{"line":65,"column":4},"end":{"line":67,"column":5}}],"line":65},"10":{"loc":{"start":{"line":65,"column":8},"end":{"line":65,"column":43}},"type":"binary-expr","locations":[{"start":{"line":65,"column":8},"end":{"line":65,"column":19}},{"start":{"line":65,"column":23},"end":{"line":65,"column":43}}],"line":65},"11":{"loc":{"start":{"line":68,"column":4},"end":{"line":70,"column":5}},"type":"if","locations":[{"start":{"line":68,"column":4},"end":{"line":70,"column":5}},{"start":{"line":68,"column":4},"end":{"line":70,"column":5}}],"line":68},"12":{"loc":{"start":{"line":71,"column":4},"end":{"line":133,"column":5}},"type":"if","locations":[{"start":{"line":71,"column":4},"end":{"line":133,"column":5}},{"start":{"line":71,"column":4},"end":{"line":133,"column":5}}],"line":71},"13":{"loc":{"start":{"line":73,"column":6},"end":{"line":81,"column":7}},"type":"if","locations":[{"start":{"line":73,"column":6},"end":{"line":81,"column":7}},{"start":{"line":73,"column":6},"end":{"line":81,"column":7}}],"line":73},"14":{"loc":{"start":{"line":76,"column":10},"end":{"line":76,"column":66}},"type":"binary-expr","locations":[{"start":{"line":76,"column":10},"end":{"line":76,"column":36}},{"start":{"line":76,"column":40},"end":{"line":76,"column":66}}],"line":76},"15":{"loc":{"start":{"line":82,"column":6},"end":{"line":90,"column":7}},"type":"if","locations":[{"start":{"line":82,"column":6},"end":{"line":90,"column":7}},{"start":{"line":82,"column":6},"end":{"line":90,"column":7}}],"line":82},"16":{"loc":{"start":{"line":85,"column":10},"end":{"line":85,"column":64}},"type":"binary-expr","locations":[{"start":{"line":85,"column":10},"end":{"line":85,"column":35}},{"start":{"line":85,"column":39},"end":{"line":85,"column":64}}],"line":85},"17":{"loc":{"start":{"line":91,"column":6},"end":{"line":97,"column":7}},"type":"if","locations":[{"start":{"line":91,"column":6},"end":{"line":97,"column":7}},{"start":{"line":91,"column":6},"end":{"line":97,"column":7}}],"line":91},"18":{"loc":{"start":{"line":98,"column":6},"end":{"line":104,"column":7}},"type":"if","locations":[{"start":{"line":98,"column":6},"end":{"line":104,"column":7}},{"start":{"line":98,"column":6},"end":{"line":104,"column":7}}],"line":98},"19":{"loc":{"start":{"line":105,"column":6},"end":{"line":111,"column":7}},"type":"if","locations":[{"start":{"line":105,"column":6},"end":{"line":111,"column":7}},{"start":{"line":105,"column":6},"end":{"line":111,"column":7}}],"line":105},"20":{"loc":{"start":{"line":112,"column":6},"end":{"line":118,"column":7}},"type":"if","locations":[{"start":{"line":112,"column":6},"end":{"line":118,"column":7}},{"start":{"line":112,"column":6},"end":{"line":118,"column":7}}],"line":112},"21":{"loc":{"start":{"line":119,"column":6},"end":{"line":125,"column":7}},"type":"if","locations":[{"start":{"line":119,"column":6},"end":{"line":125,"column":7}},{"start":{"line":119,"column":6},"end":{"line":125,"column":7}}],"line":119},"22":{"loc":{"start":{"line":126,"column":6},"end":{"line":132,"column":7}},"type":"if","locations":[{"start":{"line":126,"column":6},"end":{"line":132,"column":7}},{"start":{"line":126,"column":6},"end":{"line":132,"column":7}}],"line":126}},"s":{"0":0,"1":0,"2":0,"3":0,"4":0,"5":0,"6":0,"7":0,"8":0,"9":0,"10":0,"11":0,"12":0,"13":0,"14":0,"15":0,"16":0,"17":0,"18":0,"19":0,"20":0,"21":0,"22":0,"23":0,"24":0,"25":0,"26":0,"27":0,"28":0,"29":0,"30":0,"31":0,"32":0,"33":0,"34":0,"35":0,"36":0,"37":0,"38":0,"39":0,"40":0,"41":0,"42":0,"43":0,"44":0,"45":0,"46":0,"47":0,"48":0,"49":0,"50":0,"51":0,"52":0},"f":{"0":0,"1":0,"2":0,"3":0,"4":0,"5":0},"b":{"0":[0,0],"1":[0,0],"2":[0,0],"3":[0,0,0],"4":[0,0],"5":[0,0],"6":[0,0],"7":[0,0],"8":[0,0],"9":[0,0],"10":[0,0],"11":[0,0],"12":[0,0],"13":[0,0],"14":[0,0],"15":[0,0],"16":[0,0],"17":[0,0],"18":[0,0],"19":[0,0],"20":[0,0],"21":[0,0],"22":[0,0]}}}